Loading Datastore...
 * Serving Flask app 'server' (lazy loading)
 * Environment: production
   WARNING: This is a development server. Do not use it in a production deployment.
   Use a production WSGI server instead.
 * Debug mode: off
 * Running on http://127.0.0.1:6080/ (Press CTRL+C to quit)
127.0.0.1 - - [25/Oct/2021 14:47:20] "DELETE /clear/v1 HTTP/1.1" 200 -
127.0.0.1 - - [25/Oct/2021 14:47:20] "POST /auth/register/v2 HTTP/1.1" 200 -
127.0.0.1 - - [25/Oct/2021 14:47:20] "GET /user/profile/v1?token=eyJ0eXAiOiJKV1QiLCJhbGciOiJIUzI1NiJ9.eyJ1c2VyX2lkIjowLCJzZXNzaW9uX2lkIjoxfQ.WpX1_pFyFCRdZx5hWGJ6AbAXuQR6jvGb4DrsBLENmxo&u_id=0 HTTP/1.1" 200 -
127.0.0.1 - - [25/Oct/2021 14:47:20] "POST /auth/register/v2 HTTP/1.1" 200 -
127.0.0.1 - - [25/Oct/2021 14:47:20] "GET /user/profile/v1?token=eyJ0eXAiOiJKV1QiLCJhbGciOiJIUzI1NiJ9.eyJ1c2VyX2lkIjoxLCJzZXNzaW9uX2lkIjoyfQ.3IlFnyZjb8U5WB33OVJzvu7OYzdYAKPqvmD_oI9z8So&u_id=1 HTTP/1.1" 200 -
127.0.0.1 - - [25/Oct/2021 14:47:20] "POST /channels/create/v2 HTTP/1.1" 200 -
127.0.0.1 - - [25/Oct/2021 14:47:20] "DELETE /admin/user/remove/v1 HTTP/1.1" 200 -
127.0.0.1 - - [25/Oct/2021 14:47:20] "POST /auth/logout/v1 HTTP/1.1" 200 -
127.0.0.1 - - [25/Oct/2021 14:47:21] "DELETE /clear/v1 HTTP/1.1" 200 -
127.0.0.1 - - [25/Oct/2021 14:47:21] "POST /auth/register/v2 HTTP/1.1" 200 -
127.0.0.1 - - [25/Oct/2021 14:47:21] "GET /user/profile/v1?token=eyJ0eXAiOiJKV1QiLCJhbGciOiJIUzI1NiJ9.eyJ1c2VyX2lkIjowLCJzZXNzaW9uX2lkIjoxfQ.WpX1_pFyFCRdZx5hWGJ6AbAXuQR6jvGb4DrsBLENmxo&u_id=0 HTTP/1.1" 200 -
127.0.0.1 - - [25/Oct/2021 14:47:21] "POST /auth/register/v2 HTTP/1.1" 200 -
127.0.0.1 - - [25/Oct/2021 14:47:21] "GET /user/profile/v1?token=eyJ0eXAiOiJKV1QiLCJhbGciOiJIUzI1NiJ9.eyJ1c2VyX2lkIjoxLCJzZXNzaW9uX2lkIjoyfQ.3IlFnyZjb8U5WB33OVJzvu7OYzdYAKPqvmD_oI9z8So&u_id=1 HTTP/1.1" 200 -
127.0.0.1 - - [25/Oct/2021 14:47:21] "POST /channels/create/v2 HTTP/1.1" 200 -
127.0.0.1 - - [25/Oct/2021 14:47:21] "POST /channel/join/v2 HTTP/1.1" 200 -
127.0.0.1 - - [25/Oct/2021 14:47:21] "POST /message/send/v1 HTTP/1.1" 200 -
127.0.0.1 - - [25/Oct/2021 14:47:21] "DELETE /admin/user/remove/v1 HTTP/1.1" 200 -
127.0.0.1 - - [25/Oct/2021 14:47:21] "GET /channel/messages/v2?token=eyJ0eXAiOiJKV1QiLCJhbGciOiJIUzI1NiJ9.eyJ1c2VyX2lkIjowLCJzZXNzaW9uX2lkIjoxfQ.WpX1_pFyFCRdZx5hWGJ6AbAXuQR6jvGb4DrsBLENmxo&channel_id=0&start=0 HTTP/1.1" 200 -
127.0.0.1 - - [25/Oct/2021 14:47:21] "DELETE /clear/v1 HTTP/1.1" 200 -
127.0.0.1 - - [25/Oct/2021 14:47:21] "POST /auth/register/v2 HTTP/1.1" 200 -
127.0.0.1 - - [25/Oct/2021 14:47:21] "GET /user/profile/v1?token=eyJ0eXAiOiJKV1QiLCJhbGciOiJIUzI1NiJ9.eyJ1c2VyX2lkIjowLCJzZXNzaW9uX2lkIjoxfQ.WpX1_pFyFCRdZx5hWGJ6AbAXuQR6jvGb4DrsBLENmxo&u_id=0 HTTP/1.1" 200 -
127.0.0.1 - - [25/Oct/2021 14:47:21] "POST /auth/register/v2 HTTP/1.1" 200 -
127.0.0.1 - - [25/Oct/2021 14:47:21] "GET /user/profile/v1?token=eyJ0eXAiOiJKV1QiLCJhbGciOiJIUzI1NiJ9.eyJ1c2VyX2lkIjoxLCJzZXNzaW9uX2lkIjoyfQ.3IlFnyZjb8U5WB33OVJzvu7OYzdYAKPqvmD_oI9z8So&u_id=1 HTTP/1.1" 200 -
127.0.0.1 - - [25/Oct/2021 14:47:21] "DELETE /admin/user/remove/v1 HTTP/1.1" 200 -
127.0.0.1 - - [25/Oct/2021 14:47:21] "GET /user/profile/v1?token=eyJ0eXAiOiJKV1QiLCJhbGciOiJIUzI1NiJ9.eyJ1c2VyX2lkIjowLCJzZXNzaW9uX2lkIjoxfQ.WpX1_pFyFCRdZx5hWGJ6AbAXuQR6jvGb4DrsBLENmxo&u_id=1 HTTP/1.1" 200 -
127.0.0.1 - - [25/Oct/2021 14:47:21] "DELETE /clear/v1 HTTP/1.1" 200 -
127.0.0.1 - - [25/Oct/2021 14:47:21] "POST /auth/register/v2 HTTP/1.1" 200 -
127.0.0.1 - - [25/Oct/2021 14:47:21] "GET /user/profile/v1?token=eyJ0eXAiOiJKV1QiLCJhbGciOiJIUzI1NiJ9.eyJ1c2VyX2lkIjowLCJzZXNzaW9uX2lkIjoxfQ.WpX1_pFyFCRdZx5hWGJ6AbAXuQR6jvGb4DrsBLENmxo&u_id=0 HTTP/1.1" 200 -
127.0.0.1 - - [25/Oct/2021 14:47:21] "POST /auth/register/v2 HTTP/1.1" 200 -
127.0.0.1 - - [25/Oct/2021 14:47:21] "GET /user/profile/v1?token=eyJ0eXAiOiJKV1QiLCJhbGciOiJIUzI1NiJ9.eyJ1c2VyX2lkIjoxLCJzZXNzaW9uX2lkIjoyfQ.3IlFnyZjb8U5WB33OVJzvu7OYzdYAKPqvmD_oI9z8So&u_id=1 HTTP/1.1" 200 -
127.0.0.1 - - [25/Oct/2021 14:47:21] "POST /channels/create/v2 HTTP/1.1" 200 -
127.0.0.1 - - [25/Oct/2021 14:47:21] "POST /channel/join/v2 HTTP/1.1" 200 -
127.0.0.1 - - [25/Oct/2021 14:47:21] "DELETE /admin/user/remove/v1 HTTP/1.1" 200 -
127.0.0.1 - - [25/Oct/2021 14:47:21] "GET /channel/details/v2?token=eyJ0eXAiOiJKV1QiLCJhbGciOiJIUzI1NiJ9.eyJ1c2VyX2lkIjowLCJzZXNzaW9uX2lkIjoxfQ.WpX1_pFyFCRdZx5hWGJ6AbAXuQR6jvGb4DrsBLENmxo&channel_id=0 HTTP/1.1" 200 -
127.0.0.1 - - [25/Oct/2021 14:47:21] "DELETE /clear/v1 HTTP/1.1" 200 -
127.0.0.1 - - [25/Oct/2021 14:47:21] "POST /auth/register/v2 HTTP/1.1" 200 -
127.0.0.1 - - [25/Oct/2021 14:47:21] "GET /user/profile/v1?token=eyJ0eXAiOiJKV1QiLCJhbGciOiJIUzI1NiJ9.eyJ1c2VyX2lkIjowLCJzZXNzaW9uX2lkIjoxfQ.WpX1_pFyFCRdZx5hWGJ6AbAXuQR6jvGb4DrsBLENmxo&u_id=0 HTTP/1.1" 200 -
127.0.0.1 - - [25/Oct/2021 14:47:21] "POST /auth/register/v2 HTTP/1.1" 200 -
127.0.0.1 - - [25/Oct/2021 14:47:21] "GET /user/profile/v1?token=eyJ0eXAiOiJKV1QiLCJhbGciOiJIUzI1NiJ9.eyJ1c2VyX2lkIjoxLCJzZXNzaW9uX2lkIjoyfQ.3IlFnyZjb8U5WB33OVJzvu7OYzdYAKPqvmD_oI9z8So&u_id=1 HTTP/1.1" 200 -
127.0.0.1 - - [25/Oct/2021 14:47:21] "POST /dm/create/v1 HTTP/1.1" 200 -
127.0.0.1 - - [25/Oct/2021 14:47:21] "GET /dm/details/v1?token=eyJ0eXAiOiJKV1QiLCJhbGciOiJIUzI1NiJ9.eyJ1c2VyX2lkIjowLCJzZXNzaW9uX2lkIjoxfQ.WpX1_pFyFCRdZx5hWGJ6AbAXuQR6jvGb4DrsBLENmxo&dm_id=0 HTTP/1.1" 200 -
127.0.0.1 - - [25/Oct/2021 14:47:21] "DELETE /admin/user/remove/v1 HTTP/1.1" 200 -
127.0.0.1 - - [25/Oct/2021 14:47:21] "GET /dm/details/v1?token=eyJ0eXAiOiJKV1QiLCJhbGciOiJIUzI1NiJ9.eyJ1c2VyX2lkIjowLCJzZXNzaW9uX2lkIjoxfQ.WpX1_pFyFCRdZx5hWGJ6AbAXuQR6jvGb4DrsBLENmxo&dm_id=0 HTTP/1.1" 200 -
127.0.0.1 - - [25/Oct/2021 14:47:21] "DELETE /clear/v1 HTTP/1.1" 200 -
127.0.0.1 - - [25/Oct/2021 14:47:21] "POST /auth/register/v2 HTTP/1.1" 200 -
127.0.0.1 - - [25/Oct/2021 14:47:21] "GET /user/profile/v1?token=eyJ0eXAiOiJKV1QiLCJhbGciOiJIUzI1NiJ9.eyJ1c2VyX2lkIjowLCJzZXNzaW9uX2lkIjoxfQ.WpX1_pFyFCRdZx5hWGJ6AbAXuQR6jvGb4DrsBLENmxo&u_id=0 HTTP/1.1" 200 -
127.0.0.1 - - [25/Oct/2021 14:47:21] "POST /auth/register/v2 HTTP/1.1" 200 -
127.0.0.1 - - [25/Oct/2021 14:47:21] "GET /user/profile/v1?token=eyJ0eXAiOiJKV1QiLCJhbGciOiJIUzI1NiJ9.eyJ1c2VyX2lkIjoxLCJzZXNzaW9uX2lkIjoyfQ.3IlFnyZjb8U5WB33OVJzvu7OYzdYAKPqvmD_oI9z8So&u_id=1 HTTP/1.1" 200 -
127.0.0.1 - - [25/Oct/2021 14:47:21] "DELETE /admin/user/remove/v1 HTTP/1.1" 200 -
127.0.0.1 - - [25/Oct/2021 14:47:21] "GET /users/all/v1?token=eyJ0eXAiOiJKV1QiLCJhbGciOiJIUzI1NiJ9.eyJ1c2VyX2lkIjowLCJzZXNzaW9uX2lkIjoxfQ.WpX1_pFyFCRdZx5hWGJ6AbAXuQR6jvGb4DrsBLENmxo HTTP/1.1" 200 -
127.0.0.1 - - [25/Oct/2021 14:47:21] "DELETE /clear/v1 HTTP/1.1" 200 -
127.0.0.1 - - [25/Oct/2021 14:47:21] "POST /auth/register/v2 HTTP/1.1" 200 -
127.0.0.1 - - [25/Oct/2021 14:47:21] "GET /user/profile/v1?token=eyJ0eXAiOiJKV1QiLCJhbGciOiJIUzI1NiJ9.eyJ1c2VyX2lkIjowLCJzZXNzaW9uX2lkIjoxfQ.WpX1_pFyFCRdZx5hWGJ6AbAXuQR6jvGb4DrsBLENmxo&u_id=0 HTTP/1.1" 200 -
127.0.0.1 - - [25/Oct/2021 14:47:21] "POST /auth/register/v2 HTTP/1.1" 200 -
127.0.0.1 - - [25/Oct/2021 14:47:21] "GET /user/profile/v1?token=eyJ0eXAiOiJKV1QiLCJhbGciOiJIUzI1NiJ9.eyJ1c2VyX2lkIjoxLCJzZXNzaW9uX2lkIjoyfQ.3IlFnyZjb8U5WB33OVJzvu7OYzdYAKPqvmD_oI9z8So&u_id=1 HTTP/1.1" 200 -
127.0.0.1 - - [25/Oct/2021 14:47:21] "DELETE /admin/user/remove/v1 HTTP/1.1" 200 -
127.0.0.1 - - [25/Oct/2021 14:47:21] "POST /auth/register/v2 HTTP/1.1" 200 -
127.0.0.1 - - [25/Oct/2021 14:47:21] "DELETE /clear/v1 HTTP/1.1" 200 -
127.0.0.1 - - [25/Oct/2021 14:47:21] "POST /auth/register/v2 HTTP/1.1" 200 -
127.0.0.1 - - [25/Oct/2021 14:47:21] "GET /user/profile/v1?token=eyJ0eXAiOiJKV1QiLCJhbGciOiJIUzI1NiJ9.eyJ1c2VyX2lkIjowLCJzZXNzaW9uX2lkIjoxfQ.WpX1_pFyFCRdZx5hWGJ6AbAXuQR6jvGb4DrsBLENmxo&u_id=0 HTTP/1.1" 200 -
127.0.0.1 - - [25/Oct/2021 14:47:21] "POST /auth/register/v2 HTTP/1.1" 200 -
127.0.0.1 - - [25/Oct/2021 14:47:21] "GET /user/profile/v1?token=eyJ0eXAiOiJKV1QiLCJhbGciOiJIUzI1NiJ9.eyJ1c2VyX2lkIjoxLCJzZXNzaW9uX2lkIjoyfQ.3IlFnyZjb8U5WB33OVJzvu7OYzdYAKPqvmD_oI9z8So&u_id=1 HTTP/1.1" 200 -
127.0.0.1 - - [25/Oct/2021 14:47:21] "DELETE /admin/user/remove/v1 HTTP/1.1" 200 -
127.0.0.1 - - [25/Oct/2021 14:47:21] "POST /auth/register/v2 HTTP/1.1" 200 -
127.0.0.1 - - [25/Oct/2021 14:47:21] "GET /user/profile/v1?token=eyJ0eXAiOiJKV1QiLCJhbGciOiJIUzI1NiJ9.eyJ1c2VyX2lkIjoyLCJzZXNzaW9uX2lkIjozfQ.2mMC9Y48syJFgW_SZTS9aMPihEm3QxJA0QuKCrfCwhY&u_id=2 HTTP/1.1" 200 -
127.0.0.1 - - [25/Oct/2021 14:47:21] "DELETE /clear/v1 HTTP/1.1" 200 -
127.0.0.1 - - [25/Oct/2021 14:47:21] "POST /auth/register/v2 HTTP/1.1" 200 -
127.0.0.1 - - [25/Oct/2021 14:47:21] "GET /user/profile/v1?token=eyJ0eXAiOiJKV1QiLCJhbGciOiJIUzI1NiJ9.eyJ1c2VyX2lkIjowLCJzZXNzaW9uX2lkIjoxfQ.WpX1_pFyFCRdZx5hWGJ6AbAXuQR6jvGb4DrsBLENmxo&u_id=0 HTTP/1.1" 200 -
127.0.0.1 - - [25/Oct/2021 14:47:21] "DELETE /admin/user/remove/v1 HTTP/1.1" 400 -
127.0.0.1 - - [25/Oct/2021 14:47:21] "DELETE /clear/v1 HTTP/1.1" 200 -
127.0.0.1 - - [25/Oct/2021 14:47:21] "POST /auth/register/v2 HTTP/1.1" 200 -
127.0.0.1 - - [25/Oct/2021 14:47:21] "GET /user/profile/v1?token=eyJ0eXAiOiJKV1QiLCJhbGciOiJIUzI1NiJ9.eyJ1c2VyX2lkIjowLCJzZXNzaW9uX2lkIjoxfQ.WpX1_pFyFCRdZx5hWGJ6AbAXuQR6jvGb4DrsBLENmxo&u_id=0 HTTP/1.1" 200 -
127.0.0.1 - - [25/Oct/2021 14:47:21] "DELETE /admin/user/remove/v1 HTTP/1.1" 400 -
127.0.0.1 - - [25/Oct/2021 14:47:21] "DELETE /clear/v1 HTTP/1.1" 200 -
127.0.0.1 - - [25/Oct/2021 14:47:21] "POST /auth/register/v2 HTTP/1.1" 200 -
127.0.0.1 - - [25/Oct/2021 14:47:21] "GET /user/profile/v1?token=eyJ0eXAiOiJKV1QiLCJhbGciOiJIUzI1NiJ9.eyJ1c2VyX2lkIjowLCJzZXNzaW9uX2lkIjoxfQ.WpX1_pFyFCRdZx5hWGJ6AbAXuQR6jvGb4DrsBLENmxo&u_id=0 HTTP/1.1" 200 -
127.0.0.1 - - [25/Oct/2021 14:47:21] "POST /auth/register/v2 HTTP/1.1" 200 -
127.0.0.1 - - [25/Oct/2021 14:47:21] "GET /user/profile/v1?token=eyJ0eXAiOiJKV1QiLCJhbGciOiJIUzI1NiJ9.eyJ1c2VyX2lkIjoxLCJzZXNzaW9uX2lkIjoyfQ.3IlFnyZjb8U5WB33OVJzvu7OYzdYAKPqvmD_oI9z8So&u_id=1 HTTP/1.1" 200 -
127.0.0.1 - - [25/Oct/2021 14:47:21] "DELETE /admin/user/remove/v1 HTTP/1.1" 403 -
127.0.0.1 - - [25/Oct/2021 14:47:21] "DELETE /clear/v1 HTTP/1.1" 200 -
127.0.0.1 - - [25/Oct/2021 14:47:21] "POST /auth/register/v2 HTTP/1.1" 200 -
127.0.0.1 - - [25/Oct/2021 14:47:21] "GET /user/profile/v1?token=eyJ0eXAiOiJKV1QiLCJhbGciOiJIUzI1NiJ9.eyJ1c2VyX2lkIjowLCJzZXNzaW9uX2lkIjoxfQ.WpX1_pFyFCRdZx5hWGJ6AbAXuQR6jvGb4DrsBLENmxo&u_id=0 HTTP/1.1" 200 -
127.0.0.1 - - [25/Oct/2021 14:47:21] "POST /auth/register/v2 HTTP/1.1" 200 -
127.0.0.1 - - [25/Oct/2021 14:47:21] "GET /user/profile/v1?token=eyJ0eXAiOiJKV1QiLCJhbGciOiJIUzI1NiJ9.eyJ1c2VyX2lkIjoxLCJzZXNzaW9uX2lkIjoyfQ.3IlFnyZjb8U5WB33OVJzvu7OYzdYAKPqvmD_oI9z8So&u_id=1 HTTP/1.1" 200 -
127.0.0.1 - - [25/Oct/2021 14:47:21] "POST /auth/logout/v1 HTTP/1.1" 200 -
127.0.0.1 - - [25/Oct/2021 14:47:21] "DELETE /admin/user/remove/v1 HTTP/1.1" 403 -
127.0.0.1 - - [25/Oct/2021 14:47:21] "DELETE /clear/v1 HTTP/1.1" 200 -
127.0.0.1 - - [25/Oct/2021 14:47:21] "POST /auth/register/v2 HTTP/1.1" 200 -
127.0.0.1 - - [25/Oct/2021 14:47:21] "GET /user/profile/v1?token=eyJ0eXAiOiJKV1QiLCJhbGciOiJIUzI1NiJ9.eyJ1c2VyX2lkIjowLCJzZXNzaW9uX2lkIjoxfQ.WpX1_pFyFCRdZx5hWGJ6AbAXuQR6jvGb4DrsBLENmxo&u_id=0 HTTP/1.1" 200 -
127.0.0.1 - - [25/Oct/2021 14:47:21] "POST /auth/register/v2 HTTP/1.1" 200 -
127.0.0.1 - - [25/Oct/2021 14:47:21] "GET /user/profile/v1?token=eyJ0eXAiOiJKV1QiLCJhbGciOiJIUzI1NiJ9.eyJ1c2VyX2lkIjoxLCJzZXNzaW9uX2lkIjoyfQ.3IlFnyZjb8U5WB33OVJzvu7OYzdYAKPqvmD_oI9z8So&u_id=1 HTTP/1.1" 200 -
127.0.0.1 - - [25/Oct/2021 14:47:21] "POST /admin/userpermission/change/v1 HTTP/1.1" 200 -
127.0.0.1 - - [25/Oct/2021 14:47:21] "POST /admin/userpermission/change/v1 HTTP/1.1" 200 -
127.0.0.1 - - [25/Oct/2021 14:47:21] "DELETE /clear/v1 HTTP/1.1" 200 -
127.0.0.1 - - [25/Oct/2021 14:47:21] "POST /auth/register/v2 HTTP/1.1" 200 -
127.0.0.1 - - [25/Oct/2021 14:47:21] "GET /user/profile/v1?token=eyJ0eXAiOiJKV1QiLCJhbGciOiJIUzI1NiJ9.eyJ1c2VyX2lkIjowLCJzZXNzaW9uX2lkIjoxfQ.WpX1_pFyFCRdZx5hWGJ6AbAXuQR6jvGb4DrsBLENmxo&u_id=0 HTTP/1.1" 200 -
127.0.0.1 - - [25/Oct/2021 14:47:21] "POST /admin/userpermission/change/v1 HTTP/1.1" 400 -
127.0.0.1 - - [25/Oct/2021 14:47:21] "DELETE /clear/v1 HTTP/1.1" 200 -
127.0.0.1 - - [25/Oct/2021 14:47:22] "POST /auth/register/v2 HTTP/1.1" 200 -
127.0.0.1 - - [25/Oct/2021 14:47:22] "GET /user/profile/v1?token=eyJ0eXAiOiJKV1QiLCJhbGciOiJIUzI1NiJ9.eyJ1c2VyX2lkIjowLCJzZXNzaW9uX2lkIjoxfQ.WpX1_pFyFCRdZx5hWGJ6AbAXuQR6jvGb4DrsBLENmxo&u_id=0 HTTP/1.1" 200 -
127.0.0.1 - - [25/Oct/2021 14:47:22] "POST /auth/register/v2 HTTP/1.1" 200 -
127.0.0.1 - - [25/Oct/2021 14:47:22] "GET /user/profile/v1?token=eyJ0eXAiOiJKV1QiLCJhbGciOiJIUzI1NiJ9.eyJ1c2VyX2lkIjoxLCJzZXNzaW9uX2lkIjoyfQ.3IlFnyZjb8U5WB33OVJzvu7OYzdYAKPqvmD_oI9z8So&u_id=1 HTTP/1.1" 200 -
127.0.0.1 - - [25/Oct/2021 14:47:22] "POST /admin/userpermission/change/v1 HTTP/1.1" 400 -
127.0.0.1 - - [25/Oct/2021 14:47:22] "DELETE /clear/v1 HTTP/1.1" 200 -
127.0.0.1 - - [25/Oct/2021 14:47:22] "POST /auth/register/v2 HTTP/1.1" 200 -
127.0.0.1 - - [25/Oct/2021 14:47:22] "GET /user/profile/v1?token=eyJ0eXAiOiJKV1QiLCJhbGciOiJIUzI1NiJ9.eyJ1c2VyX2lkIjowLCJzZXNzaW9uX2lkIjoxfQ.WpX1_pFyFCRdZx5hWGJ6AbAXuQR6jvGb4DrsBLENmxo&u_id=0 HTTP/1.1" 200 -
127.0.0.1 - - [25/Oct/2021 14:47:22] "POST /admin/userpermission/change/v1 HTTP/1.1" 400 -
127.0.0.1 - - [25/Oct/2021 14:47:22] "DELETE /clear/v1 HTTP/1.1" 200 -
127.0.0.1 - - [25/Oct/2021 14:47:22] "POST /auth/register/v2 HTTP/1.1" 200 -
127.0.0.1 - - [25/Oct/2021 14:47:22] "GET /user/profile/v1?token=eyJ0eXAiOiJKV1QiLCJhbGciOiJIUzI1NiJ9.eyJ1c2VyX2lkIjowLCJzZXNzaW9uX2lkIjoxfQ.WpX1_pFyFCRdZx5hWGJ6AbAXuQR6jvGb4DrsBLENmxo&u_id=0 HTTP/1.1" 200 -
127.0.0.1 - - [25/Oct/2021 14:47:22] "POST /auth/register/v2 HTTP/1.1" 200 -
127.0.0.1 - - [25/Oct/2021 14:47:22] "GET /user/profile/v1?token=eyJ0eXAiOiJKV1QiLCJhbGciOiJIUzI1NiJ9.eyJ1c2VyX2lkIjoxLCJzZXNzaW9uX2lkIjoyfQ.3IlFnyZjb8U5WB33OVJzvu7OYzdYAKPqvmD_oI9z8So&u_id=1 HTTP/1.1" 200 -
127.0.0.1 - - [25/Oct/2021 14:47:22] "POST /admin/userpermission/change/v1 HTTP/1.1" 400 -
127.0.0.1 - - [25/Oct/2021 14:47:22] "DELETE /clear/v1 HTTP/1.1" 200 -
127.0.0.1 - - [25/Oct/2021 14:47:22] "POST /auth/register/v2 HTTP/1.1" 200 -
127.0.0.1 - - [25/Oct/2021 14:47:22] "GET /user/profile/v1?token=eyJ0eXAiOiJKV1QiLCJhbGciOiJIUzI1NiJ9.eyJ1c2VyX2lkIjowLCJzZXNzaW9uX2lkIjoxfQ.WpX1_pFyFCRdZx5hWGJ6AbAXuQR6jvGb4DrsBLENmxo&u_id=0 HTTP/1.1" 200 -
127.0.0.1 - - [25/Oct/2021 14:47:22] "POST /auth/register/v2 HTTP/1.1" 200 -
127.0.0.1 - - [25/Oct/2021 14:47:22] "GET /user/profile/v1?token=eyJ0eXAiOiJKV1QiLCJhbGciOiJIUzI1NiJ9.eyJ1c2VyX2lkIjoxLCJzZXNzaW9uX2lkIjoyfQ.3IlFnyZjb8U5WB33OVJzvu7OYzdYAKPqvmD_oI9z8So&u_id=1 HTTP/1.1" 200 -
127.0.0.1 - - [25/Oct/2021 14:47:22] "POST /auth/logout/v1 HTTP/1.1" 200 -
127.0.0.1 - - [25/Oct/2021 14:47:22] "POST /admin/userpermission/change/v1 HTTP/1.1" 403 -
127.0.0.1 - - [25/Oct/2021 14:47:22] "DELETE /clear/v1 HTTP/1.1" 200 -
127.0.0.1 - - [25/Oct/2021 14:47:22] "POST /auth/register/v2 HTTP/1.1" 200 -
127.0.0.1 - - [25/Oct/2021 14:47:22] "GET /user/profile/v1?token=eyJ0eXAiOiJKV1QiLCJhbGciOiJIUzI1NiJ9.eyJ1c2VyX2lkIjowLCJzZXNzaW9uX2lkIjoxfQ.WpX1_pFyFCRdZx5hWGJ6AbAXuQR6jvGb4DrsBLENmxo&u_id=0 HTTP/1.1" 200 -
127.0.0.1 - - [25/Oct/2021 14:47:22] "POST /auth/login/v2 HTTP/1.1" 200 -
127.0.0.1 - - [25/Oct/2021 14:47:22] "DELETE /clear/v1 HTTP/1.1" 200 -
127.0.0.1 - - [25/Oct/2021 14:47:22] "POST /auth/register/v2 HTTP/1.1" 200 -
127.0.0.1 - - [25/Oct/2021 14:47:22] "GET /user/profile/v1?token=eyJ0eXAiOiJKV1QiLCJhbGciOiJIUzI1NiJ9.eyJ1c2VyX2lkIjowLCJzZXNzaW9uX2lkIjoxfQ.WpX1_pFyFCRdZx5hWGJ6AbAXuQR6jvGb4DrsBLENmxo&u_id=0 HTTP/1.1" 200 -
127.0.0.1 - - [25/Oct/2021 14:47:22] "POST /auth/login/v2 HTTP/1.1" 200 -
127.0.0.1 - - [25/Oct/2021 14:47:22] "GET /user/profile/v1?token=eyJ0eXAiOiJKV1QiLCJhbGciOiJIUzI1NiJ9.eyJ1c2VyX2lkIjowLCJzZXNzaW9uX2lkIjoyfQ.M6WpUGd3XxES8gOqSZpzI6clz2aHbVnbJBwfBNILI4Q&u_id=0 HTTP/1.1" 200 -
127.0.0.1 - - [25/Oct/2021 14:47:22] "GET /user/profile/v1?token=eyJ0eXAiOiJKV1QiLCJhbGciOiJIUzI1NiJ9.eyJ1c2VyX2lkIjowLCJzZXNzaW9uX2lkIjoxfQ.WpX1_pFyFCRdZx5hWGJ6AbAXuQR6jvGb4DrsBLENmxo&u_id=0 HTTP/1.1" 200 -
127.0.0.1 - - [25/Oct/2021 14:47:22] "POST /auth/logout/v1 HTTP/1.1" 200 -
127.0.0.1 - - [25/Oct/2021 14:47:22] "GET /user/profile/v1?token=eyJ0eXAiOiJKV1QiLCJhbGciOiJIUzI1NiJ9.eyJ1c2VyX2lkIjowLCJzZXNzaW9uX2lkIjoyfQ.M6WpUGd3XxES8gOqSZpzI6clz2aHbVnbJBwfBNILI4Q&u_id=0 HTTP/1.1" 403 -
127.0.0.1 - - [25/Oct/2021 14:47:22] "GET /user/profile/v1?token=eyJ0eXAiOiJKV1QiLCJhbGciOiJIUzI1NiJ9.eyJ1c2VyX2lkIjowLCJzZXNzaW9uX2lkIjoxfQ.WpX1_pFyFCRdZx5hWGJ6AbAXuQR6jvGb4DrsBLENmxo&u_id=0 HTTP/1.1" 200 -
127.0.0.1 - - [25/Oct/2021 14:47:22] "DELETE /clear/v1 HTTP/1.1" 200 -
127.0.0.1 - - [25/Oct/2021 14:47:22] "POST /auth/login/v2 HTTP/1.1" 400 -
127.0.0.1 - - [25/Oct/2021 14:47:22] "DELETE /clear/v1 HTTP/1.1" 200 -
127.0.0.1 - - [25/Oct/2021 14:47:22] "POST /auth/register/v2 HTTP/1.1" 200 -
127.0.0.1 - - [25/Oct/2021 14:47:22] "GET /user/profile/v1?token=eyJ0eXAiOiJKV1QiLCJhbGciOiJIUzI1NiJ9.eyJ1c2VyX2lkIjowLCJzZXNzaW9uX2lkIjoxfQ.WpX1_pFyFCRdZx5hWGJ6AbAXuQR6jvGb4DrsBLENmxo&u_id=0 HTTP/1.1" 200 -
127.0.0.1 - - [25/Oct/2021 14:47:22] "POST /auth/login/v2 HTTP/1.1" 400 -
127.0.0.1 - - [25/Oct/2021 14:47:22] "DELETE /clear/v1 HTTP/1.1" 200 -
127.0.0.1 - - [25/Oct/2021 14:47:22] "POST /auth/register/v2 HTTP/1.1" 200 -
127.0.0.1 - - [25/Oct/2021 14:47:22] "GET /user/profile/v1?token=eyJ0eXAiOiJKV1QiLCJhbGciOiJIUzI1NiJ9.eyJ1c2VyX2lkIjowLCJzZXNzaW9uX2lkIjoxfQ.WpX1_pFyFCRdZx5hWGJ6AbAXuQR6jvGb4DrsBLENmxo&u_id=0 HTTP/1.1" 200 -
127.0.0.1 - - [25/Oct/2021 14:47:22] "POST /auth/logout/v1 HTTP/1.1" 200 -
127.0.0.1 - - [25/Oct/2021 14:47:22] "DELETE /clear/v1 HTTP/1.1" 200 -
127.0.0.1 - - [25/Oct/2021 14:47:22] "POST /auth/register/v2 HTTP/1.1" 200 -
127.0.0.1 - - [25/Oct/2021 14:47:22] "GET /user/profile/v1?token=eyJ0eXAiOiJKV1QiLCJhbGciOiJIUzI1NiJ9.eyJ1c2VyX2lkIjowLCJzZXNzaW9uX2lkIjoxfQ.WpX1_pFyFCRdZx5hWGJ6AbAXuQR6jvGb4DrsBLENmxo&u_id=0 HTTP/1.1" 200 -
127.0.0.1 - - [25/Oct/2021 14:47:22] "POST /auth/logout/v1 HTTP/1.1" 200 -
127.0.0.1 - - [25/Oct/2021 14:47:22] "POST /auth/logout/v1 HTTP/1.1" 403 -
127.0.0.1 - - [25/Oct/2021 14:47:22] "DELETE /clear/v1 HTTP/1.1" 200 -
127.0.0.1 - - [25/Oct/2021 14:47:22] "POST /auth/register/v2 HTTP/1.1" 400 -
127.0.0.1 - - [25/Oct/2021 14:47:22] "POST /auth/register/v2 HTTP/1.1" 200 -
127.0.0.1 - - [25/Oct/2021 14:47:22] "DELETE /clear/v1 HTTP/1.1" 200 -
127.0.0.1 - - [25/Oct/2021 14:47:22] "POST /auth/register/v2 HTTP/1.1" 400 -
127.0.0.1 - - [25/Oct/2021 14:47:22] "POST /auth/register/v2 HTTP/1.1" 200 -
127.0.0.1 - - [25/Oct/2021 14:47:22] "DELETE /clear/v1 HTTP/1.1" 200 -
127.0.0.1 - - [25/Oct/2021 14:47:22] "POST /auth/register/v2 HTTP/1.1" 400 -
127.0.0.1 - - [25/Oct/2021 14:47:22] "POST /auth/register/v2 HTTP/1.1" 200 -
127.0.0.1 - - [25/Oct/2021 14:47:22] "DELETE /clear/v1 HTTP/1.1" 200 -
127.0.0.1 - - [25/Oct/2021 14:47:22] "POST /auth/register/v2 HTTP/1.1" 400 -
127.0.0.1 - - [25/Oct/2021 14:47:22] "POST /auth/register/v2 HTTP/1.1" 200 -
127.0.0.1 - - [25/Oct/2021 14:47:22] "DELETE /clear/v1 HTTP/1.1" 200 -
127.0.0.1 - - [25/Oct/2021 14:47:22] "POST /auth/register/v2 HTTP/1.1" 400 -
127.0.0.1 - - [25/Oct/2021 14:47:22] "POST /auth/register/v2 HTTP/1.1" 200 -
127.0.0.1 - - [25/Oct/2021 14:47:22] "DELETE /clear/v1 HTTP/1.1" 200 -
127.0.0.1 - - [25/Oct/2021 14:47:22] "POST /auth/register/v2 HTTP/1.1" 400 -
127.0.0.1 - - [25/Oct/2021 14:47:22] "POST /auth/register/v2 HTTP/1.1" 200 -
127.0.0.1 - - [25/Oct/2021 14:47:22] "DELETE /clear/v1 HTTP/1.1" 200 -
127.0.0.1 - - [25/Oct/2021 14:47:22] "POST /auth/register/v2 HTTP/1.1" 400 -
127.0.0.1 - - [25/Oct/2021 14:47:22] "POST /auth/register/v2 HTTP/1.1" 200 -
127.0.0.1 - - [25/Oct/2021 14:47:22] "DELETE /clear/v1 HTTP/1.1" 200 -
127.0.0.1 - - [25/Oct/2021 14:47:22] "POST /auth/register/v2 HTTP/1.1" 400 -
127.0.0.1 - - [25/Oct/2021 14:47:22] "POST /auth/register/v2 HTTP/1.1" 200 -
127.0.0.1 - - [25/Oct/2021 14:47:22] "DELETE /clear/v1 HTTP/1.1" 200 -
127.0.0.1 - - [25/Oct/2021 14:47:22] "POST /auth/register/v2 HTTP/1.1" 400 -
127.0.0.1 - - [25/Oct/2021 14:47:22] "POST /auth/register/v2 HTTP/1.1" 200 -
127.0.0.1 - - [25/Oct/2021 14:47:22] "DELETE /clear/v1 HTTP/1.1" 200 -
127.0.0.1 - - [25/Oct/2021 14:47:22] "POST /auth/register/v2 HTTP/1.1" 200 -
127.0.0.1 - - [25/Oct/2021 14:47:22] "POST /auth/register/v2 HTTP/1.1" 400 -
127.0.0.1 - - [25/Oct/2021 14:47:22] "DELETE /clear/v1 HTTP/1.1" 200 -
127.0.0.1 - - [25/Oct/2021 14:47:22] "POST /auth/register/v2 HTTP/1.1" 200 -
127.0.0.1 - - [25/Oct/2021 14:47:22] "GET /user/profile/v1?token=eyJ0eXAiOiJKV1QiLCJhbGciOiJIUzI1NiJ9.eyJ1c2VyX2lkIjowLCJzZXNzaW9uX2lkIjoxfQ.WpX1_pFyFCRdZx5hWGJ6AbAXuQR6jvGb4DrsBLENmxo&u_id=0 HTTP/1.1" 200 -
127.0.0.1 - - [25/Oct/2021 14:47:22] "DELETE /clear/v1 HTTP/1.1" 200 -
127.0.0.1 - - [25/Oct/2021 14:47:22] "POST /auth/register/v2 HTTP/1.1" 200 -
127.0.0.1 - - [25/Oct/2021 14:47:22] "GET /user/profile/v1?token=eyJ0eXAiOiJKV1QiLCJhbGciOiJIUzI1NiJ9.eyJ1c2VyX2lkIjowLCJzZXNzaW9uX2lkIjoxfQ.WpX1_pFyFCRdZx5hWGJ6AbAXuQR6jvGb4DrsBLENmxo&u_id=0 HTTP/1.1" 200 -
127.0.0.1 - - [25/Oct/2021 14:47:22] "GET /user/profile/v1?token=eyJ0eXAiOiJKV1QiLCJhbGciOiJIUzI1NiJ9.eyJ1c2VyX2lkIjowLCJzZXNzaW9uX2lkIjoxfQ.WpX1_pFyFCRdZx5hWGJ6AbAXuQR6jvGb4DrsBLENmxo&u_id=0 HTTP/1.1" 200 -
127.0.0.1 - - [25/Oct/2021 14:47:22] "DELETE /clear/v1 HTTP/1.1" 200 -
127.0.0.1 - - [25/Oct/2021 14:47:22] "POST /auth/register/v2 HTTP/1.1" 200 -
127.0.0.1 - - [25/Oct/2021 14:47:22] "GET /user/profile/v1?token=eyJ0eXAiOiJKV1QiLCJhbGciOiJIUzI1NiJ9.eyJ1c2VyX2lkIjowLCJzZXNzaW9uX2lkIjoxfQ.WpX1_pFyFCRdZx5hWGJ6AbAXuQR6jvGb4DrsBLENmxo&u_id=0 HTTP/1.1" 200 -
127.0.0.1 - - [25/Oct/2021 14:47:22] "DELETE /clear/v1 HTTP/1.1" 200 -
127.0.0.1 - - [25/Oct/2021 14:47:22] "POST /auth/register/v2 HTTP/1.1" 200 -
127.0.0.1 - - [25/Oct/2021 14:47:22] "GET /user/profile/v1?token=eyJ0eXAiOiJKV1QiLCJhbGciOiJIUzI1NiJ9.eyJ1c2VyX2lkIjowLCJzZXNzaW9uX2lkIjoxfQ.WpX1_pFyFCRdZx5hWGJ6AbAXuQR6jvGb4DrsBLENmxo&u_id=0 HTTP/1.1" 200 -
127.0.0.1 - - [25/Oct/2021 14:47:22] "DELETE /clear/v1 HTTP/1.1" 200 -
127.0.0.1 - - [25/Oct/2021 14:47:22] "POST /auth/register/v2 HTTP/1.1" 200 -
127.0.0.1 - - [25/Oct/2021 14:47:22] "GET /user/profile/v1?token=eyJ0eXAiOiJKV1QiLCJhbGciOiJIUzI1NiJ9.eyJ1c2VyX2lkIjowLCJzZXNzaW9uX2lkIjoxfQ.WpX1_pFyFCRdZx5hWGJ6AbAXuQR6jvGb4DrsBLENmxo&u_id=0 HTTP/1.1" 200 -
127.0.0.1 - - [25/Oct/2021 14:47:22] "POST /channels/create/v2 HTTP/1.1" 200 -
127.0.0.1 - - [25/Oct/2021 14:47:22] "POST /auth/register/v2 HTTP/1.1" 200 -
127.0.0.1 - - [25/Oct/2021 14:47:22] "POST /auth/register/v2 HTTP/1.1" 200 -
127.0.0.1 - - [25/Oct/2021 14:47:22] "GET /user/profile/v1?token=eyJ0eXAiOiJKV1QiLCJhbGciOiJIUzI1NiJ9.eyJ1c2VyX2lkIjoyLCJzZXNzaW9uX2lkIjozfQ.2mMC9Y48syJFgW_SZTS9aMPihEm3QxJA0QuKCrfCwhY&u_id=2 HTTP/1.1" 200 -
127.0.0.1 - - [25/Oct/2021 14:47:22] "DELETE /clear/v1 HTTP/1.1" 200 -
127.0.0.1 - - [25/Oct/2021 14:47:22] "POST /auth/register/v2 HTTP/1.1" 200 -
127.0.0.1 - - [25/Oct/2021 14:47:22] "GET /user/profile/v1?token=eyJ0eXAiOiJKV1QiLCJhbGciOiJIUzI1NiJ9.eyJ1c2VyX2lkIjowLCJzZXNzaW9uX2lkIjoxfQ.WpX1_pFyFCRdZx5hWGJ6AbAXuQR6jvGb4DrsBLENmxo&u_id=0 HTTP/1.1" 200 -
127.0.0.1 - - [25/Oct/2021 14:47:22] "POST /channels/create/v2 HTTP/1.1" 200 -
127.0.0.1 - - [25/Oct/2021 14:47:22] "POST /auth/register/v2 HTTP/1.1" 200 -
127.0.0.1 - - [25/Oct/2021 14:47:22] "POST /auth/register/v2 HTTP/1.1" 200 -
127.0.0.1 - - [25/Oct/2021 14:47:22] "GET /user/profile/v1?token=eyJ0eXAiOiJKV1QiLCJhbGciOiJIUzI1NiJ9.eyJ1c2VyX2lkIjoyLCJzZXNzaW9uX2lkIjozfQ.2mMC9Y48syJFgW_SZTS9aMPihEm3QxJA0QuKCrfCwhY&u_id=2 HTTP/1.1" 200 -
127.0.0.1 - - [25/Oct/2021 14:47:22] "DELETE /clear/v1 HTTP/1.1" 200 -
127.0.0.1 - - [25/Oct/2021 14:47:22] "POST /auth/register/v2 HTTP/1.1" 200 -
127.0.0.1 - - [25/Oct/2021 14:47:22] "GET /user/profile/v1?token=eyJ0eXAiOiJKV1QiLCJhbGciOiJIUzI1NiJ9.eyJ1c2VyX2lkIjowLCJzZXNzaW9uX2lkIjoxfQ.WpX1_pFyFCRdZx5hWGJ6AbAXuQR6jvGb4DrsBLENmxo&u_id=0 HTTP/1.1" 200 -
127.0.0.1 - - [25/Oct/2021 14:47:22] "POST /channels/create/v2 HTTP/1.1" 200 -
127.0.0.1 - - [25/Oct/2021 14:47:22] "POST /auth/register/v2 HTTP/1.1" 200 -
127.0.0.1 - - [25/Oct/2021 14:47:22] "POST /auth/register/v2 HTTP/1.1" 200 -
127.0.0.1 - - [25/Oct/2021 14:47:22] "GET /user/profile/v1?token=eyJ0eXAiOiJKV1QiLCJhbGciOiJIUzI1NiJ9.eyJ1c2VyX2lkIjoyLCJzZXNzaW9uX2lkIjozfQ.2mMC9Y48syJFgW_SZTS9aMPihEm3QxJA0QuKCrfCwhY&u_id=2 HTTP/1.1" 200 -
127.0.0.1 - - [25/Oct/2021 14:47:22] "DELETE /clear/v1 HTTP/1.1" 200 -
127.0.0.1 - - [25/Oct/2021 14:47:22] "POST /auth/register/v2 HTTP/1.1" 200 -
127.0.0.1 - - [25/Oct/2021 14:47:22] "GET /user/profile/v1?token=eyJ0eXAiOiJKV1QiLCJhbGciOiJIUzI1NiJ9.eyJ1c2VyX2lkIjowLCJzZXNzaW9uX2lkIjoxfQ.WpX1_pFyFCRdZx5hWGJ6AbAXuQR6jvGb4DrsBLENmxo&u_id=0 HTTP/1.1" 200 -
127.0.0.1 - - [25/Oct/2021 14:47:22] "POST /channels/create/v2 HTTP/1.1" 200 -
127.0.0.1 - - [25/Oct/2021 14:47:22] "POST /auth/register/v2 HTTP/1.1" 200 -
127.0.0.1 - - [25/Oct/2021 14:47:22] "POST /auth/register/v2 HTTP/1.1" 200 -
127.0.0.1 - - [25/Oct/2021 14:47:22] "GET /user/profile/v1?token=eyJ0eXAiOiJKV1QiLCJhbGciOiJIUzI1NiJ9.eyJ1c2VyX2lkIjoyLCJzZXNzaW9uX2lkIjozfQ.2mMC9Y48syJFgW_SZTS9aMPihEm3QxJA0QuKCrfCwhY&u_id=2 HTTP/1.1" 200 -
127.0.0.1 - - [25/Oct/2021 14:47:22] "DELETE /clear/v1 HTTP/1.1" 200 -
127.0.0.1 - - [25/Oct/2021 14:47:22] "POST /auth/register/v2 HTTP/1.1" 200 -
127.0.0.1 - - [25/Oct/2021 14:47:22] "GET /user/profile/v1?token=eyJ0eXAiOiJKV1QiLCJhbGciOiJIUzI1NiJ9.eyJ1c2VyX2lkIjowLCJzZXNzaW9uX2lkIjoxfQ.WpX1_pFyFCRdZx5hWGJ6AbAXuQR6jvGb4DrsBLENmxo&u_id=0 HTTP/1.1" 200 -
127.0.0.1 - - [25/Oct/2021 14:47:22] "POST /channels/create/v2 HTTP/1.1" 200 -
127.0.0.1 - - [25/Oct/2021 14:47:22] "POST /auth/register/v2 HTTP/1.1" 200 -
127.0.0.1 - - [25/Oct/2021 14:47:22] "GET /user/profile/v1?token=eyJ0eXAiOiJKV1QiLCJhbGciOiJIUzI1NiJ9.eyJ1c2VyX2lkIjoxLCJzZXNzaW9uX2lkIjoyfQ.3IlFnyZjb8U5WB33OVJzvu7OYzdYAKPqvmD_oI9z8So&u_id=1 HTTP/1.1" 200 -
127.0.0.1 - - [25/Oct/2021 14:47:22] "POST /channel/join/v2 HTTP/1.1" 200 -
127.0.0.1 - - [25/Oct/2021 14:47:22] "POST /channel/addowner/v1 HTTP/1.1" 200 -
127.0.0.1 - - [25/Oct/2021 14:47:22] "GET /channel/details/v2?token=eyJ0eXAiOiJKV1QiLCJhbGciOiJIUzI1NiJ9.eyJ1c2VyX2lkIjoxLCJzZXNzaW9uX2lkIjoyfQ.3IlFnyZjb8U5WB33OVJzvu7OYzdYAKPqvmD_oI9z8So&channel_id=0 HTTP/1.1" 200 -
127.0.0.1 - - [25/Oct/2021 14:47:22] "DELETE /clear/v1 HTTP/1.1" 200 -
127.0.0.1 - - [25/Oct/2021 14:47:22] "POST /auth/register/v2 HTTP/1.1" 200 -
127.0.0.1 - - [25/Oct/2021 14:47:22] "GET /user/profile/v1?token=eyJ0eXAiOiJKV1QiLCJhbGciOiJIUzI1NiJ9.eyJ1c2VyX2lkIjowLCJzZXNzaW9uX2lkIjoxfQ.WpX1_pFyFCRdZx5hWGJ6AbAXuQR6jvGb4DrsBLENmxo&u_id=0 HTTP/1.1" 200 -
127.0.0.1 - - [25/Oct/2021 14:47:22] "POST /auth/register/v2 HTTP/1.1" 200 -
127.0.0.1 - - [25/Oct/2021 14:47:22] "GET /user/profile/v1?token=eyJ0eXAiOiJKV1QiLCJhbGciOiJIUzI1NiJ9.eyJ1c2VyX2lkIjoxLCJzZXNzaW9uX2lkIjoyfQ.3IlFnyZjb8U5WB33OVJzvu7OYzdYAKPqvmD_oI9z8So&u_id=1 HTTP/1.1" 200 -
127.0.0.1 - - [25/Oct/2021 14:47:22] "POST /channels/create/v2 HTTP/1.1" 200 -
127.0.0.1 - - [25/Oct/2021 14:47:22] "POST /channel/join/v2 HTTP/1.1" 200 -
127.0.0.1 - - [25/Oct/2021 14:47:22] "POST /channel/addowner/v1 HTTP/1.1" 403 -
127.0.0.1 - - [25/Oct/2021 14:47:22] "DELETE /clear/v1 HTTP/1.1" 200 -
127.0.0.1 - - [25/Oct/2021 14:47:22] "POST /auth/register/v2 HTTP/1.1" 200 -
127.0.0.1 - - [25/Oct/2021 14:47:22] "GET /user/profile/v1?token=eyJ0eXAiOiJKV1QiLCJhbGciOiJIUzI1NiJ9.eyJ1c2VyX2lkIjowLCJzZXNzaW9uX2lkIjoxfQ.WpX1_pFyFCRdZx5hWGJ6AbAXuQR6jvGb4DrsBLENmxo&u_id=0 HTTP/1.1" 200 -
127.0.0.1 - - [25/Oct/2021 14:47:22] "POST /channels/create/v2 HTTP/1.1" 200 -
127.0.0.1 - - [25/Oct/2021 14:47:22] "POST /auth/register/v2 HTTP/1.1" 200 -
127.0.0.1 - - [25/Oct/2021 14:47:22] "GET /user/profile/v1?token=eyJ0eXAiOiJKV1QiLCJhbGciOiJIUzI1NiJ9.eyJ1c2VyX2lkIjoxLCJzZXNzaW9uX2lkIjoyfQ.3IlFnyZjb8U5WB33OVJzvu7OYzdYAKPqvmD_oI9z8So&u_id=1 HTTP/1.1" 200 -
127.0.0.1 - - [25/Oct/2021 14:47:22] "POST /channel/addowner/v1 HTTP/1.1" 400 -
127.0.0.1 - - [25/Oct/2021 14:47:22] "DELETE /clear/v1 HTTP/1.1" 200 -
127.0.0.1 - - [25/Oct/2021 14:47:22] "POST /auth/register/v2 HTTP/1.1" 200 -
127.0.0.1 - - [25/Oct/2021 14:47:22] "GET /user/profile/v1?token=eyJ0eXAiOiJKV1QiLCJhbGciOiJIUzI1NiJ9.eyJ1c2VyX2lkIjowLCJzZXNzaW9uX2lkIjoxfQ.WpX1_pFyFCRdZx5hWGJ6AbAXuQR6jvGb4DrsBLENmxo&u_id=0 HTTP/1.1" 200 -
127.0.0.1 - - [25/Oct/2021 14:47:22] "POST /channels/create/v2 HTTP/1.1" 200 -
127.0.0.1 - - [25/Oct/2021 14:47:22] "POST /auth/register/v2 HTTP/1.1" 200 -
127.0.0.1 - - [25/Oct/2021 14:47:22] "GET /user/profile/v1?token=eyJ0eXAiOiJKV1QiLCJhbGciOiJIUzI1NiJ9.eyJ1c2VyX2lkIjoxLCJzZXNzaW9uX2lkIjoyfQ.3IlFnyZjb8U5WB33OVJzvu7OYzdYAKPqvmD_oI9z8So&u_id=1 HTTP/1.1" 200 -
127.0.0.1 - - [25/Oct/2021 14:47:22] "POST /channel/addowner/v1 HTTP/1.1" 400 -
127.0.0.1 - - [25/Oct/2021 14:47:22] "DELETE /clear/v1 HTTP/1.1" 200 -
127.0.0.1 - - [25/Oct/2021 14:47:22] "POST /auth/register/v2 HTTP/1.1" 200 -
127.0.0.1 - - [25/Oct/2021 14:47:22] "GET /user/profile/v1?token=eyJ0eXAiOiJKV1QiLCJhbGciOiJIUzI1NiJ9.eyJ1c2VyX2lkIjowLCJzZXNzaW9uX2lkIjoxfQ.WpX1_pFyFCRdZx5hWGJ6AbAXuQR6jvGb4DrsBLENmxo&u_id=0 HTTP/1.1" 200 -
127.0.0.1 - - [25/Oct/2021 14:47:22] "POST /auth/register/v2 HTTP/1.1" 200 -
127.0.0.1 - - [25/Oct/2021 14:47:22] "GET /user/profile/v1?token=eyJ0eXAiOiJKV1QiLCJhbGciOiJIUzI1NiJ9.eyJ1c2VyX2lkIjoxLCJzZXNzaW9uX2lkIjoyfQ.3IlFnyZjb8U5WB33OVJzvu7OYzdYAKPqvmD_oI9z8So&u_id=1 HTTP/1.1" 200 -
127.0.0.1 - - [25/Oct/2021 14:47:22] "POST /channels/create/v2 HTTP/1.1" 200 -
127.0.0.1 - - [25/Oct/2021 14:47:22] "POST /channel/addowner/v1 HTTP/1.1" 400 -
127.0.0.1 - - [25/Oct/2021 14:47:22] "DELETE /clear/v1 HTTP/1.1" 200 -
127.0.0.1 - - [25/Oct/2021 14:47:22] "POST /auth/register/v2 HTTP/1.1" 200 -
127.0.0.1 - - [25/Oct/2021 14:47:22] "GET /user/profile/v1?token=eyJ0eXAiOiJKV1QiLCJhbGciOiJIUzI1NiJ9.eyJ1c2VyX2lkIjowLCJzZXNzaW9uX2lkIjoxfQ.WpX1_pFyFCRdZx5hWGJ6AbAXuQR6jvGb4DrsBLENmxo&u_id=0 HTTP/1.1" 200 -
127.0.0.1 - - [25/Oct/2021 14:47:22] "POST /auth/register/v2 HTTP/1.1" 200 -
127.0.0.1 - - [25/Oct/2021 14:47:22] "GET /user/profile/v1?token=eyJ0eXAiOiJKV1QiLCJhbGciOiJIUzI1NiJ9.eyJ1c2VyX2lkIjoxLCJzZXNzaW9uX2lkIjoyfQ.3IlFnyZjb8U5WB33OVJzvu7OYzdYAKPqvmD_oI9z8So&u_id=1 HTTP/1.1" 200 -
127.0.0.1 - - [25/Oct/2021 14:47:22] "POST /channels/create/v2 HTTP/1.1" 200 -
127.0.0.1 - - [25/Oct/2021 14:47:22] "POST /channel/addowner/v1 HTTP/1.1" 400 -
127.0.0.1 - - [25/Oct/2021 14:47:22] "DELETE /clear/v1 HTTP/1.1" 200 -
127.0.0.1 - - [25/Oct/2021 14:47:22] "POST /auth/register/v2 HTTP/1.1" 200 -
127.0.0.1 - - [25/Oct/2021 14:47:22] "GET /user/profile/v1?token=eyJ0eXAiOiJKV1QiLCJhbGciOiJIUzI1NiJ9.eyJ1c2VyX2lkIjowLCJzZXNzaW9uX2lkIjoxfQ.WpX1_pFyFCRdZx5hWGJ6AbAXuQR6jvGb4DrsBLENmxo&u_id=0 HTTP/1.1" 200 -
127.0.0.1 - - [25/Oct/2021 14:47:22] "POST /channels/create/v2 HTTP/1.1" 200 -
127.0.0.1 - - [25/Oct/2021 14:47:22] "POST /auth/register/v2 HTTP/1.1" 200 -
127.0.0.1 - - [25/Oct/2021 14:47:22] "GET /user/profile/v1?token=eyJ0eXAiOiJKV1QiLCJhbGciOiJIUzI1NiJ9.eyJ1c2VyX2lkIjoxLCJzZXNzaW9uX2lkIjoyfQ.3IlFnyZjb8U5WB33OVJzvu7OYzdYAKPqvmD_oI9z8So&u_id=1 HTTP/1.1" 200 -
127.0.0.1 - - [25/Oct/2021 14:47:22] "POST /channel/join/v2 HTTP/1.1" 200 -
127.0.0.1 - - [25/Oct/2021 14:47:22] "POST /channel/addowner/v1 HTTP/1.1" 403 -
127.0.0.1 - - [25/Oct/2021 14:47:22] "DELETE /clear/v1 HTTP/1.1" 200 -
127.0.0.1 - - [25/Oct/2021 14:47:22] "POST /auth/register/v2 HTTP/1.1" 200 -
127.0.0.1 - - [25/Oct/2021 14:47:22] "GET /user/profile/v1?token=eyJ0eXAiOiJKV1QiLCJhbGciOiJIUzI1NiJ9.eyJ1c2VyX2lkIjowLCJzZXNzaW9uX2lkIjoxfQ.WpX1_pFyFCRdZx5hWGJ6AbAXuQR6jvGb4DrsBLENmxo&u_id=0 HTTP/1.1" 200 -
127.0.0.1 - - [25/Oct/2021 14:47:23] "POST /channels/create/v2 HTTP/1.1" 200 -
127.0.0.1 - - [25/Oct/2021 14:47:23] "POST /channel/addowner/v1 HTTP/1.1" 400 -
127.0.0.1 - - [25/Oct/2021 14:47:23] "DELETE /clear/v1 HTTP/1.1" 200 -
127.0.0.1 - - [25/Oct/2021 14:47:23] "POST /auth/register/v2 HTTP/1.1" 200 -
127.0.0.1 - - [25/Oct/2021 14:47:23] "GET /user/profile/v1?token=eyJ0eXAiOiJKV1QiLCJhbGciOiJIUzI1NiJ9.eyJ1c2VyX2lkIjowLCJzZXNzaW9uX2lkIjoxfQ.WpX1_pFyFCRdZx5hWGJ6AbAXuQR6jvGb4DrsBLENmxo&u_id=0 HTTP/1.1" 200 -
127.0.0.1 - - [25/Oct/2021 14:47:23] "POST /channels/create/v2 HTTP/1.1" 200 -
127.0.0.1 - - [25/Oct/2021 14:47:23] "POST /channel/addowner/v1 HTTP/1.1" 400 -
127.0.0.1 - - [25/Oct/2021 14:47:23] "DELETE /clear/v1 HTTP/1.1" 200 -
127.0.0.1 - - [25/Oct/2021 14:47:23] "POST /auth/register/v2 HTTP/1.1" 200 -
127.0.0.1 - - [25/Oct/2021 14:47:23] "GET /user/profile/v1?token=eyJ0eXAiOiJKV1QiLCJhbGciOiJIUzI1NiJ9.eyJ1c2VyX2lkIjowLCJzZXNzaW9uX2lkIjoxfQ.WpX1_pFyFCRdZx5hWGJ6AbAXuQR6jvGb4DrsBLENmxo&u_id=0 HTTP/1.1" 200 -
127.0.0.1 - - [25/Oct/2021 14:47:23] "POST /auth/register/v2 HTTP/1.1" 200 -
127.0.0.1 - - [25/Oct/2021 14:47:23] "GET /user/profile/v1?token=eyJ0eXAiOiJKV1QiLCJhbGciOiJIUzI1NiJ9.eyJ1c2VyX2lkIjoxLCJzZXNzaW9uX2lkIjoyfQ.3IlFnyZjb8U5WB33OVJzvu7OYzdYAKPqvmD_oI9z8So&u_id=1 HTTP/1.1" 200 -
127.0.0.1 - - [25/Oct/2021 14:47:23] "POST /channel/addowner/v1 HTTP/1.1" 403 -
127.0.0.1 - - [25/Oct/2021 14:47:23] "DELETE /clear/v1 HTTP/1.1" 200 -
127.0.0.1 - - [25/Oct/2021 14:47:23] "POST /auth/register/v2 HTTP/1.1" 200 -
127.0.0.1 - - [25/Oct/2021 14:47:23] "GET /user/profile/v1?token=eyJ0eXAiOiJKV1QiLCJhbGciOiJIUzI1NiJ9.eyJ1c2VyX2lkIjowLCJzZXNzaW9uX2lkIjoxfQ.WpX1_pFyFCRdZx5hWGJ6AbAXuQR6jvGb4DrsBLENmxo&u_id=0 HTTP/1.1" 200 -
127.0.0.1 - - [25/Oct/2021 14:47:23] "POST /channels/create/v2 HTTP/1.1" 200 -
127.0.0.1 - - [25/Oct/2021 14:47:23] "POST /auth/register/v2 HTTP/1.1" 200 -
127.0.0.1 - - [25/Oct/2021 14:47:23] "GET /user/profile/v1?token=eyJ0eXAiOiJKV1QiLCJhbGciOiJIUzI1NiJ9.eyJ1c2VyX2lkIjoxLCJzZXNzaW9uX2lkIjoyfQ.3IlFnyZjb8U5WB33OVJzvu7OYzdYAKPqvmD_oI9z8So&u_id=1 HTTP/1.1" 200 -
127.0.0.1 - - [25/Oct/2021 14:47:23] "POST /auth/logout/v1 HTTP/1.1" 200 -
127.0.0.1 - - [25/Oct/2021 14:47:23] "POST /channel/addowner/v1 HTTP/1.1" 400 -
127.0.0.1 - - [25/Oct/2021 14:47:23] "DELETE /clear/v1 HTTP/1.1" 200 -
127.0.0.1 - - [25/Oct/2021 14:47:23] "POST /auth/register/v2 HTTP/1.1" 200 -
127.0.0.1 - - [25/Oct/2021 14:47:23] "GET /user/profile/v1?token=eyJ0eXAiOiJKV1QiLCJhbGciOiJIUzI1NiJ9.eyJ1c2VyX2lkIjowLCJzZXNzaW9uX2lkIjoxfQ.WpX1_pFyFCRdZx5hWGJ6AbAXuQR6jvGb4DrsBLENmxo&u_id=0 HTTP/1.1" 200 -
127.0.0.1 - - [25/Oct/2021 14:47:23] "POST /channels/create/v2 HTTP/1.1" 200 -
127.0.0.1 - - [25/Oct/2021 14:47:23] "POST /auth/register/v2 HTTP/1.1" 200 -
127.0.0.1 - - [25/Oct/2021 14:47:23] "GET /user/profile/v1?token=eyJ0eXAiOiJKV1QiLCJhbGciOiJIUzI1NiJ9.eyJ1c2VyX2lkIjoxLCJzZXNzaW9uX2lkIjoyfQ.3IlFnyZjb8U5WB33OVJzvu7OYzdYAKPqvmD_oI9z8So&u_id=1 HTTP/1.1" 200 -
127.0.0.1 - - [25/Oct/2021 14:47:23] "POST /channel/join/v2 HTTP/1.1" 200 -
127.0.0.1 - - [25/Oct/2021 14:47:23] "GET /channel/details/v2?token=eyJ0eXAiOiJKV1QiLCJhbGciOiJIUzI1NiJ9.eyJ1c2VyX2lkIjowLCJzZXNzaW9uX2lkIjoxfQ.WpX1_pFyFCRdZx5hWGJ6AbAXuQR6jvGb4DrsBLENmxo&channel_id=0 HTTP/1.1" 200 -
127.0.0.1 - - [25/Oct/2021 14:47:23] "GET /channel/details/v2?token=eyJ0eXAiOiJKV1QiLCJhbGciOiJIUzI1NiJ9.eyJ1c2VyX2lkIjoxLCJzZXNzaW9uX2lkIjoyfQ.3IlFnyZjb8U5WB33OVJzvu7OYzdYAKPqvmD_oI9z8So&channel_id=0 HTTP/1.1" 200 -
127.0.0.1 - - [25/Oct/2021 14:47:23] "DELETE /clear/v1 HTTP/1.1" 200 -
127.0.0.1 - - [25/Oct/2021 14:47:23] "POST /auth/register/v2 HTTP/1.1" 200 -
127.0.0.1 - - [25/Oct/2021 14:47:23] "GET /user/profile/v1?token=eyJ0eXAiOiJKV1QiLCJhbGciOiJIUzI1NiJ9.eyJ1c2VyX2lkIjowLCJzZXNzaW9uX2lkIjoxfQ.WpX1_pFyFCRdZx5hWGJ6AbAXuQR6jvGb4DrsBLENmxo&u_id=0 HTTP/1.1" 200 -
127.0.0.1 - - [25/Oct/2021 14:47:23] "POST /channels/create/v2 HTTP/1.1" 200 -
127.0.0.1 - - [25/Oct/2021 14:47:23] "POST /auth/register/v2 HTTP/1.1" 200 -
127.0.0.1 - - [25/Oct/2021 14:47:23] "GET /user/profile/v1?token=eyJ0eXAiOiJKV1QiLCJhbGciOiJIUzI1NiJ9.eyJ1c2VyX2lkIjoxLCJzZXNzaW9uX2lkIjoyfQ.3IlFnyZjb8U5WB33OVJzvu7OYzdYAKPqvmD_oI9z8So&u_id=1 HTTP/1.1" 200 -
127.0.0.1 - - [25/Oct/2021 14:47:23] "GET /channel/details/v2?token=eyJ0eXAiOiJKV1QiLCJhbGciOiJIUzI1NiJ9.eyJ1c2VyX2lkIjoxLCJzZXNzaW9uX2lkIjoyfQ.3IlFnyZjb8U5WB33OVJzvu7OYzdYAKPqvmD_oI9z8So&channel_id=0 HTTP/1.1" 403 -
127.0.0.1 - - [25/Oct/2021 14:47:23] "DELETE /clear/v1 HTTP/1.1" 200 -
127.0.0.1 - - [25/Oct/2021 14:47:23] "POST /auth/register/v2 HTTP/1.1" 200 -
127.0.0.1 - - [25/Oct/2021 14:47:23] "GET /user/profile/v1?token=eyJ0eXAiOiJKV1QiLCJhbGciOiJIUzI1NiJ9.eyJ1c2VyX2lkIjowLCJzZXNzaW9uX2lkIjoxfQ.WpX1_pFyFCRdZx5hWGJ6AbAXuQR6jvGb4DrsBLENmxo&u_id=0 HTTP/1.1" 200 -
127.0.0.1 - - [25/Oct/2021 14:47:23] "GET /channel/details/v2?token=eyJ0eXAiOiJKV1QiLCJhbGciOiJIUzI1NiJ9.eyJ1c2VyX2lkIjowLCJzZXNzaW9uX2lkIjoxfQ.WpX1_pFyFCRdZx5hWGJ6AbAXuQR6jvGb4DrsBLENmxo&channel_id=-1 HTTP/1.1" 403 -
127.0.0.1 - - [25/Oct/2021 14:47:23] "DELETE /clear/v1 HTTP/1.1" 200 -
127.0.0.1 - - [25/Oct/2021 14:47:23] "POST /auth/register/v2 HTTP/1.1" 200 -
127.0.0.1 - - [25/Oct/2021 14:47:23] "GET /user/profile/v1?token=eyJ0eXAiOiJKV1QiLCJhbGciOiJIUzI1NiJ9.eyJ1c2VyX2lkIjowLCJzZXNzaW9uX2lkIjoxfQ.WpX1_pFyFCRdZx5hWGJ6AbAXuQR6jvGb4DrsBLENmxo&u_id=0 HTTP/1.1" 200 -
127.0.0.1 - - [25/Oct/2021 14:47:23] "POST /channels/create/v2 HTTP/1.1" 200 -
127.0.0.1 - - [25/Oct/2021 14:47:23] "POST /auth/logout/v1 HTTP/1.1" 200 -
127.0.0.1 - - [25/Oct/2021 14:47:23] "GET /channel/details/v2?token=eyJ0eXAiOiJKV1QiLCJhbGciOiJIUzI1NiJ9.eyJ1c2VyX2lkIjowLCJzZXNzaW9uX2lkIjoxfQ.WpX1_pFyFCRdZx5hWGJ6AbAXuQR6jvGb4DrsBLENmxo&channel_id=0 HTTP/1.1" 403 -
127.0.0.1 - - [25/Oct/2021 14:47:23] "DELETE /clear/v1 HTTP/1.1" 200 -
127.0.0.1 - - [25/Oct/2021 14:47:23] "POST /auth/register/v2 HTTP/1.1" 200 -
127.0.0.1 - - [25/Oct/2021 14:47:23] "GET /user/profile/v1?token=eyJ0eXAiOiJKV1QiLCJhbGciOiJIUzI1NiJ9.eyJ1c2VyX2lkIjowLCJzZXNzaW9uX2lkIjoxfQ.WpX1_pFyFCRdZx5hWGJ6AbAXuQR6jvGb4DrsBLENmxo&u_id=0 HTTP/1.1" 200 -
127.0.0.1 - - [25/Oct/2021 14:47:23] "POST /channels/create/v2 HTTP/1.1" 200 -
127.0.0.1 - - [25/Oct/2021 14:47:23] "POST /auth/register/v2 HTTP/1.1" 200 -
127.0.0.1 - - [25/Oct/2021 14:47:23] "GET /user/profile/v1?token=eyJ0eXAiOiJKV1QiLCJhbGciOiJIUzI1NiJ9.eyJ1c2VyX2lkIjoxLCJzZXNzaW9uX2lkIjoyfQ.3IlFnyZjb8U5WB33OVJzvu7OYzdYAKPqvmD_oI9z8So&u_id=1 HTTP/1.1" 200 -
127.0.0.1 - - [25/Oct/2021 14:47:23] "POST /channel/invite/v2 HTTP/1.1" 200 -
127.0.0.1 - - [25/Oct/2021 14:47:23] "POST /channel/invite/v2 HTTP/1.1" 400 -
127.0.0.1 - - [25/Oct/2021 14:47:23] "DELETE /clear/v1 HTTP/1.1" 200 -
127.0.0.1 - - [25/Oct/2021 14:47:23] "POST /auth/register/v2 HTTP/1.1" 200 -
127.0.0.1 - - [25/Oct/2021 14:47:23] "GET /user/profile/v1?token=eyJ0eXAiOiJKV1QiLCJhbGciOiJIUzI1NiJ9.eyJ1c2VyX2lkIjowLCJzZXNzaW9uX2lkIjoxfQ.WpX1_pFyFCRdZx5hWGJ6AbAXuQR6jvGb4DrsBLENmxo&u_id=0 HTTP/1.1" 200 -
127.0.0.1 - - [25/Oct/2021 14:47:23] "POST /auth/register/v2 HTTP/1.1" 200 -
127.0.0.1 - - [25/Oct/2021 14:47:23] "GET /user/profile/v1?token=eyJ0eXAiOiJKV1QiLCJhbGciOiJIUzI1NiJ9.eyJ1c2VyX2lkIjoxLCJzZXNzaW9uX2lkIjoyfQ.3IlFnyZjb8U5WB33OVJzvu7OYzdYAKPqvmD_oI9z8So&u_id=1 HTTP/1.1" 200 -
127.0.0.1 - - [25/Oct/2021 14:47:23] "POST /channels/create/v2 HTTP/1.1" 200 -
127.0.0.1 - - [25/Oct/2021 14:47:23] "POST /channel/invite/v2 HTTP/1.1" 200 -
127.0.0.1 - - [25/Oct/2021 14:47:23] "GET /channel/details/v2?token=eyJ0eXAiOiJKV1QiLCJhbGciOiJIUzI1NiJ9.eyJ1c2VyX2lkIjowLCJzZXNzaW9uX2lkIjoxfQ.WpX1_pFyFCRdZx5hWGJ6AbAXuQR6jvGb4DrsBLENmxo&channel_id=0 HTTP/1.1" 200 -
127.0.0.1 - - [25/Oct/2021 14:47:23] "DELETE /clear/v1 HTTP/1.1" 200 -
127.0.0.1 - - [25/Oct/2021 14:47:23] "POST /auth/register/v2 HTTP/1.1" 200 -
127.0.0.1 - - [25/Oct/2021 14:47:23] "GET /user/profile/v1?token=eyJ0eXAiOiJKV1QiLCJhbGciOiJIUzI1NiJ9.eyJ1c2VyX2lkIjowLCJzZXNzaW9uX2lkIjoxfQ.WpX1_pFyFCRdZx5hWGJ6AbAXuQR6jvGb4DrsBLENmxo&u_id=0 HTTP/1.1" 200 -
127.0.0.1 - - [25/Oct/2021 14:47:23] "POST /auth/register/v2 HTTP/1.1" 200 -
127.0.0.1 - - [25/Oct/2021 14:47:23] "GET /user/profile/v1?token=eyJ0eXAiOiJKV1QiLCJhbGciOiJIUzI1NiJ9.eyJ1c2VyX2lkIjoxLCJzZXNzaW9uX2lkIjoyfQ.3IlFnyZjb8U5WB33OVJzvu7OYzdYAKPqvmD_oI9z8So&u_id=1 HTTP/1.1" 200 -
127.0.0.1 - - [25/Oct/2021 14:47:23] "POST /channels/create/v2 HTTP/1.1" 200 -
127.0.0.1 - - [25/Oct/2021 14:47:23] "POST /channel/invite/v2 HTTP/1.1" 200 -
127.0.0.1 - - [25/Oct/2021 14:47:23] "GET /channel/details/v2?token=eyJ0eXAiOiJKV1QiLCJhbGciOiJIUzI1NiJ9.eyJ1c2VyX2lkIjoxLCJzZXNzaW9uX2lkIjoyfQ.3IlFnyZjb8U5WB33OVJzvu7OYzdYAKPqvmD_oI9z8So&channel_id=0 HTTP/1.1" 200 -
127.0.0.1 - - [25/Oct/2021 14:47:23] "DELETE /clear/v1 HTTP/1.1" 200 -
127.0.0.1 - - [25/Oct/2021 14:47:23] "POST /auth/register/v2 HTTP/1.1" 200 -
127.0.0.1 - - [25/Oct/2021 14:47:23] "GET /user/profile/v1?token=eyJ0eXAiOiJKV1QiLCJhbGciOiJIUzI1NiJ9.eyJ1c2VyX2lkIjowLCJzZXNzaW9uX2lkIjoxfQ.WpX1_pFyFCRdZx5hWGJ6AbAXuQR6jvGb4DrsBLENmxo&u_id=0 HTTP/1.1" 200 -
127.0.0.1 - - [25/Oct/2021 14:47:23] "POST /auth/register/v2 HTTP/1.1" 200 -
127.0.0.1 - - [25/Oct/2021 14:47:23] "GET /user/profile/v1?token=eyJ0eXAiOiJKV1QiLCJhbGciOiJIUzI1NiJ9.eyJ1c2VyX2lkIjoxLCJzZXNzaW9uX2lkIjoyfQ.3IlFnyZjb8U5WB33OVJzvu7OYzdYAKPqvmD_oI9z8So&u_id=1 HTTP/1.1" 200 -
127.0.0.1 - - [25/Oct/2021 14:47:23] "POST /auth/register/v2 HTTP/1.1" 200 -
127.0.0.1 - - [25/Oct/2021 14:47:23] "GET /user/profile/v1?token=eyJ0eXAiOiJKV1QiLCJhbGciOiJIUzI1NiJ9.eyJ1c2VyX2lkIjoyLCJzZXNzaW9uX2lkIjozfQ.2mMC9Y48syJFgW_SZTS9aMPihEm3QxJA0QuKCrfCwhY&u_id=2 HTTP/1.1" 200 -
127.0.0.1 - - [25/Oct/2021 14:47:23] "POST /channels/create/v2 HTTP/1.1" 200 -
127.0.0.1 - - [25/Oct/2021 14:47:23] "POST /channel/invite/v2 HTTP/1.1" 403 -
127.0.0.1 - - [25/Oct/2021 14:47:23] "DELETE /clear/v1 HTTP/1.1" 200 -
127.0.0.1 - - [25/Oct/2021 14:47:23] "POST /auth/register/v2 HTTP/1.1" 200 -
127.0.0.1 - - [25/Oct/2021 14:47:23] "GET /user/profile/v1?token=eyJ0eXAiOiJKV1QiLCJhbGciOiJIUzI1NiJ9.eyJ1c2VyX2lkIjowLCJzZXNzaW9uX2lkIjoxfQ.WpX1_pFyFCRdZx5hWGJ6AbAXuQR6jvGb4DrsBLENmxo&u_id=0 HTTP/1.1" 200 -
127.0.0.1 - - [25/Oct/2021 14:47:23] "POST /auth/register/v2 HTTP/1.1" 200 -
127.0.0.1 - - [25/Oct/2021 14:47:23] "GET /user/profile/v1?token=eyJ0eXAiOiJKV1QiLCJhbGciOiJIUzI1NiJ9.eyJ1c2VyX2lkIjoxLCJzZXNzaW9uX2lkIjoyfQ.3IlFnyZjb8U5WB33OVJzvu7OYzdYAKPqvmD_oI9z8So&u_id=1 HTTP/1.1" 200 -
127.0.0.1 - - [25/Oct/2021 14:47:23] "POST /channel/invite/v2 HTTP/1.1" 400 -
127.0.0.1 - - [25/Oct/2021 14:47:23] "DELETE /clear/v1 HTTP/1.1" 200 -
127.0.0.1 - - [25/Oct/2021 14:47:23] "POST /auth/register/v2 HTTP/1.1" 200 -
127.0.0.1 - - [25/Oct/2021 14:47:23] "GET /user/profile/v1?token=eyJ0eXAiOiJKV1QiLCJhbGciOiJIUzI1NiJ9.eyJ1c2VyX2lkIjowLCJzZXNzaW9uX2lkIjoxfQ.WpX1_pFyFCRdZx5hWGJ6AbAXuQR6jvGb4DrsBLENmxo&u_id=0 HTTP/1.1" 200 -
127.0.0.1 - - [25/Oct/2021 14:47:23] "POST /channels/create/v2 HTTP/1.1" 200 -
127.0.0.1 - - [25/Oct/2021 14:47:23] "POST /channel/invite/v2 HTTP/1.1" 400 -
127.0.0.1 - - [25/Oct/2021 14:47:23] "DELETE /clear/v1 HTTP/1.1" 200 -
127.0.0.1 - - [25/Oct/2021 14:47:23] "POST /auth/register/v2 HTTP/1.1" 200 -
127.0.0.1 - - [25/Oct/2021 14:47:23] "GET /user/profile/v1?token=eyJ0eXAiOiJKV1QiLCJhbGciOiJIUzI1NiJ9.eyJ1c2VyX2lkIjowLCJzZXNzaW9uX2lkIjoxfQ.WpX1_pFyFCRdZx5hWGJ6AbAXuQR6jvGb4DrsBLENmxo&u_id=0 HTTP/1.1" 200 -
127.0.0.1 - - [25/Oct/2021 14:47:23] "POST /channels/create/v2 HTTP/1.1" 200 -
127.0.0.1 - - [25/Oct/2021 14:47:23] "POST /auth/register/v2 HTTP/1.1" 200 -
127.0.0.1 - - [25/Oct/2021 14:47:23] "GET /user/profile/v1?token=eyJ0eXAiOiJKV1QiLCJhbGciOiJIUzI1NiJ9.eyJ1c2VyX2lkIjoxLCJzZXNzaW9uX2lkIjoyfQ.3IlFnyZjb8U5WB33OVJzvu7OYzdYAKPqvmD_oI9z8So&u_id=1 HTTP/1.1" 200 -
127.0.0.1 - - [25/Oct/2021 14:47:23] "POST /auth/logout/v1 HTTP/1.1" 200 -
127.0.0.1 - - [25/Oct/2021 14:47:23] "POST /channel/invite/v2 HTTP/1.1" 403 -
127.0.0.1 - - [25/Oct/2021 14:47:23] "DELETE /clear/v1 HTTP/1.1" 200 -
127.0.0.1 - - [25/Oct/2021 14:47:23] "POST /auth/register/v2 HTTP/1.1" 200 -
127.0.0.1 - - [25/Oct/2021 14:47:23] "GET /user/profile/v1?token=eyJ0eXAiOiJKV1QiLCJhbGciOiJIUzI1NiJ9.eyJ1c2VyX2lkIjowLCJzZXNzaW9uX2lkIjoxfQ.WpX1_pFyFCRdZx5hWGJ6AbAXuQR6jvGb4DrsBLENmxo&u_id=0 HTTP/1.1" 200 -
127.0.0.1 - - [25/Oct/2021 14:47:23] "POST /auth/register/v2 HTTP/1.1" 200 -
127.0.0.1 - - [25/Oct/2021 14:47:23] "GET /user/profile/v1?token=eyJ0eXAiOiJKV1QiLCJhbGciOiJIUzI1NiJ9.eyJ1c2VyX2lkIjoxLCJzZXNzaW9uX2lkIjoyfQ.3IlFnyZjb8U5WB33OVJzvu7OYzdYAKPqvmD_oI9z8So&u_id=1 HTTP/1.1" 200 -
127.0.0.1 - - [25/Oct/2021 14:47:23] "POST /channels/create/v2 HTTP/1.1" 200 -
127.0.0.1 - - [25/Oct/2021 14:47:23] "POST /channel/join/v2 HTTP/1.1" 200 -
127.0.0.1 - - [25/Oct/2021 14:47:23] "GET /channel/details/v2?token=eyJ0eXAiOiJKV1QiLCJhbGciOiJIUzI1NiJ9.eyJ1c2VyX2lkIjowLCJzZXNzaW9uX2lkIjoxfQ.WpX1_pFyFCRdZx5hWGJ6AbAXuQR6jvGb4DrsBLENmxo&channel_id=0 HTTP/1.1" 200 -
127.0.0.1 - - [25/Oct/2021 14:47:23] "DELETE /clear/v1 HTTP/1.1" 200 -
127.0.0.1 - - [25/Oct/2021 14:47:23] "POST /auth/register/v2 HTTP/1.1" 200 -
127.0.0.1 - - [25/Oct/2021 14:47:23] "GET /user/profile/v1?token=eyJ0eXAiOiJKV1QiLCJhbGciOiJIUzI1NiJ9.eyJ1c2VyX2lkIjowLCJzZXNzaW9uX2lkIjoxfQ.WpX1_pFyFCRdZx5hWGJ6AbAXuQR6jvGb4DrsBLENmxo&u_id=0 HTTP/1.1" 200 -
127.0.0.1 - - [25/Oct/2021 14:47:23] "POST /auth/register/v2 HTTP/1.1" 200 -
127.0.0.1 - - [25/Oct/2021 14:47:23] "GET /user/profile/v1?token=eyJ0eXAiOiJKV1QiLCJhbGciOiJIUzI1NiJ9.eyJ1c2VyX2lkIjoxLCJzZXNzaW9uX2lkIjoyfQ.3IlFnyZjb8U5WB33OVJzvu7OYzdYAKPqvmD_oI9z8So&u_id=1 HTTP/1.1" 200 -
127.0.0.1 - - [25/Oct/2021 14:47:23] "POST /channels/create/v2 HTTP/1.1" 200 -
127.0.0.1 - - [25/Oct/2021 14:47:23] "POST /channel/join/v2 HTTP/1.1" 200 -
127.0.0.1 - - [25/Oct/2021 14:47:23] "GET /channel/details/v2?token=eyJ0eXAiOiJKV1QiLCJhbGciOiJIUzI1NiJ9.eyJ1c2VyX2lkIjowLCJzZXNzaW9uX2lkIjoxfQ.WpX1_pFyFCRdZx5hWGJ6AbAXuQR6jvGb4DrsBLENmxo&channel_id=0 HTTP/1.1" 200 -
127.0.0.1 - - [25/Oct/2021 14:47:23] "DELETE /clear/v1 HTTP/1.1" 200 -
127.0.0.1 - - [25/Oct/2021 14:47:23] "POST /auth/register/v2 HTTP/1.1" 200 -
127.0.0.1 - - [25/Oct/2021 14:47:23] "GET /user/profile/v1?token=eyJ0eXAiOiJKV1QiLCJhbGciOiJIUzI1NiJ9.eyJ1c2VyX2lkIjowLCJzZXNzaW9uX2lkIjoxfQ.WpX1_pFyFCRdZx5hWGJ6AbAXuQR6jvGb4DrsBLENmxo&u_id=0 HTTP/1.1" 200 -
127.0.0.1 - - [25/Oct/2021 14:47:23] "POST /channels/create/v2 HTTP/1.1" 200 -
127.0.0.1 - - [25/Oct/2021 14:47:23] "POST /auth/register/v2 HTTP/1.1" 200 -
127.0.0.1 - - [25/Oct/2021 14:47:23] "GET /user/profile/v1?token=eyJ0eXAiOiJKV1QiLCJhbGciOiJIUzI1NiJ9.eyJ1c2VyX2lkIjoxLCJzZXNzaW9uX2lkIjoyfQ.3IlFnyZjb8U5WB33OVJzvu7OYzdYAKPqvmD_oI9z8So&u_id=1 HTTP/1.1" 200 -
127.0.0.1 - - [25/Oct/2021 14:47:23] "POST /channel/join/v2 HTTP/1.1" 200 -
127.0.0.1 - - [25/Oct/2021 14:47:23] "GET /channel/details/v2?token=eyJ0eXAiOiJKV1QiLCJhbGciOiJIUzI1NiJ9.eyJ1c2VyX2lkIjoxLCJzZXNzaW9uX2lkIjoyfQ.3IlFnyZjb8U5WB33OVJzvu7OYzdYAKPqvmD_oI9z8So&channel_id=0 HTTP/1.1" 200 -
127.0.0.1 - - [25/Oct/2021 14:47:23] "DELETE /clear/v1 HTTP/1.1" 200 -
127.0.0.1 - - [25/Oct/2021 14:47:23] "POST /auth/register/v2 HTTP/1.1" 200 -
127.0.0.1 - - [25/Oct/2021 14:47:23] "GET /user/profile/v1?token=eyJ0eXAiOiJKV1QiLCJhbGciOiJIUzI1NiJ9.eyJ1c2VyX2lkIjowLCJzZXNzaW9uX2lkIjoxfQ.WpX1_pFyFCRdZx5hWGJ6AbAXuQR6jvGb4DrsBLENmxo&u_id=0 HTTP/1.1" 200 -
127.0.0.1 - - [25/Oct/2021 14:47:23] "POST /channels/create/v2 HTTP/1.1" 200 -
127.0.0.1 - - [25/Oct/2021 14:47:23] "POST /auth/register/v2 HTTP/1.1" 200 -
127.0.0.1 - - [25/Oct/2021 14:47:23] "GET /user/profile/v1?token=eyJ0eXAiOiJKV1QiLCJhbGciOiJIUzI1NiJ9.eyJ1c2VyX2lkIjoxLCJzZXNzaW9uX2lkIjoyfQ.3IlFnyZjb8U5WB33OVJzvu7OYzdYAKPqvmD_oI9z8So&u_id=1 HTTP/1.1" 200 -
127.0.0.1 - - [25/Oct/2021 14:47:23] "POST /channel/join/v2 HTTP/1.1" 403 -
127.0.0.1 - - [25/Oct/2021 14:47:23] "DELETE /clear/v1 HTTP/1.1" 200 -
127.0.0.1 - - [25/Oct/2021 14:47:23] "POST /auth/register/v2 HTTP/1.1" 200 -
127.0.0.1 - - [25/Oct/2021 14:47:23] "GET /user/profile/v1?token=eyJ0eXAiOiJKV1QiLCJhbGciOiJIUzI1NiJ9.eyJ1c2VyX2lkIjowLCJzZXNzaW9uX2lkIjoxfQ.WpX1_pFyFCRdZx5hWGJ6AbAXuQR6jvGb4DrsBLENmxo&u_id=0 HTTP/1.1" 200 -
127.0.0.1 - - [25/Oct/2021 14:47:23] "POST /channels/create/v2 HTTP/1.1" 200 -
127.0.0.1 - - [25/Oct/2021 14:47:23] "POST /channel/join/v2 HTTP/1.1" 400 -
127.0.0.1 - - [25/Oct/2021 14:47:23] "DELETE /clear/v1 HTTP/1.1" 200 -
127.0.0.1 - - [25/Oct/2021 14:47:23] "POST /auth/register/v2 HTTP/1.1" 200 -
127.0.0.1 - - [25/Oct/2021 14:47:23] "GET /user/profile/v1?token=eyJ0eXAiOiJKV1QiLCJhbGciOiJIUzI1NiJ9.eyJ1c2VyX2lkIjowLCJzZXNzaW9uX2lkIjoxfQ.WpX1_pFyFCRdZx5hWGJ6AbAXuQR6jvGb4DrsBLENmxo&u_id=0 HTTP/1.1" 200 -
127.0.0.1 - - [25/Oct/2021 14:47:23] "POST /channel/join/v2 HTTP/1.1" 403 -
127.0.0.1 - - [25/Oct/2021 14:47:23] "DELETE /clear/v1 HTTP/1.1" 200 -
127.0.0.1 - - [25/Oct/2021 14:47:23] "POST /auth/register/v2 HTTP/1.1" 200 -
127.0.0.1 - - [25/Oct/2021 14:47:23] "GET /user/profile/v1?token=eyJ0eXAiOiJKV1QiLCJhbGciOiJIUzI1NiJ9.eyJ1c2VyX2lkIjowLCJzZXNzaW9uX2lkIjoxfQ.WpX1_pFyFCRdZx5hWGJ6AbAXuQR6jvGb4DrsBLENmxo&u_id=0 HTTP/1.1" 200 -
127.0.0.1 - - [25/Oct/2021 14:47:23] "POST /channels/create/v2 HTTP/1.1" 200 -
127.0.0.1 - - [25/Oct/2021 14:47:23] "POST /auth/logout/v1 HTTP/1.1" 200 -
127.0.0.1 - - [25/Oct/2021 14:47:23] "POST /channel/join/v2 HTTP/1.1" 403 -
127.0.0.1 - - [25/Oct/2021 14:47:23] "DELETE /clear/v1 HTTP/1.1" 200 -
127.0.0.1 - - [25/Oct/2021 14:47:23] "POST /auth/register/v2 HTTP/1.1" 200 -
127.0.0.1 - - [25/Oct/2021 14:47:23] "GET /user/profile/v1?token=eyJ0eXAiOiJKV1QiLCJhbGciOiJIUzI1NiJ9.eyJ1c2VyX2lkIjowLCJzZXNzaW9uX2lkIjoxfQ.WpX1_pFyFCRdZx5hWGJ6AbAXuQR6jvGb4DrsBLENmxo&u_id=0 HTTP/1.1" 200 -
127.0.0.1 - - [25/Oct/2021 14:47:23] "POST /channels/create/v2 HTTP/1.1" 200 -
127.0.0.1 - - [25/Oct/2021 14:47:23] "POST /channel/leave/v1 HTTP/1.1" 200 -
127.0.0.1 - - [25/Oct/2021 14:47:23] "GET /channels/list/v2?token=eyJ0eXAiOiJKV1QiLCJhbGciOiJIUzI1NiJ9.eyJ1c2VyX2lkIjowLCJzZXNzaW9uX2lkIjoxfQ.WpX1_pFyFCRdZx5hWGJ6AbAXuQR6jvGb4DrsBLENmxo HTTP/1.1" 200 -
127.0.0.1 - - [25/Oct/2021 14:47:23] "DELETE /clear/v1 HTTP/1.1" 200 -
127.0.0.1 - - [25/Oct/2021 14:47:23] "POST /auth/register/v2 HTTP/1.1" 200 -
127.0.0.1 - - [25/Oct/2021 14:47:23] "GET /user/profile/v1?token=eyJ0eXAiOiJKV1QiLCJhbGciOiJIUzI1NiJ9.eyJ1c2VyX2lkIjowLCJzZXNzaW9uX2lkIjoxfQ.WpX1_pFyFCRdZx5hWGJ6AbAXuQR6jvGb4DrsBLENmxo&u_id=0 HTTP/1.1" 200 -
127.0.0.1 - - [25/Oct/2021 14:47:23] "POST /channels/create/v2 HTTP/1.1" 200 -
127.0.0.1 - - [25/Oct/2021 14:47:23] "POST /auth/register/v2 HTTP/1.1" 200 -
127.0.0.1 - - [25/Oct/2021 14:47:23] "GET /user/profile/v1?token=eyJ0eXAiOiJKV1QiLCJhbGciOiJIUzI1NiJ9.eyJ1c2VyX2lkIjoxLCJzZXNzaW9uX2lkIjoyfQ.3IlFnyZjb8U5WB33OVJzvu7OYzdYAKPqvmD_oI9z8So&u_id=1 HTTP/1.1" 200 -
127.0.0.1 - - [25/Oct/2021 14:47:23] "POST /channel/leave/v1 HTTP/1.1" 403 -
127.0.0.1 - - [25/Oct/2021 14:47:23] "DELETE /clear/v1 HTTP/1.1" 200 -
127.0.0.1 - - [25/Oct/2021 14:47:23] "POST /auth/register/v2 HTTP/1.1" 200 -
127.0.0.1 - - [25/Oct/2021 14:47:23] "GET /user/profile/v1?token=eyJ0eXAiOiJKV1QiLCJhbGciOiJIUzI1NiJ9.eyJ1c2VyX2lkIjowLCJzZXNzaW9uX2lkIjoxfQ.WpX1_pFyFCRdZx5hWGJ6AbAXuQR6jvGb4DrsBLENmxo&u_id=0 HTTP/1.1" 200 -
127.0.0.1 - - [25/Oct/2021 14:47:23] "POST /channel/leave/v1 HTTP/1.1" 403 -
127.0.0.1 - - [25/Oct/2021 14:47:23] "DELETE /clear/v1 HTTP/1.1" 200 -
127.0.0.1 - - [25/Oct/2021 14:47:23] "POST /auth/register/v2 HTTP/1.1" 200 -
127.0.0.1 - - [25/Oct/2021 14:47:23] "GET /user/profile/v1?token=eyJ0eXAiOiJKV1QiLCJhbGciOiJIUzI1NiJ9.eyJ1c2VyX2lkIjowLCJzZXNzaW9uX2lkIjoxfQ.WpX1_pFyFCRdZx5hWGJ6AbAXuQR6jvGb4DrsBLENmxo&u_id=0 HTTP/1.1" 200 -
127.0.0.1 - - [25/Oct/2021 14:47:23] "POST /channels/create/v2 HTTP/1.1" 200 -
127.0.0.1 - - [25/Oct/2021 14:47:23] "POST /auth/logout/v1 HTTP/1.1" 200 -
127.0.0.1 - - [25/Oct/2021 14:47:23] "POST /channel/leave/v1 HTTP/1.1" 403 -
127.0.0.1 - - [25/Oct/2021 14:47:23] "DELETE /clear/v1 HTTP/1.1" 200 -
127.0.0.1 - - [25/Oct/2021 14:47:23] "POST /auth/register/v2 HTTP/1.1" 200 -
127.0.0.1 - - [25/Oct/2021 14:47:23] "GET /user/profile/v1?token=eyJ0eXAiOiJKV1QiLCJhbGciOiJIUzI1NiJ9.eyJ1c2VyX2lkIjowLCJzZXNzaW9uX2lkIjoxfQ.WpX1_pFyFCRdZx5hWGJ6AbAXuQR6jvGb4DrsBLENmxo&u_id=0 HTTP/1.1" 200 -
127.0.0.1 - - [25/Oct/2021 14:47:23] "POST /channels/create/v2 HTTP/1.1" 200 -
127.0.0.1 - - [25/Oct/2021 14:47:23] "POST /message/send/v1 HTTP/1.1" 200 -
127.0.0.1 - - [25/Oct/2021 14:47:23] "POST /message/send/v1 HTTP/1.1" 200 -
127.0.0.1 - - [25/Oct/2021 14:47:23] "POST /message/send/v1 HTTP/1.1" 200 -
127.0.0.1 - - [25/Oct/2021 14:47:23] "POST /message/send/v1 HTTP/1.1" 200 -
127.0.0.1 - - [25/Oct/2021 14:47:23] "POST /message/send/v1 HTTP/1.1" 200 -
127.0.0.1 - - [25/Oct/2021 14:47:23] "POST /message/send/v1 HTTP/1.1" 200 -
127.0.0.1 - - [25/Oct/2021 14:47:23] "POST /message/send/v1 HTTP/1.1" 200 -
127.0.0.1 - - [25/Oct/2021 14:47:23] "POST /message/send/v1 HTTP/1.1" 200 -
127.0.0.1 - - [25/Oct/2021 14:47:23] "POST /message/send/v1 HTTP/1.1" 200 -
127.0.0.1 - - [25/Oct/2021 14:47:23] "POST /message/send/v1 HTTP/1.1" 200 -
127.0.0.1 - - [25/Oct/2021 14:47:23] "GET /channel/messages/v2?token=eyJ0eXAiOiJKV1QiLCJhbGciOiJIUzI1NiJ9.eyJ1c2VyX2lkIjowLCJzZXNzaW9uX2lkIjoxfQ.WpX1_pFyFCRdZx5hWGJ6AbAXuQR6jvGb4DrsBLENmxo&channel_id=0&start=0 HTTP/1.1" 200 -
127.0.0.1 - - [25/Oct/2021 14:47:23] "DELETE /clear/v1 HTTP/1.1" 200 -
127.0.0.1 - - [25/Oct/2021 14:47:23] "POST /auth/register/v2 HTTP/1.1" 200 -
127.0.0.1 - - [25/Oct/2021 14:47:23] "GET /user/profile/v1?token=eyJ0eXAiOiJKV1QiLCJhbGciOiJIUzI1NiJ9.eyJ1c2VyX2lkIjowLCJzZXNzaW9uX2lkIjoxfQ.WpX1_pFyFCRdZx5hWGJ6AbAXuQR6jvGb4DrsBLENmxo&u_id=0 HTTP/1.1" 200 -
127.0.0.1 - - [25/Oct/2021 14:47:23] "POST /channels/create/v2 HTTP/1.1" 200 -
127.0.0.1 - - [25/Oct/2021 14:47:23] "POST /message/send/v1 HTTP/1.1" 200 -
127.0.0.1 - - [25/Oct/2021 14:47:23] "POST /message/send/v1 HTTP/1.1" 200 -
127.0.0.1 - - [25/Oct/2021 14:47:23] "POST /message/send/v1 HTTP/1.1" 200 -
127.0.0.1 - - [25/Oct/2021 14:47:23] "POST /message/send/v1 HTTP/1.1" 200 -
127.0.0.1 - - [25/Oct/2021 14:47:23] "POST /message/send/v1 HTTP/1.1" 200 -
127.0.0.1 - - [25/Oct/2021 14:47:23] "POST /message/send/v1 HTTP/1.1" 200 -
127.0.0.1 - - [25/Oct/2021 14:47:23] "POST /message/send/v1 HTTP/1.1" 200 -
127.0.0.1 - - [25/Oct/2021 14:47:23] "POST /message/send/v1 HTTP/1.1" 200 -
127.0.0.1 - - [25/Oct/2021 14:47:23] "POST /message/send/v1 HTTP/1.1" 200 -
127.0.0.1 - - [25/Oct/2021 14:47:23] "POST /message/send/v1 HTTP/1.1" 200 -
127.0.0.1 - - [25/Oct/2021 14:47:23] "POST /message/send/v1 HTTP/1.1" 200 -
127.0.0.1 - - [25/Oct/2021 14:47:23] "POST /message/send/v1 HTTP/1.1" 200 -
127.0.0.1 - - [25/Oct/2021 14:47:23] "POST /message/send/v1 HTTP/1.1" 200 -
127.0.0.1 - - [25/Oct/2021 14:47:24] "POST /message/send/v1 HTTP/1.1" 200 -
127.0.0.1 - - [25/Oct/2021 14:47:24] "POST /message/send/v1 HTTP/1.1" 200 -
127.0.0.1 - - [25/Oct/2021 14:47:24] "POST /message/send/v1 HTTP/1.1" 200 -
127.0.0.1 - - [25/Oct/2021 14:47:24] "POST /message/send/v1 HTTP/1.1" 200 -
127.0.0.1 - - [25/Oct/2021 14:47:24] "POST /message/send/v1 HTTP/1.1" 200 -
127.0.0.1 - - [25/Oct/2021 14:47:24] "POST /message/send/v1 HTTP/1.1" 200 -
127.0.0.1 - - [25/Oct/2021 14:47:24] "POST /message/send/v1 HTTP/1.1" 200 -
127.0.0.1 - - [25/Oct/2021 14:47:24] "POST /message/send/v1 HTTP/1.1" 200 -
127.0.0.1 - - [25/Oct/2021 14:47:24] "POST /message/send/v1 HTTP/1.1" 200 -
127.0.0.1 - - [25/Oct/2021 14:47:24] "POST /message/send/v1 HTTP/1.1" 200 -
127.0.0.1 - - [25/Oct/2021 14:47:24] "POST /message/send/v1 HTTP/1.1" 200 -
127.0.0.1 - - [25/Oct/2021 14:47:24] "POST /message/send/v1 HTTP/1.1" 200 -
127.0.0.1 - - [25/Oct/2021 14:47:24] "POST /message/send/v1 HTTP/1.1" 200 -
127.0.0.1 - - [25/Oct/2021 14:47:24] "POST /message/send/v1 HTTP/1.1" 200 -
127.0.0.1 - - [25/Oct/2021 14:47:24] "POST /message/send/v1 HTTP/1.1" 200 -
127.0.0.1 - - [25/Oct/2021 14:47:24] "POST /message/send/v1 HTTP/1.1" 200 -
127.0.0.1 - - [25/Oct/2021 14:47:24] "POST /message/send/v1 HTTP/1.1" 200 -
127.0.0.1 - - [25/Oct/2021 14:47:24] "POST /message/send/v1 HTTP/1.1" 200 -
127.0.0.1 - - [25/Oct/2021 14:47:24] "POST /message/send/v1 HTTP/1.1" 200 -
127.0.0.1 - - [25/Oct/2021 14:47:24] "POST /message/send/v1 HTTP/1.1" 200 -
127.0.0.1 - - [25/Oct/2021 14:47:24] "POST /message/send/v1 HTTP/1.1" 200 -
127.0.0.1 - - [25/Oct/2021 14:47:24] "POST /message/send/v1 HTTP/1.1" 200 -
127.0.0.1 - - [25/Oct/2021 14:47:24] "POST /message/send/v1 HTTP/1.1" 200 -
127.0.0.1 - - [25/Oct/2021 14:47:24] "POST /message/send/v1 HTTP/1.1" 200 -
127.0.0.1 - - [25/Oct/2021 14:47:24] "POST /message/send/v1 HTTP/1.1" 200 -
127.0.0.1 - - [25/Oct/2021 14:47:24] "POST /message/send/v1 HTTP/1.1" 200 -
127.0.0.1 - - [25/Oct/2021 14:47:24] "POST /message/send/v1 HTTP/1.1" 200 -
127.0.0.1 - - [25/Oct/2021 14:47:24] "POST /message/send/v1 HTTP/1.1" 200 -
127.0.0.1 - - [25/Oct/2021 14:47:24] "POST /message/send/v1 HTTP/1.1" 200 -
127.0.0.1 - - [25/Oct/2021 14:47:24] "POST /message/send/v1 HTTP/1.1" 200 -
127.0.0.1 - - [25/Oct/2021 14:47:24] "POST /message/send/v1 HTTP/1.1" 200 -
127.0.0.1 - - [25/Oct/2021 14:47:24] "POST /message/send/v1 HTTP/1.1" 200 -
127.0.0.1 - - [25/Oct/2021 14:47:24] "POST /message/send/v1 HTTP/1.1" 200 -
127.0.0.1 - - [25/Oct/2021 14:47:24] "POST /message/send/v1 HTTP/1.1" 200 -
127.0.0.1 - - [25/Oct/2021 14:47:24] "POST /message/send/v1 HTTP/1.1" 200 -
127.0.0.1 - - [25/Oct/2021 14:47:24] "POST /message/send/v1 HTTP/1.1" 200 -
127.0.0.1 - - [25/Oct/2021 14:47:24] "POST /message/send/v1 HTTP/1.1" 200 -
127.0.0.1 - - [25/Oct/2021 14:47:24] "POST /message/send/v1 HTTP/1.1" 200 -
127.0.0.1 - - [25/Oct/2021 14:47:24] "GET /channel/messages/v2?token=eyJ0eXAiOiJKV1QiLCJhbGciOiJIUzI1NiJ9.eyJ1c2VyX2lkIjowLCJzZXNzaW9uX2lkIjoxfQ.WpX1_pFyFCRdZx5hWGJ6AbAXuQR6jvGb4DrsBLENmxo&channel_id=0&start=0 HTTP/1.1" 200 -
127.0.0.1 - - [25/Oct/2021 14:47:24] "GET /channel/messages/v2?token=eyJ0eXAiOiJKV1QiLCJhbGciOiJIUzI1NiJ9.eyJ1c2VyX2lkIjowLCJzZXNzaW9uX2lkIjoxfQ.WpX1_pFyFCRdZx5hWGJ6AbAXuQR6jvGb4DrsBLENmxo&channel_id=0&start=50 HTTP/1.1" 200 -
127.0.0.1 - - [25/Oct/2021 14:47:24] "DELETE /clear/v1 HTTP/1.1" 200 -
127.0.0.1 - - [25/Oct/2021 14:47:24] "POST /auth/register/v2 HTTP/1.1" 200 -
127.0.0.1 - - [25/Oct/2021 14:47:24] "GET /user/profile/v1?token=eyJ0eXAiOiJKV1QiLCJhbGciOiJIUzI1NiJ9.eyJ1c2VyX2lkIjowLCJzZXNzaW9uX2lkIjoxfQ.WpX1_pFyFCRdZx5hWGJ6AbAXuQR6jvGb4DrsBLENmxo&u_id=0 HTTP/1.1" 200 -
127.0.0.1 - - [25/Oct/2021 14:47:24] "POST /channels/create/v2 HTTP/1.1" 200 -
127.0.0.1 - - [25/Oct/2021 14:47:24] "POST /message/send/v1 HTTP/1.1" 200 -
127.0.0.1 - - [25/Oct/2021 14:47:24] "GET /channel/messages/v2?token=eyJ0eXAiOiJKV1QiLCJhbGciOiJIUzI1NiJ9.eyJ1c2VyX2lkIjowLCJzZXNzaW9uX2lkIjoxfQ.WpX1_pFyFCRdZx5hWGJ6AbAXuQR6jvGb4DrsBLENmxo&channel_id=0&start=0 HTTP/1.1" 200 -
127.0.0.1 - - [25/Oct/2021 14:47:24] "PUT /message/edit/v1 HTTP/1.1" 200 -
127.0.0.1 - - [25/Oct/2021 14:47:24] "GET /channel/messages/v2?token=eyJ0eXAiOiJKV1QiLCJhbGciOiJIUzI1NiJ9.eyJ1c2VyX2lkIjowLCJzZXNzaW9uX2lkIjoxfQ.WpX1_pFyFCRdZx5hWGJ6AbAXuQR6jvGb4DrsBLENmxo&channel_id=0&start=0 HTTP/1.1" 200 -
127.0.0.1 - - [25/Oct/2021 14:47:24] "DELETE /clear/v1 HTTP/1.1" 200 -
127.0.0.1 - - [25/Oct/2021 14:47:24] "POST /auth/register/v2 HTTP/1.1" 200 -
127.0.0.1 - - [25/Oct/2021 14:47:24] "GET /user/profile/v1?token=eyJ0eXAiOiJKV1QiLCJhbGciOiJIUzI1NiJ9.eyJ1c2VyX2lkIjowLCJzZXNzaW9uX2lkIjoxfQ.WpX1_pFyFCRdZx5hWGJ6AbAXuQR6jvGb4DrsBLENmxo&u_id=0 HTTP/1.1" 200 -
127.0.0.1 - - [25/Oct/2021 14:47:24] "POST /channels/create/v2 HTTP/1.1" 200 -
127.0.0.1 - - [25/Oct/2021 14:47:24] "POST /message/send/v1 HTTP/1.1" 200 -
127.0.0.1 - - [25/Oct/2021 14:47:24] "GET /channel/messages/v2?token=eyJ0eXAiOiJKV1QiLCJhbGciOiJIUzI1NiJ9.eyJ1c2VyX2lkIjowLCJzZXNzaW9uX2lkIjoxfQ.WpX1_pFyFCRdZx5hWGJ6AbAXuQR6jvGb4DrsBLENmxo&channel_id=0&start=0 HTTP/1.1" 200 -
127.0.0.1 - - [25/Oct/2021 14:47:24] "DELETE /message/remove/v1 HTTP/1.1" 200 -
127.0.0.1 - - [25/Oct/2021 14:47:24] "GET /channel/messages/v2?token=eyJ0eXAiOiJKV1QiLCJhbGciOiJIUzI1NiJ9.eyJ1c2VyX2lkIjowLCJzZXNzaW9uX2lkIjoxfQ.WpX1_pFyFCRdZx5hWGJ6AbAXuQR6jvGb4DrsBLENmxo&channel_id=0&start=0 HTTP/1.1" 200 -
127.0.0.1 - - [25/Oct/2021 14:47:24] "DELETE /clear/v1 HTTP/1.1" 200 -
127.0.0.1 - - [25/Oct/2021 14:47:24] "POST /auth/register/v2 HTTP/1.1" 200 -
127.0.0.1 - - [25/Oct/2021 14:47:24] "GET /user/profile/v1?token=eyJ0eXAiOiJKV1QiLCJhbGciOiJIUzI1NiJ9.eyJ1c2VyX2lkIjowLCJzZXNzaW9uX2lkIjoxfQ.WpX1_pFyFCRdZx5hWGJ6AbAXuQR6jvGb4DrsBLENmxo&u_id=0 HTTP/1.1" 200 -
127.0.0.1 - - [25/Oct/2021 14:47:24] "POST /channels/create/v2 HTTP/1.1" 200 -
127.0.0.1 - - [25/Oct/2021 14:47:24] "GET /channel/messages/v2?token=eyJ0eXAiOiJKV1QiLCJhbGciOiJIUzI1NiJ9.eyJ1c2VyX2lkIjowLCJzZXNzaW9uX2lkIjoxfQ.WpX1_pFyFCRdZx5hWGJ6AbAXuQR6jvGb4DrsBLENmxo&channel_id=0&start=21389429 HTTP/1.1" 400 -
127.0.0.1 - - [25/Oct/2021 14:47:24] "DELETE /clear/v1 HTTP/1.1" 200 -
127.0.0.1 - - [25/Oct/2021 14:47:24] "POST /auth/register/v2 HTTP/1.1" 200 -
127.0.0.1 - - [25/Oct/2021 14:47:24] "GET /user/profile/v1?token=eyJ0eXAiOiJKV1QiLCJhbGciOiJIUzI1NiJ9.eyJ1c2VyX2lkIjowLCJzZXNzaW9uX2lkIjoxfQ.WpX1_pFyFCRdZx5hWGJ6AbAXuQR6jvGb4DrsBLENmxo&u_id=0 HTTP/1.1" 200 -
127.0.0.1 - - [25/Oct/2021 14:47:24] "POST /channels/create/v2 HTTP/1.1" 200 -
127.0.0.1 - - [25/Oct/2021 14:47:24] "POST /auth/register/v2 HTTP/1.1" 200 -
127.0.0.1 - - [25/Oct/2021 14:47:24] "GET /user/profile/v1?token=eyJ0eXAiOiJKV1QiLCJhbGciOiJIUzI1NiJ9.eyJ1c2VyX2lkIjoxLCJzZXNzaW9uX2lkIjoyfQ.3IlFnyZjb8U5WB33OVJzvu7OYzdYAKPqvmD_oI9z8So&u_id=1 HTTP/1.1" 200 -
127.0.0.1 - - [25/Oct/2021 14:47:24] "GET /channel/messages/v2?token=eyJ0eXAiOiJKV1QiLCJhbGciOiJIUzI1NiJ9.eyJ1c2VyX2lkIjoxLCJzZXNzaW9uX2lkIjoyfQ.3IlFnyZjb8U5WB33OVJzvu7OYzdYAKPqvmD_oI9z8So&channel_id=0&start=0 HTTP/1.1" 403 -
127.0.0.1 - - [25/Oct/2021 14:47:24] "DELETE /clear/v1 HTTP/1.1" 200 -
127.0.0.1 - - [25/Oct/2021 14:47:24] "POST /auth/register/v2 HTTP/1.1" 200 -
127.0.0.1 - - [25/Oct/2021 14:47:24] "GET /user/profile/v1?token=eyJ0eXAiOiJKV1QiLCJhbGciOiJIUzI1NiJ9.eyJ1c2VyX2lkIjowLCJzZXNzaW9uX2lkIjoxfQ.WpX1_pFyFCRdZx5hWGJ6AbAXuQR6jvGb4DrsBLENmxo&u_id=0 HTTP/1.1" 200 -
127.0.0.1 - - [25/Oct/2021 14:47:24] "GET /channel/messages/v2?token=eyJ0eXAiOiJKV1QiLCJhbGciOiJIUzI1NiJ9.eyJ1c2VyX2lkIjowLCJzZXNzaW9uX2lkIjoxfQ.WpX1_pFyFCRdZx5hWGJ6AbAXuQR6jvGb4DrsBLENmxo&channel_id=-1&start=0 HTTP/1.1" 400 -
127.0.0.1 - - [25/Oct/2021 14:47:24] "DELETE /clear/v1 HTTP/1.1" 200 -
127.0.0.1 - - [25/Oct/2021 14:47:24] "POST /auth/register/v2 HTTP/1.1" 200 -
127.0.0.1 - - [25/Oct/2021 14:47:24] "GET /user/profile/v1?token=eyJ0eXAiOiJKV1QiLCJhbGciOiJIUzI1NiJ9.eyJ1c2VyX2lkIjowLCJzZXNzaW9uX2lkIjoxfQ.WpX1_pFyFCRdZx5hWGJ6AbAXuQR6jvGb4DrsBLENmxo&u_id=0 HTTP/1.1" 200 -
127.0.0.1 - - [25/Oct/2021 14:47:24] "POST /channels/create/v2 HTTP/1.1" 200 -
127.0.0.1 - - [25/Oct/2021 14:47:24] "POST /auth/logout/v1 HTTP/1.1" 200 -
127.0.0.1 - - [25/Oct/2021 14:47:24] "GET /channel/messages/v2?token=eyJ0eXAiOiJKV1QiLCJhbGciOiJIUzI1NiJ9.eyJ1c2VyX2lkIjowLCJzZXNzaW9uX2lkIjoxfQ.WpX1_pFyFCRdZx5hWGJ6AbAXuQR6jvGb4DrsBLENmxo&channel_id=0&start=0 HTTP/1.1" 403 -
127.0.0.1 - - [25/Oct/2021 14:47:24] "DELETE /clear/v1 HTTP/1.1" 200 -
127.0.0.1 - - [25/Oct/2021 14:47:24] "POST /auth/register/v2 HTTP/1.1" 200 -
127.0.0.1 - - [25/Oct/2021 14:47:24] "GET /user/profile/v1?token=eyJ0eXAiOiJKV1QiLCJhbGciOiJIUzI1NiJ9.eyJ1c2VyX2lkIjowLCJzZXNzaW9uX2lkIjoxfQ.WpX1_pFyFCRdZx5hWGJ6AbAXuQR6jvGb4DrsBLENmxo&u_id=0 HTTP/1.1" 200 -
127.0.0.1 - - [25/Oct/2021 14:47:24] "POST /channels/create/v2 HTTP/1.1" 200 -
127.0.0.1 - - [25/Oct/2021 14:47:24] "POST /auth/register/v2 HTTP/1.1" 200 -
127.0.0.1 - - [25/Oct/2021 14:47:24] "GET /user/profile/v1?token=eyJ0eXAiOiJKV1QiLCJhbGciOiJIUzI1NiJ9.eyJ1c2VyX2lkIjoxLCJzZXNzaW9uX2lkIjoyfQ.3IlFnyZjb8U5WB33OVJzvu7OYzdYAKPqvmD_oI9z8So&u_id=1 HTTP/1.1" 200 -
127.0.0.1 - - [25/Oct/2021 14:47:24] "POST /channel/invite/v2 HTTP/1.1" 200 -
127.0.0.1 - - [25/Oct/2021 14:47:24] "POST /channel/addowner/v1 HTTP/1.1" 200 -
127.0.0.1 - - [25/Oct/2021 14:47:24] "POST /channel/removeowner/v1 HTTP/1.1" 200 -
127.0.0.1 - - [25/Oct/2021 14:47:24] "GET /channel/details/v2?token=eyJ0eXAiOiJKV1QiLCJhbGciOiJIUzI1NiJ9.eyJ1c2VyX2lkIjoxLCJzZXNzaW9uX2lkIjoyfQ.3IlFnyZjb8U5WB33OVJzvu7OYzdYAKPqvmD_oI9z8So&channel_id=0 HTTP/1.1" 200 -
127.0.0.1 - - [25/Oct/2021 14:47:24] "DELETE /clear/v1 HTTP/1.1" 200 -
127.0.0.1 - - [25/Oct/2021 14:47:24] "POST /auth/register/v2 HTTP/1.1" 200 -
127.0.0.1 - - [25/Oct/2021 14:47:24] "GET /user/profile/v1?token=eyJ0eXAiOiJKV1QiLCJhbGciOiJIUzI1NiJ9.eyJ1c2VyX2lkIjowLCJzZXNzaW9uX2lkIjoxfQ.WpX1_pFyFCRdZx5hWGJ6AbAXuQR6jvGb4DrsBLENmxo&u_id=0 HTTP/1.1" 200 -
127.0.0.1 - - [25/Oct/2021 14:47:24] "POST /auth/register/v2 HTTP/1.1" 200 -
127.0.0.1 - - [25/Oct/2021 14:47:24] "GET /user/profile/v1?token=eyJ0eXAiOiJKV1QiLCJhbGciOiJIUzI1NiJ9.eyJ1c2VyX2lkIjoxLCJzZXNzaW9uX2lkIjoyfQ.3IlFnyZjb8U5WB33OVJzvu7OYzdYAKPqvmD_oI9z8So&u_id=1 HTTP/1.1" 200 -
127.0.0.1 - - [25/Oct/2021 14:47:24] "POST /channels/create/v2 HTTP/1.1" 200 -
127.0.0.1 - - [25/Oct/2021 14:47:24] "POST /auth/register/v2 HTTP/1.1" 200 -
127.0.0.1 - - [25/Oct/2021 14:47:24] "GET /user/profile/v1?token=eyJ0eXAiOiJKV1QiLCJhbGciOiJIUzI1NiJ9.eyJ1c2VyX2lkIjoyLCJzZXNzaW9uX2lkIjozfQ.2mMC9Y48syJFgW_SZTS9aMPihEm3QxJA0QuKCrfCwhY&u_id=2 HTTP/1.1" 200 -
127.0.0.1 - - [25/Oct/2021 14:47:24] "POST /channel/invite/v2 HTTP/1.1" 200 -
127.0.0.1 - - [25/Oct/2021 14:47:24] "POST /channel/invite/v2 HTTP/1.1" 200 -
127.0.0.1 - - [25/Oct/2021 14:47:24] "POST /channel/addowner/v1 HTTP/1.1" 200 -
127.0.0.1 - - [25/Oct/2021 14:47:24] "POST /channel/removeowner/v1 HTTP/1.1" 403 -
127.0.0.1 - - [25/Oct/2021 14:47:24] "DELETE /clear/v1 HTTP/1.1" 200 -
127.0.0.1 - - [25/Oct/2021 14:47:24] "POST /auth/register/v2 HTTP/1.1" 200 -
127.0.0.1 - - [25/Oct/2021 14:47:24] "GET /user/profile/v1?token=eyJ0eXAiOiJKV1QiLCJhbGciOiJIUzI1NiJ9.eyJ1c2VyX2lkIjowLCJzZXNzaW9uX2lkIjoxfQ.WpX1_pFyFCRdZx5hWGJ6AbAXuQR6jvGb4DrsBLENmxo&u_id=0 HTTP/1.1" 200 -
127.0.0.1 - - [25/Oct/2021 14:47:24] "POST /auth/register/v2 HTTP/1.1" 200 -
127.0.0.1 - - [25/Oct/2021 14:47:24] "GET /user/profile/v1?token=eyJ0eXAiOiJKV1QiLCJhbGciOiJIUzI1NiJ9.eyJ1c2VyX2lkIjoxLCJzZXNzaW9uX2lkIjoyfQ.3IlFnyZjb8U5WB33OVJzvu7OYzdYAKPqvmD_oI9z8So&u_id=1 HTTP/1.1" 200 -
127.0.0.1 - - [25/Oct/2021 14:47:24] "POST /channels/create/v2 HTTP/1.1" 200 -
127.0.0.1 - - [25/Oct/2021 14:47:24] "POST /auth/register/v2 HTTP/1.1" 200 -
127.0.0.1 - - [25/Oct/2021 14:47:24] "GET /user/profile/v1?token=eyJ0eXAiOiJKV1QiLCJhbGciOiJIUzI1NiJ9.eyJ1c2VyX2lkIjoyLCJzZXNzaW9uX2lkIjozfQ.2mMC9Y48syJFgW_SZTS9aMPihEm3QxJA0QuKCrfCwhY&u_id=2 HTTP/1.1" 200 -
127.0.0.1 - - [25/Oct/2021 14:47:24] "POST /channel/invite/v2 HTTP/1.1" 200 -
127.0.0.1 - - [25/Oct/2021 14:47:24] "POST /channel/addowner/v1 HTTP/1.1" 200 -
127.0.0.1 - - [25/Oct/2021 14:47:24] "POST /channel/removeowner/v1 HTTP/1.1" 403 -
127.0.0.1 - - [25/Oct/2021 14:47:24] "DELETE /clear/v1 HTTP/1.1" 200 -
127.0.0.1 - - [25/Oct/2021 14:47:24] "POST /auth/register/v2 HTTP/1.1" 200 -
127.0.0.1 - - [25/Oct/2021 14:47:24] "GET /user/profile/v1?token=eyJ0eXAiOiJKV1QiLCJhbGciOiJIUzI1NiJ9.eyJ1c2VyX2lkIjowLCJzZXNzaW9uX2lkIjoxfQ.WpX1_pFyFCRdZx5hWGJ6AbAXuQR6jvGb4DrsBLENmxo&u_id=0 HTTP/1.1" 200 -
127.0.0.1 - - [25/Oct/2021 14:47:24] "POST /channels/create/v2 HTTP/1.1" 200 -
127.0.0.1 - - [25/Oct/2021 14:47:24] "POST /auth/register/v2 HTTP/1.1" 200 -
127.0.0.1 - - [25/Oct/2021 14:47:24] "GET /user/profile/v1?token=eyJ0eXAiOiJKV1QiLCJhbGciOiJIUzI1NiJ9.eyJ1c2VyX2lkIjoxLCJzZXNzaW9uX2lkIjoyfQ.3IlFnyZjb8U5WB33OVJzvu7OYzdYAKPqvmD_oI9z8So&u_id=1 HTTP/1.1" 200 -
127.0.0.1 - - [25/Oct/2021 14:47:24] "POST /channel/removeowner/v1 HTTP/1.1" 403 -
127.0.0.1 - - [25/Oct/2021 14:47:24] "DELETE /clear/v1 HTTP/1.1" 200 -
127.0.0.1 - - [25/Oct/2021 14:47:24] "POST /auth/register/v2 HTTP/1.1" 200 -
127.0.0.1 - - [25/Oct/2021 14:47:24] "GET /user/profile/v1?token=eyJ0eXAiOiJKV1QiLCJhbGciOiJIUzI1NiJ9.eyJ1c2VyX2lkIjowLCJzZXNzaW9uX2lkIjoxfQ.WpX1_pFyFCRdZx5hWGJ6AbAXuQR6jvGb4DrsBLENmxo&u_id=0 HTTP/1.1" 200 -
127.0.0.1 - - [25/Oct/2021 14:47:24] "POST /channels/create/v2 HTTP/1.1" 200 -
127.0.0.1 - - [25/Oct/2021 14:47:24] "POST /auth/register/v2 HTTP/1.1" 200 -
127.0.0.1 - - [25/Oct/2021 14:47:24] "GET /user/profile/v1?token=eyJ0eXAiOiJKV1QiLCJhbGciOiJIUzI1NiJ9.eyJ1c2VyX2lkIjoxLCJzZXNzaW9uX2lkIjoyfQ.3IlFnyZjb8U5WB33OVJzvu7OYzdYAKPqvmD_oI9z8So&u_id=1 HTTP/1.1" 200 -
127.0.0.1 - - [25/Oct/2021 14:47:24] "POST /channel/join/v2 HTTP/1.1" 200 -
127.0.0.1 - - [25/Oct/2021 14:47:24] "POST /channel/removeowner/v1 HTTP/1.1" 403 -
127.0.0.1 - - [25/Oct/2021 14:47:24] "DELETE /clear/v1 HTTP/1.1" 200 -
127.0.0.1 - - [25/Oct/2021 14:47:24] "POST /auth/register/v2 HTTP/1.1" 200 -
127.0.0.1 - - [25/Oct/2021 14:47:24] "GET /user/profile/v1?token=eyJ0eXAiOiJKV1QiLCJhbGciOiJIUzI1NiJ9.eyJ1c2VyX2lkIjowLCJzZXNzaW9uX2lkIjoxfQ.WpX1_pFyFCRdZx5hWGJ6AbAXuQR6jvGb4DrsBLENmxo&u_id=0 HTTP/1.1" 200 -
127.0.0.1 - - [25/Oct/2021 14:47:24] "POST /channels/create/v2 HTTP/1.1" 200 -
127.0.0.1 - - [25/Oct/2021 14:47:24] "POST /channel/removeowner/v1 HTTP/1.1" 400 -
127.0.0.1 - - [25/Oct/2021 14:47:24] "DELETE /clear/v1 HTTP/1.1" 200 -
127.0.0.1 - - [25/Oct/2021 14:47:24] "POST /auth/register/v2 HTTP/1.1" 200 -
127.0.0.1 - - [25/Oct/2021 14:47:24] "GET /user/profile/v1?token=eyJ0eXAiOiJKV1QiLCJhbGciOiJIUzI1NiJ9.eyJ1c2VyX2lkIjowLCJzZXNzaW9uX2lkIjoxfQ.WpX1_pFyFCRdZx5hWGJ6AbAXuQR6jvGb4DrsBLENmxo&u_id=0 HTTP/1.1" 200 -
127.0.0.1 - - [25/Oct/2021 14:47:24] "POST /auth/register/v2 HTTP/1.1" 200 -
127.0.0.1 - - [25/Oct/2021 14:47:24] "GET /user/profile/v1?token=eyJ0eXAiOiJKV1QiLCJhbGciOiJIUzI1NiJ9.eyJ1c2VyX2lkIjoxLCJzZXNzaW9uX2lkIjoyfQ.3IlFnyZjb8U5WB33OVJzvu7OYzdYAKPqvmD_oI9z8So&u_id=1 HTTP/1.1" 200 -
127.0.0.1 - - [25/Oct/2021 14:47:24] "POST /channels/create/v2 HTTP/1.1" 200 -
127.0.0.1 - - [25/Oct/2021 14:47:24] "POST /channel/join/v2 HTTP/1.1" 200 -
127.0.0.1 - - [25/Oct/2021 14:47:24] "POST /channel/removeowner/v1 HTTP/1.1" 403 -
127.0.0.1 - - [25/Oct/2021 14:47:24] "DELETE /clear/v1 HTTP/1.1" 200 -
127.0.0.1 - - [25/Oct/2021 14:47:24] "POST /auth/register/v2 HTTP/1.1" 200 -
127.0.0.1 - - [25/Oct/2021 14:47:24] "GET /user/profile/v1?token=eyJ0eXAiOiJKV1QiLCJhbGciOiJIUzI1NiJ9.eyJ1c2VyX2lkIjowLCJzZXNzaW9uX2lkIjoxfQ.WpX1_pFyFCRdZx5hWGJ6AbAXuQR6jvGb4DrsBLENmxo&u_id=0 HTTP/1.1" 200 -
127.0.0.1 - - [25/Oct/2021 14:47:24] "POST /channels/create/v2 HTTP/1.1" 200 -
127.0.0.1 - - [25/Oct/2021 14:47:24] "POST /auth/register/v2 HTTP/1.1" 200 -
127.0.0.1 - - [25/Oct/2021 14:47:24] "GET /user/profile/v1?token=eyJ0eXAiOiJKV1QiLCJhbGciOiJIUzI1NiJ9.eyJ1c2VyX2lkIjoxLCJzZXNzaW9uX2lkIjoyfQ.3IlFnyZjb8U5WB33OVJzvu7OYzdYAKPqvmD_oI9z8So&u_id=1 HTTP/1.1" 200 -
127.0.0.1 - - [25/Oct/2021 14:47:24] "POST /channel/removeowner/v1 HTTP/1.1" 400 -
127.0.0.1 - - [25/Oct/2021 14:47:24] "DELETE /clear/v1 HTTP/1.1" 200 -
127.0.0.1 - - [25/Oct/2021 14:47:24] "POST /auth/register/v2 HTTP/1.1" 200 -
127.0.0.1 - - [25/Oct/2021 14:47:24] "GET /user/profile/v1?token=eyJ0eXAiOiJKV1QiLCJhbGciOiJIUzI1NiJ9.eyJ1c2VyX2lkIjowLCJzZXNzaW9uX2lkIjoxfQ.WpX1_pFyFCRdZx5hWGJ6AbAXuQR6jvGb4DrsBLENmxo&u_id=0 HTTP/1.1" 200 -
127.0.0.1 - - [25/Oct/2021 14:47:24] "POST /channels/create/v2 HTTP/1.1" 200 -
127.0.0.1 - - [25/Oct/2021 14:47:24] "POST /channel/removeowner/v1 HTTP/1.1" 400 -
127.0.0.1 - - [25/Oct/2021 14:47:24] "DELETE /clear/v1 HTTP/1.1" 200 -
127.0.0.1 - - [25/Oct/2021 14:47:24] "POST /auth/register/v2 HTTP/1.1" 200 -
127.0.0.1 - - [25/Oct/2021 14:47:24] "GET /user/profile/v1?token=eyJ0eXAiOiJKV1QiLCJhbGciOiJIUzI1NiJ9.eyJ1c2VyX2lkIjowLCJzZXNzaW9uX2lkIjoxfQ.WpX1_pFyFCRdZx5hWGJ6AbAXuQR6jvGb4DrsBLENmxo&u_id=0 HTTP/1.1" 200 -
127.0.0.1 - - [25/Oct/2021 14:47:24] "POST /auth/register/v2 HTTP/1.1" 200 -
127.0.0.1 - - [25/Oct/2021 14:47:24] "GET /user/profile/v1?token=eyJ0eXAiOiJKV1QiLCJhbGciOiJIUzI1NiJ9.eyJ1c2VyX2lkIjoxLCJzZXNzaW9uX2lkIjoyfQ.3IlFnyZjb8U5WB33OVJzvu7OYzdYAKPqvmD_oI9z8So&u_id=1 HTTP/1.1" 200 -
127.0.0.1 - - [25/Oct/2021 14:47:24] "POST /channel/removeowner/v1 HTTP/1.1" 403 -
127.0.0.1 - - [25/Oct/2021 14:47:24] "DELETE /clear/v1 HTTP/1.1" 200 -
127.0.0.1 - - [25/Oct/2021 14:47:24] "POST /auth/register/v2 HTTP/1.1" 200 -
127.0.0.1 - - [25/Oct/2021 14:47:24] "GET /user/profile/v1?token=eyJ0eXAiOiJKV1QiLCJhbGciOiJIUzI1NiJ9.eyJ1c2VyX2lkIjowLCJzZXNzaW9uX2lkIjoxfQ.WpX1_pFyFCRdZx5hWGJ6AbAXuQR6jvGb4DrsBLENmxo&u_id=0 HTTP/1.1" 200 -
127.0.0.1 - - [25/Oct/2021 14:47:24] "POST /channels/create/v2 HTTP/1.1" 200 -
127.0.0.1 - - [25/Oct/2021 14:47:24] "POST /auth/register/v2 HTTP/1.1" 200 -
127.0.0.1 - - [25/Oct/2021 14:47:24] "GET /user/profile/v1?token=eyJ0eXAiOiJKV1QiLCJhbGciOiJIUzI1NiJ9.eyJ1c2VyX2lkIjoxLCJzZXNzaW9uX2lkIjoyfQ.3IlFnyZjb8U5WB33OVJzvu7OYzdYAKPqvmD_oI9z8So&u_id=1 HTTP/1.1" 200 -
127.0.0.1 - - [25/Oct/2021 14:47:24] "POST /auth/logout/v1 HTTP/1.1" 200 -
127.0.0.1 - - [25/Oct/2021 14:47:24] "POST /channel/removeowner/v1 HTTP/1.1" 403 -
127.0.0.1 - - [25/Oct/2021 14:47:24] "DELETE /clear/v1 HTTP/1.1" 200 -
127.0.0.1 - - [25/Oct/2021 14:47:24] "POST /auth/register/v2 HTTP/1.1" 200 -
127.0.0.1 - - [25/Oct/2021 14:47:24] "GET /user/profile/v1?token=eyJ0eXAiOiJKV1QiLCJhbGciOiJIUzI1NiJ9.eyJ1c2VyX2lkIjowLCJzZXNzaW9uX2lkIjoxfQ.WpX1_pFyFCRdZx5hWGJ6AbAXuQR6jvGb4DrsBLENmxo&u_id=0 HTTP/1.1" 200 -
127.0.0.1 - - [25/Oct/2021 14:47:24] "POST /auth/register/v2 HTTP/1.1" 200 -
127.0.0.1 - - [25/Oct/2021 14:47:24] "GET /user/profile/v1?token=eyJ0eXAiOiJKV1QiLCJhbGciOiJIUzI1NiJ9.eyJ1c2VyX2lkIjoxLCJzZXNzaW9uX2lkIjoyfQ.3IlFnyZjb8U5WB33OVJzvu7OYzdYAKPqvmD_oI9z8So&u_id=1 HTTP/1.1" 200 -
127.0.0.1 - - [25/Oct/2021 14:47:24] "POST /channels/create/v2 HTTP/1.1" 200 -
127.0.0.1 - - [25/Oct/2021 14:47:24] "GET /channel/details/v2?token=eyJ0eXAiOiJKV1QiLCJhbGciOiJIUzI1NiJ9.eyJ1c2VyX2lkIjowLCJzZXNzaW9uX2lkIjoxfQ.WpX1_pFyFCRdZx5hWGJ6AbAXuQR6jvGb4DrsBLENmxo&channel_id=0 HTTP/1.1" 200 -
127.0.0.1 - - [25/Oct/2021 14:47:24] "DELETE /clear/v1 HTTP/1.1" 200 -
127.0.0.1 - - [25/Oct/2021 14:47:24] "POST /auth/register/v2 HTTP/1.1" 200 -
127.0.0.1 - - [25/Oct/2021 14:47:24] "GET /user/profile/v1?token=eyJ0eXAiOiJKV1QiLCJhbGciOiJIUzI1NiJ9.eyJ1c2VyX2lkIjowLCJzZXNzaW9uX2lkIjoxfQ.WpX1_pFyFCRdZx5hWGJ6AbAXuQR6jvGb4DrsBLENmxo&u_id=0 HTTP/1.1" 200 -
127.0.0.1 - - [25/Oct/2021 14:47:24] "POST /auth/register/v2 HTTP/1.1" 200 -
127.0.0.1 - - [25/Oct/2021 14:47:24] "GET /user/profile/v1?token=eyJ0eXAiOiJKV1QiLCJhbGciOiJIUzI1NiJ9.eyJ1c2VyX2lkIjoxLCJzZXNzaW9uX2lkIjoyfQ.3IlFnyZjb8U5WB33OVJzvu7OYzdYAKPqvmD_oI9z8So&u_id=1 HTTP/1.1" 200 -
127.0.0.1 - - [25/Oct/2021 14:47:24] "POST /channels/create/v2 HTTP/1.1" 200 -
127.0.0.1 - - [25/Oct/2021 14:47:24] "GET /channel/details/v2?token=eyJ0eXAiOiJKV1QiLCJhbGciOiJIUzI1NiJ9.eyJ1c2VyX2lkIjowLCJzZXNzaW9uX2lkIjoxfQ.WpX1_pFyFCRdZx5hWGJ6AbAXuQR6jvGb4DrsBLENmxo&channel_id=0 HTTP/1.1" 200 -
127.0.0.1 - - [25/Oct/2021 14:47:24] "POST /channel/join/v2 HTTP/1.1" 403 -
127.0.0.1 - - [25/Oct/2021 14:47:24] "DELETE /clear/v1 HTTP/1.1" 200 -
127.0.0.1 - - [25/Oct/2021 14:47:24] "POST /auth/register/v2 HTTP/1.1" 200 -
127.0.0.1 - - [25/Oct/2021 14:47:24] "GET /user/profile/v1?token=eyJ0eXAiOiJKV1QiLCJhbGciOiJIUzI1NiJ9.eyJ1c2VyX2lkIjowLCJzZXNzaW9uX2lkIjoxfQ.WpX1_pFyFCRdZx5hWGJ6AbAXuQR6jvGb4DrsBLENmxo&u_id=0 HTTP/1.1" 200 -
127.0.0.1 - - [25/Oct/2021 14:47:24] "POST /channels/create/v2 HTTP/1.1" 400 -
127.0.0.1 - - [25/Oct/2021 14:47:24] "DELETE /clear/v1 HTTP/1.1" 200 -
127.0.0.1 - - [25/Oct/2021 14:47:24] "POST /auth/register/v2 HTTP/1.1" 200 -
127.0.0.1 - - [25/Oct/2021 14:47:24] "GET /user/profile/v1?token=eyJ0eXAiOiJKV1QiLCJhbGciOiJIUzI1NiJ9.eyJ1c2VyX2lkIjowLCJzZXNzaW9uX2lkIjoxfQ.WpX1_pFyFCRdZx5hWGJ6AbAXuQR6jvGb4DrsBLENmxo&u_id=0 HTTP/1.1" 200 -
127.0.0.1 - - [25/Oct/2021 14:47:24] "POST /channels/create/v2 HTTP/1.1" 400 -
127.0.0.1 - - [25/Oct/2021 14:47:24] "DELETE /clear/v1 HTTP/1.1" 200 -
127.0.0.1 - - [25/Oct/2021 14:47:24] "POST /auth/register/v2 HTTP/1.1" 200 -
127.0.0.1 - - [25/Oct/2021 14:47:24] "GET /user/profile/v1?token=eyJ0eXAiOiJKV1QiLCJhbGciOiJIUzI1NiJ9.eyJ1c2VyX2lkIjowLCJzZXNzaW9uX2lkIjoxfQ.WpX1_pFyFCRdZx5hWGJ6AbAXuQR6jvGb4DrsBLENmxo&u_id=0 HTTP/1.1" 200 -
127.0.0.1 - - [25/Oct/2021 14:47:24] "POST /channels/create/v2 HTTP/1.1" 400 -
127.0.0.1 - - [25/Oct/2021 14:47:24] "DELETE /clear/v1 HTTP/1.1" 200 -
127.0.0.1 - - [25/Oct/2021 14:47:24] "POST /auth/register/v2 HTTP/1.1" 200 -
127.0.0.1 - - [25/Oct/2021 14:47:24] "GET /user/profile/v1?token=eyJ0eXAiOiJKV1QiLCJhbGciOiJIUzI1NiJ9.eyJ1c2VyX2lkIjowLCJzZXNzaW9uX2lkIjoxfQ.WpX1_pFyFCRdZx5hWGJ6AbAXuQR6jvGb4DrsBLENmxo&u_id=0 HTTP/1.1" 200 -
127.0.0.1 - - [25/Oct/2021 14:47:24] "POST /channels/create/v2 HTTP/1.1" 400 -
127.0.0.1 - - [25/Oct/2021 14:47:24] "DELETE /clear/v1 HTTP/1.1" 200 -
127.0.0.1 - - [25/Oct/2021 14:47:24] "POST /auth/register/v2 HTTP/1.1" 200 -
127.0.0.1 - - [25/Oct/2021 14:47:24] "GET /user/profile/v1?token=eyJ0eXAiOiJKV1QiLCJhbGciOiJIUzI1NiJ9.eyJ1c2VyX2lkIjowLCJzZXNzaW9uX2lkIjoxfQ.WpX1_pFyFCRdZx5hWGJ6AbAXuQR6jvGb4DrsBLENmxo&u_id=0 HTTP/1.1" 200 -
127.0.0.1 - - [25/Oct/2021 14:47:24] "POST /auth/logout/v1 HTTP/1.1" 200 -
127.0.0.1 - - [25/Oct/2021 14:47:24] "POST /channels/create/v2 HTTP/1.1" 403 -
127.0.0.1 - - [25/Oct/2021 14:47:24] "DELETE /clear/v1 HTTP/1.1" 200 -
127.0.0.1 - - [25/Oct/2021 14:47:24] "POST /auth/register/v2 HTTP/1.1" 200 -
127.0.0.1 - - [25/Oct/2021 14:47:24] "GET /user/profile/v1?token=eyJ0eXAiOiJKV1QiLCJhbGciOiJIUzI1NiJ9.eyJ1c2VyX2lkIjowLCJzZXNzaW9uX2lkIjoxfQ.WpX1_pFyFCRdZx5hWGJ6AbAXuQR6jvGb4DrsBLENmxo&u_id=0 HTTP/1.1" 200 -
127.0.0.1 - - [25/Oct/2021 14:47:25] "GET /channels/list/v2?token=eyJ0eXAiOiJKV1QiLCJhbGciOiJIUzI1NiJ9.eyJ1c2VyX2lkIjowLCJzZXNzaW9uX2lkIjoxfQ.WpX1_pFyFCRdZx5hWGJ6AbAXuQR6jvGb4DrsBLENmxo HTTP/1.1" 200 -
127.0.0.1 - - [25/Oct/2021 14:47:25] "DELETE /clear/v1 HTTP/1.1" 200 -
127.0.0.1 - - [25/Oct/2021 14:47:25] "POST /auth/register/v2 HTTP/1.1" 200 -
127.0.0.1 - - [25/Oct/2021 14:47:25] "GET /user/profile/v1?token=eyJ0eXAiOiJKV1QiLCJhbGciOiJIUzI1NiJ9.eyJ1c2VyX2lkIjowLCJzZXNzaW9uX2lkIjoxfQ.WpX1_pFyFCRdZx5hWGJ6AbAXuQR6jvGb4DrsBLENmxo&u_id=0 HTTP/1.1" 200 -
127.0.0.1 - - [25/Oct/2021 14:47:25] "POST /channels/create/v2 HTTP/1.1" 200 -
127.0.0.1 - - [25/Oct/2021 14:47:25] "GET /channels/list/v2?token=eyJ0eXAiOiJKV1QiLCJhbGciOiJIUzI1NiJ9.eyJ1c2VyX2lkIjowLCJzZXNzaW9uX2lkIjoxfQ.WpX1_pFyFCRdZx5hWGJ6AbAXuQR6jvGb4DrsBLENmxo HTTP/1.1" 200 -
127.0.0.1 - - [25/Oct/2021 14:47:25] "DELETE /clear/v1 HTTP/1.1" 200 -
127.0.0.1 - - [25/Oct/2021 14:47:25] "POST /auth/register/v2 HTTP/1.1" 200 -
127.0.0.1 - - [25/Oct/2021 14:47:25] "GET /user/profile/v1?token=eyJ0eXAiOiJKV1QiLCJhbGciOiJIUzI1NiJ9.eyJ1c2VyX2lkIjowLCJzZXNzaW9uX2lkIjoxfQ.WpX1_pFyFCRdZx5hWGJ6AbAXuQR6jvGb4DrsBLENmxo&u_id=0 HTTP/1.1" 200 -
127.0.0.1 - - [25/Oct/2021 14:47:25] "POST /channels/create/v2 HTTP/1.1" 200 -
127.0.0.1 - - [25/Oct/2021 14:47:25] "GET /channels/list/v2?token=eyJ0eXAiOiJKV1QiLCJhbGciOiJIUzI1NiJ9.eyJ1c2VyX2lkIjowLCJzZXNzaW9uX2lkIjoxfQ.WpX1_pFyFCRdZx5hWGJ6AbAXuQR6jvGb4DrsBLENmxo HTTP/1.1" 200 -
127.0.0.1 - - [25/Oct/2021 14:47:25] "DELETE /clear/v1 HTTP/1.1" 200 -
127.0.0.1 - - [25/Oct/2021 14:47:25] "POST /auth/register/v2 HTTP/1.1" 200 -
127.0.0.1 - - [25/Oct/2021 14:47:25] "GET /user/profile/v1?token=eyJ0eXAiOiJKV1QiLCJhbGciOiJIUzI1NiJ9.eyJ1c2VyX2lkIjowLCJzZXNzaW9uX2lkIjoxfQ.WpX1_pFyFCRdZx5hWGJ6AbAXuQR6jvGb4DrsBLENmxo&u_id=0 HTTP/1.1" 200 -
127.0.0.1 - - [25/Oct/2021 14:47:25] "POST /channels/create/v2 HTTP/1.1" 200 -
127.0.0.1 - - [25/Oct/2021 14:47:25] "POST /channels/create/v2 HTTP/1.1" 200 -
127.0.0.1 - - [25/Oct/2021 14:47:25] "GET /channels/list/v2?token=eyJ0eXAiOiJKV1QiLCJhbGciOiJIUzI1NiJ9.eyJ1c2VyX2lkIjowLCJzZXNzaW9uX2lkIjoxfQ.WpX1_pFyFCRdZx5hWGJ6AbAXuQR6jvGb4DrsBLENmxo HTTP/1.1" 200 -
127.0.0.1 - - [25/Oct/2021 14:47:25] "DELETE /clear/v1 HTTP/1.1" 200 -
127.0.0.1 - - [25/Oct/2021 14:47:25] "POST /auth/register/v2 HTTP/1.1" 200 -
127.0.0.1 - - [25/Oct/2021 14:47:25] "GET /user/profile/v1?token=eyJ0eXAiOiJKV1QiLCJhbGciOiJIUzI1NiJ9.eyJ1c2VyX2lkIjowLCJzZXNzaW9uX2lkIjoxfQ.WpX1_pFyFCRdZx5hWGJ6AbAXuQR6jvGb4DrsBLENmxo&u_id=0 HTTP/1.1" 200 -
127.0.0.1 - - [25/Oct/2021 14:47:25] "POST /channels/create/v2 HTTP/1.1" 200 -
127.0.0.1 - - [25/Oct/2021 14:47:25] "POST /channels/create/v2 HTTP/1.1" 200 -
127.0.0.1 - - [25/Oct/2021 14:47:25] "GET /channels/list/v2?token=eyJ0eXAiOiJKV1QiLCJhbGciOiJIUzI1NiJ9.eyJ1c2VyX2lkIjowLCJzZXNzaW9uX2lkIjoxfQ.WpX1_pFyFCRdZx5hWGJ6AbAXuQR6jvGb4DrsBLENmxo HTTP/1.1" 200 -
127.0.0.1 - - [25/Oct/2021 14:47:25] "DELETE /clear/v1 HTTP/1.1" 200 -
127.0.0.1 - - [25/Oct/2021 14:47:25] "POST /auth/register/v2 HTTP/1.1" 200 -
127.0.0.1 - - [25/Oct/2021 14:47:25] "GET /user/profile/v1?token=eyJ0eXAiOiJKV1QiLCJhbGciOiJIUzI1NiJ9.eyJ1c2VyX2lkIjowLCJzZXNzaW9uX2lkIjoxfQ.WpX1_pFyFCRdZx5hWGJ6AbAXuQR6jvGb4DrsBLENmxo&u_id=0 HTTP/1.1" 200 -
127.0.0.1 - - [25/Oct/2021 14:47:25] "POST /channels/create/v2 HTTP/1.1" 200 -
127.0.0.1 - - [25/Oct/2021 14:47:25] "POST /channels/create/v2 HTTP/1.1" 200 -
127.0.0.1 - - [25/Oct/2021 14:47:25] "GET /channels/list/v2?token=eyJ0eXAiOiJKV1QiLCJhbGciOiJIUzI1NiJ9.eyJ1c2VyX2lkIjowLCJzZXNzaW9uX2lkIjoxfQ.WpX1_pFyFCRdZx5hWGJ6AbAXuQR6jvGb4DrsBLENmxo HTTP/1.1" 200 -
127.0.0.1 - - [25/Oct/2021 14:47:25] "DELETE /clear/v1 HTTP/1.1" 200 -
127.0.0.1 - - [25/Oct/2021 14:47:25] "POST /auth/register/v2 HTTP/1.1" 200 -
127.0.0.1 - - [25/Oct/2021 14:47:25] "GET /user/profile/v1?token=eyJ0eXAiOiJKV1QiLCJhbGciOiJIUzI1NiJ9.eyJ1c2VyX2lkIjowLCJzZXNzaW9uX2lkIjoxfQ.WpX1_pFyFCRdZx5hWGJ6AbAXuQR6jvGb4DrsBLENmxo&u_id=0 HTTP/1.1" 200 -
127.0.0.1 - - [25/Oct/2021 14:47:25] "POST /channels/create/v2 HTTP/1.1" 200 -
127.0.0.1 - - [25/Oct/2021 14:47:25] "POST /channels/create/v2 HTTP/1.1" 200 -
127.0.0.1 - - [25/Oct/2021 14:47:25] "GET /channels/list/v2?token=eyJ0eXAiOiJKV1QiLCJhbGciOiJIUzI1NiJ9.eyJ1c2VyX2lkIjowLCJzZXNzaW9uX2lkIjoxfQ.WpX1_pFyFCRdZx5hWGJ6AbAXuQR6jvGb4DrsBLENmxo HTTP/1.1" 200 -
127.0.0.1 - - [25/Oct/2021 14:47:25] "DELETE /clear/v1 HTTP/1.1" 200 -
127.0.0.1 - - [25/Oct/2021 14:47:25] "POST /auth/register/v2 HTTP/1.1" 200 -
127.0.0.1 - - [25/Oct/2021 14:47:25] "GET /user/profile/v1?token=eyJ0eXAiOiJKV1QiLCJhbGciOiJIUzI1NiJ9.eyJ1c2VyX2lkIjowLCJzZXNzaW9uX2lkIjoxfQ.WpX1_pFyFCRdZx5hWGJ6AbAXuQR6jvGb4DrsBLENmxo&u_id=0 HTTP/1.1" 200 -
127.0.0.1 - - [25/Oct/2021 14:47:25] "POST /channels/create/v2 HTTP/1.1" 200 -
127.0.0.1 - - [25/Oct/2021 14:47:25] "POST /auth/register/v2 HTTP/1.1" 200 -
127.0.0.1 - - [25/Oct/2021 14:47:25] "GET /user/profile/v1?token=eyJ0eXAiOiJKV1QiLCJhbGciOiJIUzI1NiJ9.eyJ1c2VyX2lkIjoxLCJzZXNzaW9uX2lkIjoyfQ.3IlFnyZjb8U5WB33OVJzvu7OYzdYAKPqvmD_oI9z8So&u_id=1 HTTP/1.1" 200 -
127.0.0.1 - - [25/Oct/2021 14:47:25] "POST /channel/invite/v2 HTTP/1.1" 200 -
127.0.0.1 - - [25/Oct/2021 14:47:25] "POST /channel/leave/v1 HTTP/1.1" 200 -
127.0.0.1 - - [25/Oct/2021 14:47:25] "GET /channels/list/v2?token=eyJ0eXAiOiJKV1QiLCJhbGciOiJIUzI1NiJ9.eyJ1c2VyX2lkIjoxLCJzZXNzaW9uX2lkIjoyfQ.3IlFnyZjb8U5WB33OVJzvu7OYzdYAKPqvmD_oI9z8So HTTP/1.1" 200 -
127.0.0.1 - - [25/Oct/2021 14:47:25] "DELETE /clear/v1 HTTP/1.1" 200 -
127.0.0.1 - - [25/Oct/2021 14:47:25] "POST /auth/register/v2 HTTP/1.1" 200 -
127.0.0.1 - - [25/Oct/2021 14:47:25] "GET /user/profile/v1?token=eyJ0eXAiOiJKV1QiLCJhbGciOiJIUzI1NiJ9.eyJ1c2VyX2lkIjowLCJzZXNzaW9uX2lkIjoxfQ.WpX1_pFyFCRdZx5hWGJ6AbAXuQR6jvGb4DrsBLENmxo&u_id=0 HTTP/1.1" 200 -
127.0.0.1 - - [25/Oct/2021 14:47:25] "POST /auth/logout/v1 HTTP/1.1" 200 -
127.0.0.1 - - [25/Oct/2021 14:47:25] "GET /channels/list/v2?token=eyJ0eXAiOiJKV1QiLCJhbGciOiJIUzI1NiJ9.eyJ1c2VyX2lkIjowLCJzZXNzaW9uX2lkIjoxfQ.WpX1_pFyFCRdZx5hWGJ6AbAXuQR6jvGb4DrsBLENmxo HTTP/1.1" 403 -
127.0.0.1 - - [25/Oct/2021 14:47:25] "DELETE /clear/v1 HTTP/1.1" 200 -
127.0.0.1 - - [25/Oct/2021 14:47:25] "POST /auth/register/v2 HTTP/1.1" 200 -
127.0.0.1 - - [25/Oct/2021 14:47:25] "GET /user/profile/v1?token=eyJ0eXAiOiJKV1QiLCJhbGciOiJIUzI1NiJ9.eyJ1c2VyX2lkIjowLCJzZXNzaW9uX2lkIjoxfQ.WpX1_pFyFCRdZx5hWGJ6AbAXuQR6jvGb4DrsBLENmxo&u_id=0 HTTP/1.1" 200 -
127.0.0.1 - - [25/Oct/2021 14:47:25] "GET /channels/listall/v2?token=eyJ0eXAiOiJKV1QiLCJhbGciOiJIUzI1NiJ9.eyJ1c2VyX2lkIjowLCJzZXNzaW9uX2lkIjoxfQ.WpX1_pFyFCRdZx5hWGJ6AbAXuQR6jvGb4DrsBLENmxo HTTP/1.1" 200 -
127.0.0.1 - - [25/Oct/2021 14:47:25] "DELETE /clear/v1 HTTP/1.1" 200 -
127.0.0.1 - - [25/Oct/2021 14:47:25] "POST /auth/register/v2 HTTP/1.1" 200 -
127.0.0.1 - - [25/Oct/2021 14:47:25] "GET /user/profile/v1?token=eyJ0eXAiOiJKV1QiLCJhbGciOiJIUzI1NiJ9.eyJ1c2VyX2lkIjowLCJzZXNzaW9uX2lkIjoxfQ.WpX1_pFyFCRdZx5hWGJ6AbAXuQR6jvGb4DrsBLENmxo&u_id=0 HTTP/1.1" 200 -
127.0.0.1 - - [25/Oct/2021 14:47:25] "POST /auth/register/v2 HTTP/1.1" 200 -
127.0.0.1 - - [25/Oct/2021 14:47:25] "GET /user/profile/v1?token=eyJ0eXAiOiJKV1QiLCJhbGciOiJIUzI1NiJ9.eyJ1c2VyX2lkIjoxLCJzZXNzaW9uX2lkIjoyfQ.3IlFnyZjb8U5WB33OVJzvu7OYzdYAKPqvmD_oI9z8So&u_id=1 HTTP/1.1" 200 -
127.0.0.1 - - [25/Oct/2021 14:47:25] "POST /channels/create/v2 HTTP/1.1" 200 -
127.0.0.1 - - [25/Oct/2021 14:47:25] "GET /channels/listall/v2?token=eyJ0eXAiOiJKV1QiLCJhbGciOiJIUzI1NiJ9.eyJ1c2VyX2lkIjowLCJzZXNzaW9uX2lkIjoxfQ.WpX1_pFyFCRdZx5hWGJ6AbAXuQR6jvGb4DrsBLENmxo HTTP/1.1" 200 -
127.0.0.1 - - [25/Oct/2021 14:47:25] "DELETE /clear/v1 HTTP/1.1" 200 -
127.0.0.1 - - [25/Oct/2021 14:47:25] "POST /auth/register/v2 HTTP/1.1" 200 -
127.0.0.1 - - [25/Oct/2021 14:47:25] "GET /user/profile/v1?token=eyJ0eXAiOiJKV1QiLCJhbGciOiJIUzI1NiJ9.eyJ1c2VyX2lkIjowLCJzZXNzaW9uX2lkIjoxfQ.WpX1_pFyFCRdZx5hWGJ6AbAXuQR6jvGb4DrsBLENmxo&u_id=0 HTTP/1.1" 200 -
127.0.0.1 - - [25/Oct/2021 14:47:25] "POST /auth/register/v2 HTTP/1.1" 200 -
127.0.0.1 - - [25/Oct/2021 14:47:25] "GET /user/profile/v1?token=eyJ0eXAiOiJKV1QiLCJhbGciOiJIUzI1NiJ9.eyJ1c2VyX2lkIjoxLCJzZXNzaW9uX2lkIjoyfQ.3IlFnyZjb8U5WB33OVJzvu7OYzdYAKPqvmD_oI9z8So&u_id=1 HTTP/1.1" 200 -
127.0.0.1 - - [25/Oct/2021 14:47:25] "POST /channels/create/v2 HTTP/1.1" 200 -
127.0.0.1 - - [25/Oct/2021 14:47:25] "GET /channels/listall/v2?token=eyJ0eXAiOiJKV1QiLCJhbGciOiJIUzI1NiJ9.eyJ1c2VyX2lkIjowLCJzZXNzaW9uX2lkIjoxfQ.WpX1_pFyFCRdZx5hWGJ6AbAXuQR6jvGb4DrsBLENmxo HTTP/1.1" 200 -
127.0.0.1 - - [25/Oct/2021 14:47:25] "DELETE /clear/v1 HTTP/1.1" 200 -
127.0.0.1 - - [25/Oct/2021 14:47:25] "POST /auth/register/v2 HTTP/1.1" 200 -
127.0.0.1 - - [25/Oct/2021 14:47:25] "GET /user/profile/v1?token=eyJ0eXAiOiJKV1QiLCJhbGciOiJIUzI1NiJ9.eyJ1c2VyX2lkIjowLCJzZXNzaW9uX2lkIjoxfQ.WpX1_pFyFCRdZx5hWGJ6AbAXuQR6jvGb4DrsBLENmxo&u_id=0 HTTP/1.1" 200 -
127.0.0.1 - - [25/Oct/2021 14:47:25] "POST /channels/create/v2 HTTP/1.1" 200 -
127.0.0.1 - - [25/Oct/2021 14:47:25] "POST /auth/register/v2 HTTP/1.1" 200 -
127.0.0.1 - - [25/Oct/2021 14:47:25] "GET /user/profile/v1?token=eyJ0eXAiOiJKV1QiLCJhbGciOiJIUzI1NiJ9.eyJ1c2VyX2lkIjoxLCJzZXNzaW9uX2lkIjoyfQ.3IlFnyZjb8U5WB33OVJzvu7OYzdYAKPqvmD_oI9z8So&u_id=1 HTTP/1.1" 200 -
127.0.0.1 - - [25/Oct/2021 14:47:25] "POST /channels/create/v2 HTTP/1.1" 200 -
127.0.0.1 - - [25/Oct/2021 14:47:25] "POST /auth/register/v2 HTTP/1.1" 200 -
127.0.0.1 - - [25/Oct/2021 14:47:25] "GET /user/profile/v1?token=eyJ0eXAiOiJKV1QiLCJhbGciOiJIUzI1NiJ9.eyJ1c2VyX2lkIjoyLCJzZXNzaW9uX2lkIjozfQ.2mMC9Y48syJFgW_SZTS9aMPihEm3QxJA0QuKCrfCwhY&u_id=2 HTTP/1.1" 200 -
127.0.0.1 - - [25/Oct/2021 14:47:25] "GET /channels/listall/v2?token=eyJ0eXAiOiJKV1QiLCJhbGciOiJIUzI1NiJ9.eyJ1c2VyX2lkIjoyLCJzZXNzaW9uX2lkIjozfQ.2mMC9Y48syJFgW_SZTS9aMPihEm3QxJA0QuKCrfCwhY HTTP/1.1" 200 -
127.0.0.1 - - [25/Oct/2021 14:47:25] "DELETE /clear/v1 HTTP/1.1" 200 -
127.0.0.1 - - [25/Oct/2021 14:47:25] "POST /auth/register/v2 HTTP/1.1" 200 -
127.0.0.1 - - [25/Oct/2021 14:47:25] "GET /user/profile/v1?token=eyJ0eXAiOiJKV1QiLCJhbGciOiJIUzI1NiJ9.eyJ1c2VyX2lkIjowLCJzZXNzaW9uX2lkIjoxfQ.WpX1_pFyFCRdZx5hWGJ6AbAXuQR6jvGb4DrsBLENmxo&u_id=0 HTTP/1.1" 200 -
127.0.0.1 - - [25/Oct/2021 14:47:25] "POST /auth/logout/v1 HTTP/1.1" 200 -
127.0.0.1 - - [25/Oct/2021 14:47:25] "GET /channels/listall/v2?token=eyJ0eXAiOiJKV1QiLCJhbGciOiJIUzI1NiJ9.eyJ1c2VyX2lkIjowLCJzZXNzaW9uX2lkIjoxfQ.WpX1_pFyFCRdZx5hWGJ6AbAXuQR6jvGb4DrsBLENmxo HTTP/1.1" 403 -
127.0.0.1 - - [25/Oct/2021 14:47:25] "DELETE /clear/v1 HTTP/1.1" 200 -
127.0.0.1 - - [25/Oct/2021 14:47:25] "POST /auth/register/v2 HTTP/1.1" 200 -
127.0.0.1 - - [25/Oct/2021 14:47:25] "GET /user/profile/v1?token=eyJ0eXAiOiJKV1QiLCJhbGciOiJIUzI1NiJ9.eyJ1c2VyX2lkIjowLCJzZXNzaW9uX2lkIjoxfQ.WpX1_pFyFCRdZx5hWGJ6AbAXuQR6jvGb4DrsBLENmxo&u_id=0 HTTP/1.1" 200 -
127.0.0.1 - - [25/Oct/2021 14:47:25] "POST /auth/register/v2 HTTP/1.1" 200 -
127.0.0.1 - - [25/Oct/2021 14:47:25] "GET /user/profile/v1?token=eyJ0eXAiOiJKV1QiLCJhbGciOiJIUzI1NiJ9.eyJ1c2VyX2lkIjoxLCJzZXNzaW9uX2lkIjoyfQ.3IlFnyZjb8U5WB33OVJzvu7OYzdYAKPqvmD_oI9z8So&u_id=1 HTTP/1.1" 200 -
127.0.0.1 - - [25/Oct/2021 14:47:25] "POST /dm/create/v1 HTTP/1.1" 200 -
127.0.0.1 - - [25/Oct/2021 14:47:25] "GET /dm/list/v1?token=eyJ0eXAiOiJKV1QiLCJhbGciOiJIUzI1NiJ9.eyJ1c2VyX2lkIjowLCJzZXNzaW9uX2lkIjoxfQ.WpX1_pFyFCRdZx5hWGJ6AbAXuQR6jvGb4DrsBLENmxo HTTP/1.1" 200 -
127.0.0.1 - - [25/Oct/2021 14:47:25] "GET /dm/list/v1?token=eyJ0eXAiOiJKV1QiLCJhbGciOiJIUzI1NiJ9.eyJ1c2VyX2lkIjoxLCJzZXNzaW9uX2lkIjoyfQ.3IlFnyZjb8U5WB33OVJzvu7OYzdYAKPqvmD_oI9z8So HTTP/1.1" 200 -
127.0.0.1 - - [25/Oct/2021 14:47:25] "DELETE /clear/v1 HTTP/1.1" 200 -
127.0.0.1 - - [25/Oct/2021 14:47:25] "POST /auth/register/v2 HTTP/1.1" 200 -
127.0.0.1 - - [25/Oct/2021 14:47:25] "GET /user/profile/v1?token=eyJ0eXAiOiJKV1QiLCJhbGciOiJIUzI1NiJ9.eyJ1c2VyX2lkIjowLCJzZXNzaW9uX2lkIjoxfQ.WpX1_pFyFCRdZx5hWGJ6AbAXuQR6jvGb4DrsBLENmxo&u_id=0 HTTP/1.1" 200 -
127.0.0.1 - - [25/Oct/2021 14:47:25] "POST /dm/create/v1 HTTP/1.1" 200 -
127.0.0.1 - - [25/Oct/2021 14:47:25] "GET /dm/details/v1?token=eyJ0eXAiOiJKV1QiLCJhbGciOiJIUzI1NiJ9.eyJ1c2VyX2lkIjowLCJzZXNzaW9uX2lkIjoxfQ.WpX1_pFyFCRdZx5hWGJ6AbAXuQR6jvGb4DrsBLENmxo&dm_id=0 HTTP/1.1" 200 -
127.0.0.1 - - [25/Oct/2021 14:47:25] "DELETE /clear/v1 HTTP/1.1" 200 -
127.0.0.1 - - [25/Oct/2021 14:47:25] "POST /auth/register/v2 HTTP/1.1" 200 -
127.0.0.1 - - [25/Oct/2021 14:47:25] "GET /user/profile/v1?token=eyJ0eXAiOiJKV1QiLCJhbGciOiJIUzI1NiJ9.eyJ1c2VyX2lkIjowLCJzZXNzaW9uX2lkIjoxfQ.WpX1_pFyFCRdZx5hWGJ6AbAXuQR6jvGb4DrsBLENmxo&u_id=0 HTTP/1.1" 200 -
127.0.0.1 - - [25/Oct/2021 14:47:25] "POST /auth/register/v2 HTTP/1.1" 200 -
127.0.0.1 - - [25/Oct/2021 14:47:25] "GET /user/profile/v1?token=eyJ0eXAiOiJKV1QiLCJhbGciOiJIUzI1NiJ9.eyJ1c2VyX2lkIjoxLCJzZXNzaW9uX2lkIjoyfQ.3IlFnyZjb8U5WB33OVJzvu7OYzdYAKPqvmD_oI9z8So&u_id=1 HTTP/1.1" 200 -
127.0.0.1 - - [25/Oct/2021 14:47:25] "POST /dm/create/v1 HTTP/1.1" 200 -
127.0.0.1 - - [25/Oct/2021 14:47:25] "GET /dm/details/v1?token=eyJ0eXAiOiJKV1QiLCJhbGciOiJIUzI1NiJ9.eyJ1c2VyX2lkIjowLCJzZXNzaW9uX2lkIjoxfQ.WpX1_pFyFCRdZx5hWGJ6AbAXuQR6jvGb4DrsBLENmxo&dm_id=0 HTTP/1.1" 200 -
127.0.0.1 - - [25/Oct/2021 14:47:25] "DELETE /clear/v1 HTTP/1.1" 200 -
127.0.0.1 - - [25/Oct/2021 14:47:25] "POST /auth/register/v2 HTTP/1.1" 200 -
127.0.0.1 - - [25/Oct/2021 14:47:25] "GET /user/profile/v1?token=eyJ0eXAiOiJKV1QiLCJhbGciOiJIUzI1NiJ9.eyJ1c2VyX2lkIjowLCJzZXNzaW9uX2lkIjoxfQ.WpX1_pFyFCRdZx5hWGJ6AbAXuQR6jvGb4DrsBLENmxo&u_id=0 HTTP/1.1" 200 -
127.0.0.1 - - [25/Oct/2021 14:47:25] "POST /dm/create/v1 HTTP/1.1" 400 -
127.0.0.1 - - [25/Oct/2021 14:47:25] "DELETE /clear/v1 HTTP/1.1" 200 -
127.0.0.1 - - [25/Oct/2021 14:47:25] "POST /auth/register/v2 HTTP/1.1" 200 -
127.0.0.1 - - [25/Oct/2021 14:47:25] "GET /user/profile/v1?token=eyJ0eXAiOiJKV1QiLCJhbGciOiJIUzI1NiJ9.eyJ1c2VyX2lkIjowLCJzZXNzaW9uX2lkIjoxfQ.WpX1_pFyFCRdZx5hWGJ6AbAXuQR6jvGb4DrsBLENmxo&u_id=0 HTTP/1.1" 200 -
127.0.0.1 - - [25/Oct/2021 14:47:25] "POST /auth/register/v2 HTTP/1.1" 200 -
127.0.0.1 - - [25/Oct/2021 14:47:25] "GET /user/profile/v1?token=eyJ0eXAiOiJKV1QiLCJhbGciOiJIUzI1NiJ9.eyJ1c2VyX2lkIjoxLCJzZXNzaW9uX2lkIjoyfQ.3IlFnyZjb8U5WB33OVJzvu7OYzdYAKPqvmD_oI9z8So&u_id=1 HTTP/1.1" 200 -
127.0.0.1 - - [25/Oct/2021 14:47:25] "POST /dm/create/v1 HTTP/1.1" 400 -
127.0.0.1 - - [25/Oct/2021 14:47:25] "DELETE /clear/v1 HTTP/1.1" 200 -
127.0.0.1 - - [25/Oct/2021 14:47:25] "POST /auth/register/v2 HTTP/1.1" 200 -
127.0.0.1 - - [25/Oct/2021 14:47:25] "GET /user/profile/v1?token=eyJ0eXAiOiJKV1QiLCJhbGciOiJIUzI1NiJ9.eyJ1c2VyX2lkIjowLCJzZXNzaW9uX2lkIjoxfQ.WpX1_pFyFCRdZx5hWGJ6AbAXuQR6jvGb4DrsBLENmxo&u_id=0 HTTP/1.1" 200 -
127.0.0.1 - - [25/Oct/2021 14:47:25] "POST /auth/logout/v1 HTTP/1.1" 200 -
127.0.0.1 - - [25/Oct/2021 14:47:25] "POST /dm/create/v1 HTTP/1.1" 403 -
127.0.0.1 - - [25/Oct/2021 14:47:25] "DELETE /clear/v1 HTTP/1.1" 200 -
127.0.0.1 - - [25/Oct/2021 14:47:25] "POST /auth/register/v2 HTTP/1.1" 200 -
127.0.0.1 - - [25/Oct/2021 14:47:25] "GET /user/profile/v1?token=eyJ0eXAiOiJKV1QiLCJhbGciOiJIUzI1NiJ9.eyJ1c2VyX2lkIjowLCJzZXNzaW9uX2lkIjoxfQ.WpX1_pFyFCRdZx5hWGJ6AbAXuQR6jvGb4DrsBLENmxo&u_id=0 HTTP/1.1" 200 -
127.0.0.1 - - [25/Oct/2021 14:47:25] "POST /auth/register/v2 HTTP/1.1" 200 -
127.0.0.1 - - [25/Oct/2021 14:47:25] "GET /user/profile/v1?token=eyJ0eXAiOiJKV1QiLCJhbGciOiJIUzI1NiJ9.eyJ1c2VyX2lkIjoxLCJzZXNzaW9uX2lkIjoyfQ.3IlFnyZjb8U5WB33OVJzvu7OYzdYAKPqvmD_oI9z8So&u_id=1 HTTP/1.1" 200 -
127.0.0.1 - - [25/Oct/2021 14:47:25] "POST /dm/create/v1 HTTP/1.1" 200 -
127.0.0.1 - - [25/Oct/2021 14:47:25] "GET /dm/details/v1?token=eyJ0eXAiOiJKV1QiLCJhbGciOiJIUzI1NiJ9.eyJ1c2VyX2lkIjowLCJzZXNzaW9uX2lkIjoxfQ.WpX1_pFyFCRdZx5hWGJ6AbAXuQR6jvGb4DrsBLENmxo&dm_id=0 HTTP/1.1" 200 -
127.0.0.1 - - [25/Oct/2021 14:47:25] "GET /dm/details/v1?token=eyJ0eXAiOiJKV1QiLCJhbGciOiJIUzI1NiJ9.eyJ1c2VyX2lkIjoxLCJzZXNzaW9uX2lkIjoyfQ.3IlFnyZjb8U5WB33OVJzvu7OYzdYAKPqvmD_oI9z8So&dm_id=0 HTTP/1.1" 200 -
127.0.0.1 - - [25/Oct/2021 14:47:25] "DELETE /clear/v1 HTTP/1.1" 200 -
127.0.0.1 - - [25/Oct/2021 14:47:25] "POST /auth/register/v2 HTTP/1.1" 200 -
127.0.0.1 - - [25/Oct/2021 14:47:25] "GET /user/profile/v1?token=eyJ0eXAiOiJKV1QiLCJhbGciOiJIUzI1NiJ9.eyJ1c2VyX2lkIjowLCJzZXNzaW9uX2lkIjoxfQ.WpX1_pFyFCRdZx5hWGJ6AbAXuQR6jvGb4DrsBLENmxo&u_id=0 HTTP/1.1" 200 -
127.0.0.1 - - [25/Oct/2021 14:47:25] "POST /auth/register/v2 HTTP/1.1" 200 -
127.0.0.1 - - [25/Oct/2021 14:47:25] "GET /user/profile/v1?token=eyJ0eXAiOiJKV1QiLCJhbGciOiJIUzI1NiJ9.eyJ1c2VyX2lkIjoxLCJzZXNzaW9uX2lkIjoyfQ.3IlFnyZjb8U5WB33OVJzvu7OYzdYAKPqvmD_oI9z8So&u_id=1 HTTP/1.1" 200 -
127.0.0.1 - - [25/Oct/2021 14:47:25] "POST /dm/create/v1 HTTP/1.1" 200 -
127.0.0.1 - - [25/Oct/2021 14:47:25] "GET /dm/details/v1?token=eyJ0eXAiOiJKV1QiLCJhbGciOiJIUzI1NiJ9.eyJ1c2VyX2lkIjowLCJzZXNzaW9uX2lkIjoxfQ.WpX1_pFyFCRdZx5hWGJ6AbAXuQR6jvGb4DrsBLENmxo&dm_id=0 HTTP/1.1" 200 -
127.0.0.1 - - [25/Oct/2021 14:47:25] "POST /auth/register/v2 HTTP/1.1" 200 -
127.0.0.1 - - [25/Oct/2021 14:47:25] "GET /user/profile/v1?token=eyJ0eXAiOiJKV1QiLCJhbGciOiJIUzI1NiJ9.eyJ1c2VyX2lkIjoyLCJzZXNzaW9uX2lkIjozfQ.2mMC9Y48syJFgW_SZTS9aMPihEm3QxJA0QuKCrfCwhY&u_id=2 HTTP/1.1" 200 -
127.0.0.1 - - [25/Oct/2021 14:47:25] "GET /dm/details/v1?token=eyJ0eXAiOiJKV1QiLCJhbGciOiJIUzI1NiJ9.eyJ1c2VyX2lkIjoyLCJzZXNzaW9uX2lkIjozfQ.2mMC9Y48syJFgW_SZTS9aMPihEm3QxJA0QuKCrfCwhY&dm_id=0 HTTP/1.1" 403 -
127.0.0.1 - - [25/Oct/2021 14:47:25] "DELETE /clear/v1 HTTP/1.1" 200 -
127.0.0.1 - - [25/Oct/2021 14:47:25] "POST /auth/register/v2 HTTP/1.1" 200 -
127.0.0.1 - - [25/Oct/2021 14:47:25] "GET /user/profile/v1?token=eyJ0eXAiOiJKV1QiLCJhbGciOiJIUzI1NiJ9.eyJ1c2VyX2lkIjowLCJzZXNzaW9uX2lkIjoxfQ.WpX1_pFyFCRdZx5hWGJ6AbAXuQR6jvGb4DrsBLENmxo&u_id=0 HTTP/1.1" 200 -
127.0.0.1 - - [25/Oct/2021 14:47:25] "GET /dm/details/v1?token=eyJ0eXAiOiJKV1QiLCJhbGciOiJIUzI1NiJ9.eyJ1c2VyX2lkIjowLCJzZXNzaW9uX2lkIjoxfQ.WpX1_pFyFCRdZx5hWGJ6AbAXuQR6jvGb4DrsBLENmxo&dm_id=-1 HTTP/1.1" 400 -
127.0.0.1 - - [25/Oct/2021 14:47:25] "DELETE /clear/v1 HTTP/1.1" 200 -
127.0.0.1 - - [25/Oct/2021 14:47:25] "POST /auth/register/v2 HTTP/1.1" 200 -
127.0.0.1 - - [25/Oct/2021 14:47:25] "GET /user/profile/v1?token=eyJ0eXAiOiJKV1QiLCJhbGciOiJIUzI1NiJ9.eyJ1c2VyX2lkIjowLCJzZXNzaW9uX2lkIjoxfQ.WpX1_pFyFCRdZx5hWGJ6AbAXuQR6jvGb4DrsBLENmxo&u_id=0 HTTP/1.1" 200 -
127.0.0.1 - - [25/Oct/2021 14:47:25] "POST /auth/register/v2 HTTP/1.1" 200 -
127.0.0.1 - - [25/Oct/2021 14:47:25] "GET /user/profile/v1?token=eyJ0eXAiOiJKV1QiLCJhbGciOiJIUzI1NiJ9.eyJ1c2VyX2lkIjoxLCJzZXNzaW9uX2lkIjoyfQ.3IlFnyZjb8U5WB33OVJzvu7OYzdYAKPqvmD_oI9z8So&u_id=1 HTTP/1.1" 200 -
127.0.0.1 - - [25/Oct/2021 14:47:25] "POST /dm/create/v1 HTTP/1.1" 200 -
127.0.0.1 - - [25/Oct/2021 14:47:25] "GET /dm/details/v1?token=eyJ0eXAiOiJKV1QiLCJhbGciOiJIUzI1NiJ9.eyJ1c2VyX2lkIjowLCJzZXNzaW9uX2lkIjoxfQ.WpX1_pFyFCRdZx5hWGJ6AbAXuQR6jvGb4DrsBLENmxo&dm_id=0 HTTP/1.1" 200 -
127.0.0.1 - - [25/Oct/2021 14:47:25] "POST /auth/logout/v1 HTTP/1.1" 200 -
127.0.0.1 - - [25/Oct/2021 14:47:25] "GET /dm/details/v1?token=eyJ0eXAiOiJKV1QiLCJhbGciOiJIUzI1NiJ9.eyJ1c2VyX2lkIjowLCJzZXNzaW9uX2lkIjoxfQ.WpX1_pFyFCRdZx5hWGJ6AbAXuQR6jvGb4DrsBLENmxo&dm_id=0 HTTP/1.1" 403 -
127.0.0.1 - - [25/Oct/2021 14:47:25] "DELETE /clear/v1 HTTP/1.1" 200 -
127.0.0.1 - - [25/Oct/2021 14:47:25] "POST /auth/register/v2 HTTP/1.1" 200 -
127.0.0.1 - - [25/Oct/2021 14:47:25] "GET /user/profile/v1?token=eyJ0eXAiOiJKV1QiLCJhbGciOiJIUzI1NiJ9.eyJ1c2VyX2lkIjowLCJzZXNzaW9uX2lkIjoxfQ.WpX1_pFyFCRdZx5hWGJ6AbAXuQR6jvGb4DrsBLENmxo&u_id=0 HTTP/1.1" 200 -
127.0.0.1 - - [25/Oct/2021 14:47:25] "POST /auth/register/v2 HTTP/1.1" 200 -
127.0.0.1 - - [25/Oct/2021 14:47:25] "GET /user/profile/v1?token=eyJ0eXAiOiJKV1QiLCJhbGciOiJIUzI1NiJ9.eyJ1c2VyX2lkIjoxLCJzZXNzaW9uX2lkIjoyfQ.3IlFnyZjb8U5WB33OVJzvu7OYzdYAKPqvmD_oI9z8So&u_id=1 HTTP/1.1" 200 -
127.0.0.1 - - [25/Oct/2021 14:47:25] "POST /dm/create/v1 HTTP/1.1" 200 -
127.0.0.1 - - [25/Oct/2021 14:47:25] "GET /dm/details/v1?token=eyJ0eXAiOiJKV1QiLCJhbGciOiJIUzI1NiJ9.eyJ1c2VyX2lkIjowLCJzZXNzaW9uX2lkIjoxfQ.WpX1_pFyFCRdZx5hWGJ6AbAXuQR6jvGb4DrsBLENmxo&dm_id=0 HTTP/1.1" 200 -
127.0.0.1 - - [25/Oct/2021 14:47:25] "POST /dm/leave/v1 HTTP/1.1" 200 -
127.0.0.1 - - [25/Oct/2021 14:47:25] "GET /dm/list/v1?token=eyJ0eXAiOiJKV1QiLCJhbGciOiJIUzI1NiJ9.eyJ1c2VyX2lkIjoxLCJzZXNzaW9uX2lkIjoyfQ.3IlFnyZjb8U5WB33OVJzvu7OYzdYAKPqvmD_oI9z8So HTTP/1.1" 200 -
127.0.0.1 - - [25/Oct/2021 14:47:25] "GET /dm/details/v1?token=eyJ0eXAiOiJKV1QiLCJhbGciOiJIUzI1NiJ9.eyJ1c2VyX2lkIjowLCJzZXNzaW9uX2lkIjoxfQ.WpX1_pFyFCRdZx5hWGJ6AbAXuQR6jvGb4DrsBLENmxo&dm_id=0 HTTP/1.1" 200 -
127.0.0.1 - - [25/Oct/2021 14:47:25] "DELETE /clear/v1 HTTP/1.1" 200 -
127.0.0.1 - - [25/Oct/2021 14:47:25] "POST /auth/register/v2 HTTP/1.1" 200 -
127.0.0.1 - - [25/Oct/2021 14:47:25] "GET /user/profile/v1?token=eyJ0eXAiOiJKV1QiLCJhbGciOiJIUzI1NiJ9.eyJ1c2VyX2lkIjowLCJzZXNzaW9uX2lkIjoxfQ.WpX1_pFyFCRdZx5hWGJ6AbAXuQR6jvGb4DrsBLENmxo&u_id=0 HTTP/1.1" 200 -
127.0.0.1 - - [25/Oct/2021 14:47:25] "POST /auth/register/v2 HTTP/1.1" 200 -
127.0.0.1 - - [25/Oct/2021 14:47:25] "GET /user/profile/v1?token=eyJ0eXAiOiJKV1QiLCJhbGciOiJIUzI1NiJ9.eyJ1c2VyX2lkIjoxLCJzZXNzaW9uX2lkIjoyfQ.3IlFnyZjb8U5WB33OVJzvu7OYzdYAKPqvmD_oI9z8So&u_id=1 HTTP/1.1" 200 -
127.0.0.1 - - [25/Oct/2021 14:47:25] "POST /auth/register/v2 HTTP/1.1" 200 -
127.0.0.1 - - [25/Oct/2021 14:47:25] "GET /user/profile/v1?token=eyJ0eXAiOiJKV1QiLCJhbGciOiJIUzI1NiJ9.eyJ1c2VyX2lkIjoyLCJzZXNzaW9uX2lkIjozfQ.2mMC9Y48syJFgW_SZTS9aMPihEm3QxJA0QuKCrfCwhY&u_id=2 HTTP/1.1" 200 -
127.0.0.1 - - [25/Oct/2021 14:47:25] "POST /dm/create/v1 HTTP/1.1" 200 -
127.0.0.1 - - [25/Oct/2021 14:47:25] "GET /dm/details/v1?token=eyJ0eXAiOiJKV1QiLCJhbGciOiJIUzI1NiJ9.eyJ1c2VyX2lkIjoxLCJzZXNzaW9uX2lkIjoyfQ.3IlFnyZjb8U5WB33OVJzvu7OYzdYAKPqvmD_oI9z8So&dm_id=0 HTTP/1.1" 200 -
127.0.0.1 - - [25/Oct/2021 14:47:25] "POST /dm/leave/v1 HTTP/1.1" 403 -
127.0.0.1 - - [25/Oct/2021 14:47:25] "DELETE /clear/v1 HTTP/1.1" 200 -
127.0.0.1 - - [25/Oct/2021 14:47:25] "POST /auth/register/v2 HTTP/1.1" 200 -
127.0.0.1 - - [25/Oct/2021 14:47:25] "GET /user/profile/v1?token=eyJ0eXAiOiJKV1QiLCJhbGciOiJIUzI1NiJ9.eyJ1c2VyX2lkIjowLCJzZXNzaW9uX2lkIjoxfQ.WpX1_pFyFCRdZx5hWGJ6AbAXuQR6jvGb4DrsBLENmxo&u_id=0 HTTP/1.1" 200 -
127.0.0.1 - - [25/Oct/2021 14:47:25] "POST /dm/leave/v1 HTTP/1.1" 400 -
127.0.0.1 - - [25/Oct/2021 14:47:25] "DELETE /clear/v1 HTTP/1.1" 200 -
127.0.0.1 - - [25/Oct/2021 14:47:25] "POST /auth/register/v2 HTTP/1.1" 200 -
127.0.0.1 - - [25/Oct/2021 14:47:25] "GET /user/profile/v1?token=eyJ0eXAiOiJKV1QiLCJhbGciOiJIUzI1NiJ9.eyJ1c2VyX2lkIjowLCJzZXNzaW9uX2lkIjoxfQ.WpX1_pFyFCRdZx5hWGJ6AbAXuQR6jvGb4DrsBLENmxo&u_id=0 HTTP/1.1" 200 -
127.0.0.1 - - [25/Oct/2021 14:47:25] "POST /auth/register/v2 HTTP/1.1" 200 -
127.0.0.1 - - [25/Oct/2021 14:47:25] "GET /user/profile/v1?token=eyJ0eXAiOiJKV1QiLCJhbGciOiJIUzI1NiJ9.eyJ1c2VyX2lkIjoxLCJzZXNzaW9uX2lkIjoyfQ.3IlFnyZjb8U5WB33OVJzvu7OYzdYAKPqvmD_oI9z8So&u_id=1 HTTP/1.1" 200 -
127.0.0.1 - - [25/Oct/2021 14:47:25] "POST /dm/create/v1 HTTP/1.1" 200 -
127.0.0.1 - - [25/Oct/2021 14:47:25] "GET /dm/details/v1?token=eyJ0eXAiOiJKV1QiLCJhbGciOiJIUzI1NiJ9.eyJ1c2VyX2lkIjowLCJzZXNzaW9uX2lkIjoxfQ.WpX1_pFyFCRdZx5hWGJ6AbAXuQR6jvGb4DrsBLENmxo&dm_id=0 HTTP/1.1" 200 -
127.0.0.1 - - [25/Oct/2021 14:47:25] "POST /auth/logout/v1 HTTP/1.1" 200 -
127.0.0.1 - - [25/Oct/2021 14:47:25] "POST /dm/leave/v1 HTTP/1.1" 403 -
127.0.0.1 - - [25/Oct/2021 14:47:25] "DELETE /clear/v1 HTTP/1.1" 200 -
127.0.0.1 - - [25/Oct/2021 14:47:25] "POST /auth/register/v2 HTTP/1.1" 200 -
127.0.0.1 - - [25/Oct/2021 14:47:25] "GET /user/profile/v1?token=eyJ0eXAiOiJKV1QiLCJhbGciOiJIUzI1NiJ9.eyJ1c2VyX2lkIjowLCJzZXNzaW9uX2lkIjoxfQ.WpX1_pFyFCRdZx5hWGJ6AbAXuQR6jvGb4DrsBLENmxo&u_id=0 HTTP/1.1" 200 -
127.0.0.1 - - [25/Oct/2021 14:47:25] "GET /dm/list/v1?token=eyJ0eXAiOiJKV1QiLCJhbGciOiJIUzI1NiJ9.eyJ1c2VyX2lkIjowLCJzZXNzaW9uX2lkIjoxfQ.WpX1_pFyFCRdZx5hWGJ6AbAXuQR6jvGb4DrsBLENmxo HTTP/1.1" 200 -
127.0.0.1 - - [25/Oct/2021 14:47:25] "DELETE /clear/v1 HTTP/1.1" 200 -
127.0.0.1 - - [25/Oct/2021 14:47:25] "POST /auth/register/v2 HTTP/1.1" 200 -
127.0.0.1 - - [25/Oct/2021 14:47:25] "GET /user/profile/v1?token=eyJ0eXAiOiJKV1QiLCJhbGciOiJIUzI1NiJ9.eyJ1c2VyX2lkIjowLCJzZXNzaW9uX2lkIjoxfQ.WpX1_pFyFCRdZx5hWGJ6AbAXuQR6jvGb4DrsBLENmxo&u_id=0 HTTP/1.1" 200 -
127.0.0.1 - - [25/Oct/2021 14:47:25] "POST /auth/register/v2 HTTP/1.1" 200 -
127.0.0.1 - - [25/Oct/2021 14:47:25] "GET /user/profile/v1?token=eyJ0eXAiOiJKV1QiLCJhbGciOiJIUzI1NiJ9.eyJ1c2VyX2lkIjoxLCJzZXNzaW9uX2lkIjoyfQ.3IlFnyZjb8U5WB33OVJzvu7OYzdYAKPqvmD_oI9z8So&u_id=1 HTTP/1.1" 200 -
127.0.0.1 - - [25/Oct/2021 14:47:25] "POST /dm/create/v1 HTTP/1.1" 200 -
127.0.0.1 - - [25/Oct/2021 14:47:25] "GET /dm/details/v1?token=eyJ0eXAiOiJKV1QiLCJhbGciOiJIUzI1NiJ9.eyJ1c2VyX2lkIjowLCJzZXNzaW9uX2lkIjoxfQ.WpX1_pFyFCRdZx5hWGJ6AbAXuQR6jvGb4DrsBLENmxo&dm_id=0 HTTP/1.1" 200 -
127.0.0.1 - - [25/Oct/2021 14:47:26] "GET /dm/list/v1?token=eyJ0eXAiOiJKV1QiLCJhbGciOiJIUzI1NiJ9.eyJ1c2VyX2lkIjowLCJzZXNzaW9uX2lkIjoxfQ.WpX1_pFyFCRdZx5hWGJ6AbAXuQR6jvGb4DrsBLENmxo HTTP/1.1" 200 -
127.0.0.1 - - [25/Oct/2021 14:47:26] "DELETE /clear/v1 HTTP/1.1" 200 -
127.0.0.1 - - [25/Oct/2021 14:47:26] "POST /auth/register/v2 HTTP/1.1" 200 -
127.0.0.1 - - [25/Oct/2021 14:47:26] "GET /user/profile/v1?token=eyJ0eXAiOiJKV1QiLCJhbGciOiJIUzI1NiJ9.eyJ1c2VyX2lkIjowLCJzZXNzaW9uX2lkIjoxfQ.WpX1_pFyFCRdZx5hWGJ6AbAXuQR6jvGb4DrsBLENmxo&u_id=0 HTTP/1.1" 200 -
127.0.0.1 - - [25/Oct/2021 14:47:26] "POST /dm/create/v1 HTTP/1.1" 200 -
127.0.0.1 - - [25/Oct/2021 14:47:26] "GET /dm/details/v1?token=eyJ0eXAiOiJKV1QiLCJhbGciOiJIUzI1NiJ9.eyJ1c2VyX2lkIjowLCJzZXNzaW9uX2lkIjoxfQ.WpX1_pFyFCRdZx5hWGJ6AbAXuQR6jvGb4DrsBLENmxo&dm_id=0 HTTP/1.1" 200 -
127.0.0.1 - - [25/Oct/2021 14:47:26] "POST /dm/create/v1 HTTP/1.1" 200 -
127.0.0.1 - - [25/Oct/2021 14:47:26] "GET /dm/details/v1?token=eyJ0eXAiOiJKV1QiLCJhbGciOiJIUzI1NiJ9.eyJ1c2VyX2lkIjowLCJzZXNzaW9uX2lkIjoxfQ.WpX1_pFyFCRdZx5hWGJ6AbAXuQR6jvGb4DrsBLENmxo&dm_id=1 HTTP/1.1" 200 -
127.0.0.1 - - [25/Oct/2021 14:47:26] "GET /dm/list/v1?token=eyJ0eXAiOiJKV1QiLCJhbGciOiJIUzI1NiJ9.eyJ1c2VyX2lkIjowLCJzZXNzaW9uX2lkIjoxfQ.WpX1_pFyFCRdZx5hWGJ6AbAXuQR6jvGb4DrsBLENmxo HTTP/1.1" 200 -
127.0.0.1 - - [25/Oct/2021 14:47:26] "DELETE /clear/v1 HTTP/1.1" 200 -
127.0.0.1 - - [25/Oct/2021 14:47:26] "POST /auth/register/v2 HTTP/1.1" 200 -
127.0.0.1 - - [25/Oct/2021 14:47:26] "GET /user/profile/v1?token=eyJ0eXAiOiJKV1QiLCJhbGciOiJIUzI1NiJ9.eyJ1c2VyX2lkIjowLCJzZXNzaW9uX2lkIjoxfQ.WpX1_pFyFCRdZx5hWGJ6AbAXuQR6jvGb4DrsBLENmxo&u_id=0 HTTP/1.1" 200 -
127.0.0.1 - - [25/Oct/2021 14:47:26] "POST /auth/register/v2 HTTP/1.1" 200 -
127.0.0.1 - - [25/Oct/2021 14:47:26] "GET /user/profile/v1?token=eyJ0eXAiOiJKV1QiLCJhbGciOiJIUzI1NiJ9.eyJ1c2VyX2lkIjoxLCJzZXNzaW9uX2lkIjoyfQ.3IlFnyZjb8U5WB33OVJzvu7OYzdYAKPqvmD_oI9z8So&u_id=1 HTTP/1.1" 200 -
127.0.0.1 - - [25/Oct/2021 14:47:26] "POST /dm/create/v1 HTTP/1.1" 200 -
127.0.0.1 - - [25/Oct/2021 14:47:26] "GET /dm/details/v1?token=eyJ0eXAiOiJKV1QiLCJhbGciOiJIUzI1NiJ9.eyJ1c2VyX2lkIjoxLCJzZXNzaW9uX2lkIjoyfQ.3IlFnyZjb8U5WB33OVJzvu7OYzdYAKPqvmD_oI9z8So&dm_id=0 HTTP/1.1" 200 -
127.0.0.1 - - [25/Oct/2021 14:47:26] "POST /dm/leave/v1 HTTP/1.1" 200 -
127.0.0.1 - - [25/Oct/2021 14:47:26] "GET /dm/list/v1?token=eyJ0eXAiOiJKV1QiLCJhbGciOiJIUzI1NiJ9.eyJ1c2VyX2lkIjowLCJzZXNzaW9uX2lkIjoxfQ.WpX1_pFyFCRdZx5hWGJ6AbAXuQR6jvGb4DrsBLENmxo HTTP/1.1" 200 -
127.0.0.1 - - [25/Oct/2021 14:47:26] "DELETE /clear/v1 HTTP/1.1" 200 -
127.0.0.1 - - [25/Oct/2021 14:47:26] "POST /auth/register/v2 HTTP/1.1" 200 -
127.0.0.1 - - [25/Oct/2021 14:47:26] "GET /user/profile/v1?token=eyJ0eXAiOiJKV1QiLCJhbGciOiJIUzI1NiJ9.eyJ1c2VyX2lkIjowLCJzZXNzaW9uX2lkIjoxfQ.WpX1_pFyFCRdZx5hWGJ6AbAXuQR6jvGb4DrsBLENmxo&u_id=0 HTTP/1.1" 200 -
127.0.0.1 - - [25/Oct/2021 14:47:26] "POST /auth/logout/v1 HTTP/1.1" 200 -
127.0.0.1 - - [25/Oct/2021 14:47:26] "GET /dm/list/v1?token=eyJ0eXAiOiJKV1QiLCJhbGciOiJIUzI1NiJ9.eyJ1c2VyX2lkIjowLCJzZXNzaW9uX2lkIjoxfQ.WpX1_pFyFCRdZx5hWGJ6AbAXuQR6jvGb4DrsBLENmxo HTTP/1.1" 403 -
127.0.0.1 - - [25/Oct/2021 14:47:26] "DELETE /clear/v1 HTTP/1.1" 200 -
127.0.0.1 - - [25/Oct/2021 14:47:26] "POST /auth/register/v2 HTTP/1.1" 200 -
127.0.0.1 - - [25/Oct/2021 14:47:26] "GET /user/profile/v1?token=eyJ0eXAiOiJKV1QiLCJhbGciOiJIUzI1NiJ9.eyJ1c2VyX2lkIjowLCJzZXNzaW9uX2lkIjoxfQ.WpX1_pFyFCRdZx5hWGJ6AbAXuQR6jvGb4DrsBLENmxo&u_id=0 HTTP/1.1" 200 -
127.0.0.1 - - [25/Oct/2021 14:47:26] "POST /auth/register/v2 HTTP/1.1" 200 -
127.0.0.1 - - [25/Oct/2021 14:47:26] "GET /user/profile/v1?token=eyJ0eXAiOiJKV1QiLCJhbGciOiJIUzI1NiJ9.eyJ1c2VyX2lkIjoxLCJzZXNzaW9uX2lkIjoyfQ.3IlFnyZjb8U5WB33OVJzvu7OYzdYAKPqvmD_oI9z8So&u_id=1 HTTP/1.1" 200 -
127.0.0.1 - - [25/Oct/2021 14:47:26] "POST /dm/create/v1 HTTP/1.1" 200 -
127.0.0.1 - - [25/Oct/2021 14:47:26] "GET /dm/details/v1?token=eyJ0eXAiOiJKV1QiLCJhbGciOiJIUzI1NiJ9.eyJ1c2VyX2lkIjowLCJzZXNzaW9uX2lkIjoxfQ.WpX1_pFyFCRdZx5hWGJ6AbAXuQR6jvGb4DrsBLENmxo&dm_id=0 HTTP/1.1" 200 -
127.0.0.1 - - [25/Oct/2021 14:47:26] "POST /message/senddm/v1 HTTP/1.1" 200 -
127.0.0.1 - - [25/Oct/2021 14:47:26] "POST /message/senddm/v1 HTTP/1.1" 200 -
127.0.0.1 - - [25/Oct/2021 14:47:26] "POST /message/senddm/v1 HTTP/1.1" 200 -
127.0.0.1 - - [25/Oct/2021 14:47:26] "POST /message/senddm/v1 HTTP/1.1" 200 -
127.0.0.1 - - [25/Oct/2021 14:47:26] "POST /message/senddm/v1 HTTP/1.1" 200 -
127.0.0.1 - - [25/Oct/2021 14:47:26] "POST /message/senddm/v1 HTTP/1.1" 200 -
127.0.0.1 - - [25/Oct/2021 14:47:26] "POST /message/senddm/v1 HTTP/1.1" 200 -
127.0.0.1 - - [25/Oct/2021 14:47:26] "POST /message/senddm/v1 HTTP/1.1" 200 -
127.0.0.1 - - [25/Oct/2021 14:47:26] "POST /message/senddm/v1 HTTP/1.1" 200 -
127.0.0.1 - - [25/Oct/2021 14:47:26] "POST /message/senddm/v1 HTTP/1.1" 200 -
127.0.0.1 - - [25/Oct/2021 14:47:26] "GET /dm/messages/v1?token=eyJ0eXAiOiJKV1QiLCJhbGciOiJIUzI1NiJ9.eyJ1c2VyX2lkIjowLCJzZXNzaW9uX2lkIjoxfQ.WpX1_pFyFCRdZx5hWGJ6AbAXuQR6jvGb4DrsBLENmxo&dm_id=0&start=0 HTTP/1.1" 200 -
127.0.0.1 - - [25/Oct/2021 14:47:26] "DELETE /clear/v1 HTTP/1.1" 200 -
127.0.0.1 - - [25/Oct/2021 14:47:26] "POST /auth/register/v2 HTTP/1.1" 200 -
127.0.0.1 - - [25/Oct/2021 14:47:26] "GET /user/profile/v1?token=eyJ0eXAiOiJKV1QiLCJhbGciOiJIUzI1NiJ9.eyJ1c2VyX2lkIjowLCJzZXNzaW9uX2lkIjoxfQ.WpX1_pFyFCRdZx5hWGJ6AbAXuQR6jvGb4DrsBLENmxo&u_id=0 HTTP/1.1" 200 -
127.0.0.1 - - [25/Oct/2021 14:47:26] "POST /auth/register/v2 HTTP/1.1" 200 -
127.0.0.1 - - [25/Oct/2021 14:47:26] "GET /user/profile/v1?token=eyJ0eXAiOiJKV1QiLCJhbGciOiJIUzI1NiJ9.eyJ1c2VyX2lkIjoxLCJzZXNzaW9uX2lkIjoyfQ.3IlFnyZjb8U5WB33OVJzvu7OYzdYAKPqvmD_oI9z8So&u_id=1 HTTP/1.1" 200 -
127.0.0.1 - - [25/Oct/2021 14:47:26] "POST /dm/create/v1 HTTP/1.1" 200 -
127.0.0.1 - - [25/Oct/2021 14:47:26] "GET /dm/details/v1?token=eyJ0eXAiOiJKV1QiLCJhbGciOiJIUzI1NiJ9.eyJ1c2VyX2lkIjowLCJzZXNzaW9uX2lkIjoxfQ.WpX1_pFyFCRdZx5hWGJ6AbAXuQR6jvGb4DrsBLENmxo&dm_id=0 HTTP/1.1" 200 -
127.0.0.1 - - [25/Oct/2021 14:47:26] "POST /message/senddm/v1 HTTP/1.1" 200 -
127.0.0.1 - - [25/Oct/2021 14:47:26] "POST /message/senddm/v1 HTTP/1.1" 200 -
127.0.0.1 - - [25/Oct/2021 14:47:26] "POST /message/senddm/v1 HTTP/1.1" 200 -
127.0.0.1 - - [25/Oct/2021 14:47:26] "POST /message/senddm/v1 HTTP/1.1" 200 -
127.0.0.1 - - [25/Oct/2021 14:47:26] "POST /message/senddm/v1 HTTP/1.1" 200 -
127.0.0.1 - - [25/Oct/2021 14:47:26] "POST /message/senddm/v1 HTTP/1.1" 200 -
127.0.0.1 - - [25/Oct/2021 14:47:26] "POST /message/senddm/v1 HTTP/1.1" 200 -
127.0.0.1 - - [25/Oct/2021 14:47:26] "POST /message/senddm/v1 HTTP/1.1" 200 -
127.0.0.1 - - [25/Oct/2021 14:47:26] "POST /message/senddm/v1 HTTP/1.1" 200 -
127.0.0.1 - - [25/Oct/2021 14:47:26] "POST /message/senddm/v1 HTTP/1.1" 200 -
127.0.0.1 - - [25/Oct/2021 14:47:26] "POST /message/senddm/v1 HTTP/1.1" 200 -
127.0.0.1 - - [25/Oct/2021 14:47:26] "POST /message/senddm/v1 HTTP/1.1" 200 -
127.0.0.1 - - [25/Oct/2021 14:47:26] "POST /message/senddm/v1 HTTP/1.1" 200 -
127.0.0.1 - - [25/Oct/2021 14:47:26] "POST /message/senddm/v1 HTTP/1.1" 200 -
127.0.0.1 - - [25/Oct/2021 14:47:26] "POST /message/senddm/v1 HTTP/1.1" 200 -
127.0.0.1 - - [25/Oct/2021 14:47:26] "POST /message/senddm/v1 HTTP/1.1" 200 -
127.0.0.1 - - [25/Oct/2021 14:47:26] "POST /message/senddm/v1 HTTP/1.1" 200 -
127.0.0.1 - - [25/Oct/2021 14:47:26] "POST /message/senddm/v1 HTTP/1.1" 200 -
127.0.0.1 - - [25/Oct/2021 14:47:26] "POST /message/senddm/v1 HTTP/1.1" 200 -
127.0.0.1 - - [25/Oct/2021 14:47:26] "POST /message/senddm/v1 HTTP/1.1" 200 -
127.0.0.1 - - [25/Oct/2021 14:47:26] "POST /message/senddm/v1 HTTP/1.1" 200 -
127.0.0.1 - - [25/Oct/2021 14:47:26] "POST /message/senddm/v1 HTTP/1.1" 200 -
127.0.0.1 - - [25/Oct/2021 14:47:26] "POST /message/senddm/v1 HTTP/1.1" 200 -
127.0.0.1 - - [25/Oct/2021 14:47:26] "POST /message/senddm/v1 HTTP/1.1" 200 -
127.0.0.1 - - [25/Oct/2021 14:47:26] "POST /message/senddm/v1 HTTP/1.1" 200 -
127.0.0.1 - - [25/Oct/2021 14:47:26] "POST /message/senddm/v1 HTTP/1.1" 200 -
127.0.0.1 - - [25/Oct/2021 14:47:26] "POST /message/senddm/v1 HTTP/1.1" 200 -
127.0.0.1 - - [25/Oct/2021 14:47:26] "POST /message/senddm/v1 HTTP/1.1" 200 -
127.0.0.1 - - [25/Oct/2021 14:47:26] "POST /message/senddm/v1 HTTP/1.1" 200 -
127.0.0.1 - - [25/Oct/2021 14:47:26] "POST /message/senddm/v1 HTTP/1.1" 200 -
127.0.0.1 - - [25/Oct/2021 14:47:26] "POST /message/senddm/v1 HTTP/1.1" 200 -
127.0.0.1 - - [25/Oct/2021 14:47:26] "POST /message/senddm/v1 HTTP/1.1" 200 -
127.0.0.1 - - [25/Oct/2021 14:47:26] "POST /message/senddm/v1 HTTP/1.1" 200 -
127.0.0.1 - - [25/Oct/2021 14:47:26] "POST /message/senddm/v1 HTTP/1.1" 200 -
127.0.0.1 - - [25/Oct/2021 14:47:26] "POST /message/senddm/v1 HTTP/1.1" 200 -
127.0.0.1 - - [25/Oct/2021 14:47:26] "POST /message/senddm/v1 HTTP/1.1" 200 -
127.0.0.1 - - [25/Oct/2021 14:47:26] "POST /message/senddm/v1 HTTP/1.1" 200 -
127.0.0.1 - - [25/Oct/2021 14:47:26] "POST /message/senddm/v1 HTTP/1.1" 200 -
127.0.0.1 - - [25/Oct/2021 14:47:26] "POST /message/senddm/v1 HTTP/1.1" 200 -
127.0.0.1 - - [25/Oct/2021 14:47:26] "POST /message/senddm/v1 HTTP/1.1" 200 -
127.0.0.1 - - [25/Oct/2021 14:47:26] "POST /message/senddm/v1 HTTP/1.1" 200 -
127.0.0.1 - - [25/Oct/2021 14:47:26] "POST /message/senddm/v1 HTTP/1.1" 200 -
127.0.0.1 - - [25/Oct/2021 14:47:26] "POST /message/senddm/v1 HTTP/1.1" 200 -
127.0.0.1 - - [25/Oct/2021 14:47:26] "POST /message/senddm/v1 HTTP/1.1" 200 -
127.0.0.1 - - [25/Oct/2021 14:47:26] "POST /message/senddm/v1 HTTP/1.1" 200 -
127.0.0.1 - - [25/Oct/2021 14:47:26] "POST /message/senddm/v1 HTTP/1.1" 200 -
127.0.0.1 - - [25/Oct/2021 14:47:26] "POST /message/senddm/v1 HTTP/1.1" 200 -
127.0.0.1 - - [25/Oct/2021 14:47:26] "POST /message/senddm/v1 HTTP/1.1" 200 -
127.0.0.1 - - [25/Oct/2021 14:47:26] "POST /message/senddm/v1 HTTP/1.1" 200 -
127.0.0.1 - - [25/Oct/2021 14:47:26] "POST /message/senddm/v1 HTTP/1.1" 200 -
127.0.0.1 - - [25/Oct/2021 14:47:26] "POST /message/senddm/v1 HTTP/1.1" 200 -
127.0.0.1 - - [25/Oct/2021 14:47:26] "GET /dm/messages/v1?token=eyJ0eXAiOiJKV1QiLCJhbGciOiJIUzI1NiJ9.eyJ1c2VyX2lkIjowLCJzZXNzaW9uX2lkIjoxfQ.WpX1_pFyFCRdZx5hWGJ6AbAXuQR6jvGb4DrsBLENmxo&dm_id=0&start=0 HTTP/1.1" 200 -
127.0.0.1 - - [25/Oct/2021 14:47:26] "DELETE /clear/v1 HTTP/1.1" 200 -
127.0.0.1 - - [25/Oct/2021 14:47:26] "POST /auth/register/v2 HTTP/1.1" 200 -
127.0.0.1 - - [25/Oct/2021 14:47:26] "GET /user/profile/v1?token=eyJ0eXAiOiJKV1QiLCJhbGciOiJIUzI1NiJ9.eyJ1c2VyX2lkIjowLCJzZXNzaW9uX2lkIjoxfQ.WpX1_pFyFCRdZx5hWGJ6AbAXuQR6jvGb4DrsBLENmxo&u_id=0 HTTP/1.1" 200 -
127.0.0.1 - - [25/Oct/2021 14:47:26] "POST /auth/register/v2 HTTP/1.1" 200 -
127.0.0.1 - - [25/Oct/2021 14:47:26] "GET /user/profile/v1?token=eyJ0eXAiOiJKV1QiLCJhbGciOiJIUzI1NiJ9.eyJ1c2VyX2lkIjoxLCJzZXNzaW9uX2lkIjoyfQ.3IlFnyZjb8U5WB33OVJzvu7OYzdYAKPqvmD_oI9z8So&u_id=1 HTTP/1.1" 200 -
127.0.0.1 - - [25/Oct/2021 14:47:26] "POST /dm/create/v1 HTTP/1.1" 200 -
127.0.0.1 - - [25/Oct/2021 14:47:26] "GET /dm/details/v1?token=eyJ0eXAiOiJKV1QiLCJhbGciOiJIUzI1NiJ9.eyJ1c2VyX2lkIjowLCJzZXNzaW9uX2lkIjoxfQ.WpX1_pFyFCRdZx5hWGJ6AbAXuQR6jvGb4DrsBLENmxo&dm_id=0 HTTP/1.1" 200 -
127.0.0.1 - - [25/Oct/2021 14:47:26] "POST /message/senddm/v1 HTTP/1.1" 200 -
127.0.0.1 - - [25/Oct/2021 14:47:26] "GET /dm/messages/v1?token=eyJ0eXAiOiJKV1QiLCJhbGciOiJIUzI1NiJ9.eyJ1c2VyX2lkIjowLCJzZXNzaW9uX2lkIjoxfQ.WpX1_pFyFCRdZx5hWGJ6AbAXuQR6jvGb4DrsBLENmxo&dm_id=0&start=0 HTTP/1.1" 200 -
127.0.0.1 - - [25/Oct/2021 14:47:26] "PUT /message/edit/v1 HTTP/1.1" 200 -
127.0.0.1 - - [25/Oct/2021 14:47:26] "GET /dm/messages/v1?token=eyJ0eXAiOiJKV1QiLCJhbGciOiJIUzI1NiJ9.eyJ1c2VyX2lkIjowLCJzZXNzaW9uX2lkIjoxfQ.WpX1_pFyFCRdZx5hWGJ6AbAXuQR6jvGb4DrsBLENmxo&dm_id=0&start=0 HTTP/1.1" 200 -
127.0.0.1 - - [25/Oct/2021 14:47:26] "DELETE /clear/v1 HTTP/1.1" 200 -
127.0.0.1 - - [25/Oct/2021 14:47:26] "POST /auth/register/v2 HTTP/1.1" 200 -
127.0.0.1 - - [25/Oct/2021 14:47:26] "GET /user/profile/v1?token=eyJ0eXAiOiJKV1QiLCJhbGciOiJIUzI1NiJ9.eyJ1c2VyX2lkIjowLCJzZXNzaW9uX2lkIjoxfQ.WpX1_pFyFCRdZx5hWGJ6AbAXuQR6jvGb4DrsBLENmxo&u_id=0 HTTP/1.1" 200 -
127.0.0.1 - - [25/Oct/2021 14:47:26] "POST /auth/register/v2 HTTP/1.1" 200 -
127.0.0.1 - - [25/Oct/2021 14:47:26] "GET /user/profile/v1?token=eyJ0eXAiOiJKV1QiLCJhbGciOiJIUzI1NiJ9.eyJ1c2VyX2lkIjoxLCJzZXNzaW9uX2lkIjoyfQ.3IlFnyZjb8U5WB33OVJzvu7OYzdYAKPqvmD_oI9z8So&u_id=1 HTTP/1.1" 200 -
127.0.0.1 - - [25/Oct/2021 14:47:26] "POST /dm/create/v1 HTTP/1.1" 200 -
127.0.0.1 - - [25/Oct/2021 14:47:26] "GET /dm/details/v1?token=eyJ0eXAiOiJKV1QiLCJhbGciOiJIUzI1NiJ9.eyJ1c2VyX2lkIjowLCJzZXNzaW9uX2lkIjoxfQ.WpX1_pFyFCRdZx5hWGJ6AbAXuQR6jvGb4DrsBLENmxo&dm_id=0 HTTP/1.1" 200 -
127.0.0.1 - - [25/Oct/2021 14:47:26] "POST /message/senddm/v1 HTTP/1.1" 200 -
127.0.0.1 - - [25/Oct/2021 14:47:26] "GET /dm/messages/v1?token=eyJ0eXAiOiJKV1QiLCJhbGciOiJIUzI1NiJ9.eyJ1c2VyX2lkIjowLCJzZXNzaW9uX2lkIjoxfQ.WpX1_pFyFCRdZx5hWGJ6AbAXuQR6jvGb4DrsBLENmxo&dm_id=0&start=0 HTTP/1.1" 200 -
127.0.0.1 - - [25/Oct/2021 14:47:26] "DELETE /message/remove/v1 HTTP/1.1" 200 -
127.0.0.1 - - [25/Oct/2021 14:47:26] "GET /dm/messages/v1?token=eyJ0eXAiOiJKV1QiLCJhbGciOiJIUzI1NiJ9.eyJ1c2VyX2lkIjowLCJzZXNzaW9uX2lkIjoxfQ.WpX1_pFyFCRdZx5hWGJ6AbAXuQR6jvGb4DrsBLENmxo&dm_id=0&start=0 HTTP/1.1" 200 -
127.0.0.1 - - [25/Oct/2021 14:47:26] "DELETE /clear/v1 HTTP/1.1" 200 -
127.0.0.1 - - [25/Oct/2021 14:47:26] "POST /auth/register/v2 HTTP/1.1" 200 -
127.0.0.1 - - [25/Oct/2021 14:47:26] "GET /user/profile/v1?token=eyJ0eXAiOiJKV1QiLCJhbGciOiJIUzI1NiJ9.eyJ1c2VyX2lkIjowLCJzZXNzaW9uX2lkIjoxfQ.WpX1_pFyFCRdZx5hWGJ6AbAXuQR6jvGb4DrsBLENmxo&u_id=0 HTTP/1.1" 200 -
127.0.0.1 - - [25/Oct/2021 14:47:26] "POST /auth/register/v2 HTTP/1.1" 200 -
127.0.0.1 - - [25/Oct/2021 14:47:26] "GET /user/profile/v1?token=eyJ0eXAiOiJKV1QiLCJhbGciOiJIUzI1NiJ9.eyJ1c2VyX2lkIjoxLCJzZXNzaW9uX2lkIjoyfQ.3IlFnyZjb8U5WB33OVJzvu7OYzdYAKPqvmD_oI9z8So&u_id=1 HTTP/1.1" 200 -
127.0.0.1 - - [25/Oct/2021 14:47:26] "POST /dm/create/v1 HTTP/1.1" 200 -
127.0.0.1 - - [25/Oct/2021 14:47:26] "GET /dm/details/v1?token=eyJ0eXAiOiJKV1QiLCJhbGciOiJIUzI1NiJ9.eyJ1c2VyX2lkIjowLCJzZXNzaW9uX2lkIjoxfQ.WpX1_pFyFCRdZx5hWGJ6AbAXuQR6jvGb4DrsBLENmxo&dm_id=0 HTTP/1.1" 200 -
127.0.0.1 - - [25/Oct/2021 14:47:26] "GET /dm/messages/v1?token=eyJ0eXAiOiJKV1QiLCJhbGciOiJIUzI1NiJ9.eyJ1c2VyX2lkIjowLCJzZXNzaW9uX2lkIjoxfQ.WpX1_pFyFCRdZx5hWGJ6AbAXuQR6jvGb4DrsBLENmxo&dm_id=0&start=21389429 HTTP/1.1" 400 -
127.0.0.1 - - [25/Oct/2021 14:47:26] "DELETE /clear/v1 HTTP/1.1" 200 -
127.0.0.1 - - [25/Oct/2021 14:47:26] "POST /auth/register/v2 HTTP/1.1" 200 -
127.0.0.1 - - [25/Oct/2021 14:47:26] "GET /user/profile/v1?token=eyJ0eXAiOiJKV1QiLCJhbGciOiJIUzI1NiJ9.eyJ1c2VyX2lkIjowLCJzZXNzaW9uX2lkIjoxfQ.WpX1_pFyFCRdZx5hWGJ6AbAXuQR6jvGb4DrsBLENmxo&u_id=0 HTTP/1.1" 200 -
127.0.0.1 - - [25/Oct/2021 14:47:26] "POST /auth/register/v2 HTTP/1.1" 200 -
127.0.0.1 - - [25/Oct/2021 14:47:26] "GET /user/profile/v1?token=eyJ0eXAiOiJKV1QiLCJhbGciOiJIUzI1NiJ9.eyJ1c2VyX2lkIjoxLCJzZXNzaW9uX2lkIjoyfQ.3IlFnyZjb8U5WB33OVJzvu7OYzdYAKPqvmD_oI9z8So&u_id=1 HTTP/1.1" 200 -
127.0.0.1 - - [25/Oct/2021 14:47:26] "POST /auth/register/v2 HTTP/1.1" 200 -
127.0.0.1 - - [25/Oct/2021 14:47:26] "GET /user/profile/v1?token=eyJ0eXAiOiJKV1QiLCJhbGciOiJIUzI1NiJ9.eyJ1c2VyX2lkIjoyLCJzZXNzaW9uX2lkIjozfQ.2mMC9Y48syJFgW_SZTS9aMPihEm3QxJA0QuKCrfCwhY&u_id=2 HTTP/1.1" 200 -
127.0.0.1 - - [25/Oct/2021 14:47:26] "POST /dm/create/v1 HTTP/1.1" 200 -
127.0.0.1 - - [25/Oct/2021 14:47:26] "GET /dm/details/v1?token=eyJ0eXAiOiJKV1QiLCJhbGciOiJIUzI1NiJ9.eyJ1c2VyX2lkIjoxLCJzZXNzaW9uX2lkIjoyfQ.3IlFnyZjb8U5WB33OVJzvu7OYzdYAKPqvmD_oI9z8So&dm_id=0 HTTP/1.1" 200 -
127.0.0.1 - - [25/Oct/2021 14:47:26] "GET /dm/messages/v1?token=eyJ0eXAiOiJKV1QiLCJhbGciOiJIUzI1NiJ9.eyJ1c2VyX2lkIjowLCJzZXNzaW9uX2lkIjoxfQ.WpX1_pFyFCRdZx5hWGJ6AbAXuQR6jvGb4DrsBLENmxo&dm_id=0&start=0 HTTP/1.1" 403 -
127.0.0.1 - - [25/Oct/2021 14:47:26] "DELETE /clear/v1 HTTP/1.1" 200 -
127.0.0.1 - - [25/Oct/2021 14:47:26] "POST /auth/register/v2 HTTP/1.1" 200 -
127.0.0.1 - - [25/Oct/2021 14:47:26] "GET /user/profile/v1?token=eyJ0eXAiOiJKV1QiLCJhbGciOiJIUzI1NiJ9.eyJ1c2VyX2lkIjowLCJzZXNzaW9uX2lkIjoxfQ.WpX1_pFyFCRdZx5hWGJ6AbAXuQR6jvGb4DrsBLENmxo&u_id=0 HTTP/1.1" 200 -
127.0.0.1 - - [25/Oct/2021 14:47:26] "GET /dm/messages/v1?token=eyJ0eXAiOiJKV1QiLCJhbGciOiJIUzI1NiJ9.eyJ1c2VyX2lkIjowLCJzZXNzaW9uX2lkIjoxfQ.WpX1_pFyFCRdZx5hWGJ6AbAXuQR6jvGb4DrsBLENmxo&dm_id=-1&start=0 HTTP/1.1" 400 -
127.0.0.1 - - [25/Oct/2021 14:47:26] "DELETE /clear/v1 HTTP/1.1" 200 -
127.0.0.1 - - [25/Oct/2021 14:47:26] "POST /auth/register/v2 HTTP/1.1" 200 -
127.0.0.1 - - [25/Oct/2021 14:47:26] "GET /user/profile/v1?token=eyJ0eXAiOiJKV1QiLCJhbGciOiJIUzI1NiJ9.eyJ1c2VyX2lkIjowLCJzZXNzaW9uX2lkIjoxfQ.WpX1_pFyFCRdZx5hWGJ6AbAXuQR6jvGb4DrsBLENmxo&u_id=0 HTTP/1.1" 200 -
127.0.0.1 - - [25/Oct/2021 14:47:26] "POST /auth/register/v2 HTTP/1.1" 200 -
127.0.0.1 - - [25/Oct/2021 14:47:26] "GET /user/profile/v1?token=eyJ0eXAiOiJKV1QiLCJhbGciOiJIUzI1NiJ9.eyJ1c2VyX2lkIjoxLCJzZXNzaW9uX2lkIjoyfQ.3IlFnyZjb8U5WB33OVJzvu7OYzdYAKPqvmD_oI9z8So&u_id=1 HTTP/1.1" 200 -
127.0.0.1 - - [25/Oct/2021 14:47:26] "POST /dm/create/v1 HTTP/1.1" 200 -
127.0.0.1 - - [25/Oct/2021 14:47:26] "GET /dm/details/v1?token=eyJ0eXAiOiJKV1QiLCJhbGciOiJIUzI1NiJ9.eyJ1c2VyX2lkIjowLCJzZXNzaW9uX2lkIjoxfQ.WpX1_pFyFCRdZx5hWGJ6AbAXuQR6jvGb4DrsBLENmxo&dm_id=0 HTTP/1.1" 200 -
127.0.0.1 - - [25/Oct/2021 14:47:26] "POST /auth/logout/v1 HTTP/1.1" 200 -
127.0.0.1 - - [25/Oct/2021 14:47:26] "GET /dm/messages/v1?token=eyJ0eXAiOiJKV1QiLCJhbGciOiJIUzI1NiJ9.eyJ1c2VyX2lkIjowLCJzZXNzaW9uX2lkIjoxfQ.WpX1_pFyFCRdZx5hWGJ6AbAXuQR6jvGb4DrsBLENmxo&dm_id=0&start=0 HTTP/1.1" 403 -
127.0.0.1 - - [25/Oct/2021 14:47:26] "DELETE /clear/v1 HTTP/1.1" 200 -
127.0.0.1 - - [25/Oct/2021 14:47:26] "POST /auth/register/v2 HTTP/1.1" 200 -
127.0.0.1 - - [25/Oct/2021 14:47:26] "GET /user/profile/v1?token=eyJ0eXAiOiJKV1QiLCJhbGciOiJIUzI1NiJ9.eyJ1c2VyX2lkIjowLCJzZXNzaW9uX2lkIjoxfQ.WpX1_pFyFCRdZx5hWGJ6AbAXuQR6jvGb4DrsBLENmxo&u_id=0 HTTP/1.1" 200 -
127.0.0.1 - - [25/Oct/2021 14:47:26] "POST /auth/register/v2 HTTP/1.1" 200 -
127.0.0.1 - - [25/Oct/2021 14:47:26] "GET /user/profile/v1?token=eyJ0eXAiOiJKV1QiLCJhbGciOiJIUzI1NiJ9.eyJ1c2VyX2lkIjoxLCJzZXNzaW9uX2lkIjoyfQ.3IlFnyZjb8U5WB33OVJzvu7OYzdYAKPqvmD_oI9z8So&u_id=1 HTTP/1.1" 200 -
127.0.0.1 - - [25/Oct/2021 14:47:26] "POST /dm/create/v1 HTTP/1.1" 200 -
127.0.0.1 - - [25/Oct/2021 14:47:26] "GET /dm/details/v1?token=eyJ0eXAiOiJKV1QiLCJhbGciOiJIUzI1NiJ9.eyJ1c2VyX2lkIjowLCJzZXNzaW9uX2lkIjoxfQ.WpX1_pFyFCRdZx5hWGJ6AbAXuQR6jvGb4DrsBLENmxo&dm_id=0 HTTP/1.1" 200 -
127.0.0.1 - - [25/Oct/2021 14:47:26] "DELETE /dm/remove/v1 HTTP/1.1" 200 -
127.0.0.1 - - [25/Oct/2021 14:47:26] "GET /dm/list/v1?token=eyJ0eXAiOiJKV1QiLCJhbGciOiJIUzI1NiJ9.eyJ1c2VyX2lkIjowLCJzZXNzaW9uX2lkIjoxfQ.WpX1_pFyFCRdZx5hWGJ6AbAXuQR6jvGb4DrsBLENmxo HTTP/1.1" 200 -
127.0.0.1 - - [25/Oct/2021 14:47:26] "GET /dm/list/v1?token=eyJ0eXAiOiJKV1QiLCJhbGciOiJIUzI1NiJ9.eyJ1c2VyX2lkIjoxLCJzZXNzaW9uX2lkIjoyfQ.3IlFnyZjb8U5WB33OVJzvu7OYzdYAKPqvmD_oI9z8So HTTP/1.1" 200 -
127.0.0.1 - - [25/Oct/2021 14:47:26] "DELETE /clear/v1 HTTP/1.1" 200 -
127.0.0.1 - - [25/Oct/2021 14:47:26] "POST /auth/register/v2 HTTP/1.1" 200 -
127.0.0.1 - - [25/Oct/2021 14:47:26] "GET /user/profile/v1?token=eyJ0eXAiOiJKV1QiLCJhbGciOiJIUzI1NiJ9.eyJ1c2VyX2lkIjowLCJzZXNzaW9uX2lkIjoxfQ.WpX1_pFyFCRdZx5hWGJ6AbAXuQR6jvGb4DrsBLENmxo&u_id=0 HTTP/1.1" 200 -
127.0.0.1 - - [25/Oct/2021 14:47:26] "POST /auth/register/v2 HTTP/1.1" 200 -
127.0.0.1 - - [25/Oct/2021 14:47:26] "GET /user/profile/v1?token=eyJ0eXAiOiJKV1QiLCJhbGciOiJIUzI1NiJ9.eyJ1c2VyX2lkIjoxLCJzZXNzaW9uX2lkIjoyfQ.3IlFnyZjb8U5WB33OVJzvu7OYzdYAKPqvmD_oI9z8So&u_id=1 HTTP/1.1" 200 -
127.0.0.1 - - [25/Oct/2021 14:47:26] "POST /dm/create/v1 HTTP/1.1" 200 -
127.0.0.1 - - [25/Oct/2021 14:47:26] "GET /dm/details/v1?token=eyJ0eXAiOiJKV1QiLCJhbGciOiJIUzI1NiJ9.eyJ1c2VyX2lkIjoxLCJzZXNzaW9uX2lkIjoyfQ.3IlFnyZjb8U5WB33OVJzvu7OYzdYAKPqvmD_oI9z8So&dm_id=0 HTTP/1.1" 200 -
127.0.0.1 - - [25/Oct/2021 14:47:26] "DELETE /dm/remove/v1 HTTP/1.1" 403 -
127.0.0.1 - - [25/Oct/2021 14:47:26] "DELETE /clear/v1 HTTP/1.1" 200 -
127.0.0.1 - - [25/Oct/2021 14:47:26] "POST /auth/register/v2 HTTP/1.1" 200 -
127.0.0.1 - - [25/Oct/2021 14:47:26] "GET /user/profile/v1?token=eyJ0eXAiOiJKV1QiLCJhbGciOiJIUzI1NiJ9.eyJ1c2VyX2lkIjowLCJzZXNzaW9uX2lkIjoxfQ.WpX1_pFyFCRdZx5hWGJ6AbAXuQR6jvGb4DrsBLENmxo&u_id=0 HTTP/1.1" 200 -
127.0.0.1 - - [25/Oct/2021 14:47:26] "POST /auth/register/v2 HTTP/1.1" 200 -
127.0.0.1 - - [25/Oct/2021 14:47:26] "GET /user/profile/v1?token=eyJ0eXAiOiJKV1QiLCJhbGciOiJIUzI1NiJ9.eyJ1c2VyX2lkIjoxLCJzZXNzaW9uX2lkIjoyfQ.3IlFnyZjb8U5WB33OVJzvu7OYzdYAKPqvmD_oI9z8So&u_id=1 HTTP/1.1" 200 -
127.0.0.1 - - [25/Oct/2021 14:47:26] "POST /dm/create/v1 HTTP/1.1" 200 -
127.0.0.1 - - [25/Oct/2021 14:47:26] "GET /dm/details/v1?token=eyJ0eXAiOiJKV1QiLCJhbGciOiJIUzI1NiJ9.eyJ1c2VyX2lkIjowLCJzZXNzaW9uX2lkIjoxfQ.WpX1_pFyFCRdZx5hWGJ6AbAXuQR6jvGb4DrsBLENmxo&dm_id=0 HTTP/1.1" 200 -
127.0.0.1 - - [25/Oct/2021 14:47:26] "DELETE /dm/remove/v1 HTTP/1.1" 200 -
127.0.0.1 - - [25/Oct/2021 14:47:26] "DELETE /dm/remove/v1 HTTP/1.1" 400 -
127.0.0.1 - - [25/Oct/2021 14:47:26] "DELETE /clear/v1 HTTP/1.1" 200 -
127.0.0.1 - - [25/Oct/2021 14:47:26] "POST /auth/register/v2 HTTP/1.1" 200 -
127.0.0.1 - - [25/Oct/2021 14:47:26] "GET /user/profile/v1?token=eyJ0eXAiOiJKV1QiLCJhbGciOiJIUzI1NiJ9.eyJ1c2VyX2lkIjowLCJzZXNzaW9uX2lkIjoxfQ.WpX1_pFyFCRdZx5hWGJ6AbAXuQR6jvGb4DrsBLENmxo&u_id=0 HTTP/1.1" 200 -
127.0.0.1 - - [25/Oct/2021 14:47:26] "POST /auth/register/v2 HTTP/1.1" 200 -
127.0.0.1 - - [25/Oct/2021 14:47:26] "GET /user/profile/v1?token=eyJ0eXAiOiJKV1QiLCJhbGciOiJIUzI1NiJ9.eyJ1c2VyX2lkIjoxLCJzZXNzaW9uX2lkIjoyfQ.3IlFnyZjb8U5WB33OVJzvu7OYzdYAKPqvmD_oI9z8So&u_id=1 HTTP/1.1" 200 -
127.0.0.1 - - [25/Oct/2021 14:47:26] "POST /dm/create/v1 HTTP/1.1" 200 -
127.0.0.1 - - [25/Oct/2021 14:47:26] "GET /dm/details/v1?token=eyJ0eXAiOiJKV1QiLCJhbGciOiJIUzI1NiJ9.eyJ1c2VyX2lkIjowLCJzZXNzaW9uX2lkIjoxfQ.WpX1_pFyFCRdZx5hWGJ6AbAXuQR6jvGb4DrsBLENmxo&dm_id=0 HTTP/1.1" 200 -
127.0.0.1 - - [25/Oct/2021 14:47:26] "POST /auth/logout/v1 HTTP/1.1" 200 -
127.0.0.1 - - [25/Oct/2021 14:47:26] "DELETE /dm/remove/v1 HTTP/1.1" 403 -
127.0.0.1 - - [25/Oct/2021 14:47:26] "DELETE /clear/v1 HTTP/1.1" 200 -
127.0.0.1 - - [25/Oct/2021 14:47:26] "POST /auth/register/v2 HTTP/1.1" 200 -
127.0.0.1 - - [25/Oct/2021 14:47:26] "GET /user/profile/v1?token=eyJ0eXAiOiJKV1QiLCJhbGciOiJIUzI1NiJ9.eyJ1c2VyX2lkIjowLCJzZXNzaW9uX2lkIjoxfQ.WpX1_pFyFCRdZx5hWGJ6AbAXuQR6jvGb4DrsBLENmxo&u_id=0 HTTP/1.1" 200 -
127.0.0.1 - - [25/Oct/2021 14:47:26] "POST /channels/create/v2 HTTP/1.1" 200 -
127.0.0.1 - - [25/Oct/2021 14:47:26] "POST /message/send/v1 HTTP/1.1" 200 -
127.0.0.1 - - [25/Oct/2021 14:47:26] "PUT /message/edit/v1 HTTP/1.1" 200 -
127.0.0.1 - - [25/Oct/2021 14:47:26] "GET /channel/messages/v2?token=eyJ0eXAiOiJKV1QiLCJhbGciOiJIUzI1NiJ9.eyJ1c2VyX2lkIjowLCJzZXNzaW9uX2lkIjoxfQ.WpX1_pFyFCRdZx5hWGJ6AbAXuQR6jvGb4DrsBLENmxo&channel_id=0&start=0 HTTP/1.1" 200 -
127.0.0.1 - - [25/Oct/2021 14:47:26] "DELETE /clear/v1 HTTP/1.1" 200 -
127.0.0.1 - - [25/Oct/2021 14:47:26] "POST /auth/register/v2 HTTP/1.1" 200 -
127.0.0.1 - - [25/Oct/2021 14:47:26] "GET /user/profile/v1?token=eyJ0eXAiOiJKV1QiLCJhbGciOiJIUzI1NiJ9.eyJ1c2VyX2lkIjowLCJzZXNzaW9uX2lkIjoxfQ.WpX1_pFyFCRdZx5hWGJ6AbAXuQR6jvGb4DrsBLENmxo&u_id=0 HTTP/1.1" 200 -
127.0.0.1 - - [25/Oct/2021 14:47:26] "POST /auth/register/v2 HTTP/1.1" 200 -
127.0.0.1 - - [25/Oct/2021 14:47:26] "GET /user/profile/v1?token=eyJ0eXAiOiJKV1QiLCJhbGciOiJIUzI1NiJ9.eyJ1c2VyX2lkIjoxLCJzZXNzaW9uX2lkIjoyfQ.3IlFnyZjb8U5WB33OVJzvu7OYzdYAKPqvmD_oI9z8So&u_id=1 HTTP/1.1" 200 -
127.0.0.1 - - [25/Oct/2021 14:47:26] "POST /dm/create/v1 HTTP/1.1" 200 -
127.0.0.1 - - [25/Oct/2021 14:47:26] "GET /dm/details/v1?token=eyJ0eXAiOiJKV1QiLCJhbGciOiJIUzI1NiJ9.eyJ1c2VyX2lkIjowLCJzZXNzaW9uX2lkIjoxfQ.WpX1_pFyFCRdZx5hWGJ6AbAXuQR6jvGb4DrsBLENmxo&dm_id=0 HTTP/1.1" 200 -
127.0.0.1 - - [25/Oct/2021 14:47:26] "POST /message/senddm/v1 HTTP/1.1" 200 -
127.0.0.1 - - [25/Oct/2021 14:47:26] "PUT /message/edit/v1 HTTP/1.1" 200 -
127.0.0.1 - - [25/Oct/2021 14:47:26] "GET /dm/messages/v1?token=eyJ0eXAiOiJKV1QiLCJhbGciOiJIUzI1NiJ9.eyJ1c2VyX2lkIjowLCJzZXNzaW9uX2lkIjoxfQ.WpX1_pFyFCRdZx5hWGJ6AbAXuQR6jvGb4DrsBLENmxo&dm_id=0&start=0 HTTP/1.1" 200 -
127.0.0.1 - - [25/Oct/2021 14:47:26] "DELETE /clear/v1 HTTP/1.1" 200 -
127.0.0.1 - - [25/Oct/2021 14:47:26] "POST /auth/register/v2 HTTP/1.1" 200 -
127.0.0.1 - - [25/Oct/2021 14:47:26] "GET /user/profile/v1?token=eyJ0eXAiOiJKV1QiLCJhbGciOiJIUzI1NiJ9.eyJ1c2VyX2lkIjowLCJzZXNzaW9uX2lkIjoxfQ.WpX1_pFyFCRdZx5hWGJ6AbAXuQR6jvGb4DrsBLENmxo&u_id=0 HTTP/1.1" 200 -
127.0.0.1 - - [25/Oct/2021 14:47:26] "POST /channels/create/v2 HTTP/1.1" 200 -
127.0.0.1 - - [25/Oct/2021 14:47:26] "POST /auth/register/v2 HTTP/1.1" 200 -
127.0.0.1 - - [25/Oct/2021 14:47:26] "GET /user/profile/v1?token=eyJ0eXAiOiJKV1QiLCJhbGciOiJIUzI1NiJ9.eyJ1c2VyX2lkIjoxLCJzZXNzaW9uX2lkIjoyfQ.3IlFnyZjb8U5WB33OVJzvu7OYzdYAKPqvmD_oI9z8So&u_id=1 HTTP/1.1" 200 -
127.0.0.1 - - [25/Oct/2021 14:47:26] "POST /channel/join/v2 HTTP/1.1" 200 -
127.0.0.1 - - [25/Oct/2021 14:47:26] "POST /message/send/v1 HTTP/1.1" 200 -
127.0.0.1 - - [25/Oct/2021 14:47:26] "PUT /message/edit/v1 HTTP/1.1" 403 -
127.0.0.1 - - [25/Oct/2021 14:47:26] "DELETE /clear/v1 HTTP/1.1" 200 -
127.0.0.1 - - [25/Oct/2021 14:47:26] "POST /auth/register/v2 HTTP/1.1" 200 -
127.0.0.1 - - [25/Oct/2021 14:47:27] "GET /user/profile/v1?token=eyJ0eXAiOiJKV1QiLCJhbGciOiJIUzI1NiJ9.eyJ1c2VyX2lkIjowLCJzZXNzaW9uX2lkIjoxfQ.WpX1_pFyFCRdZx5hWGJ6AbAXuQR6jvGb4DrsBLENmxo&u_id=0 HTTP/1.1" 200 -
127.0.0.1 - - [25/Oct/2021 14:47:27] "POST /auth/register/v2 HTTP/1.1" 200 -
127.0.0.1 - - [25/Oct/2021 14:47:27] "GET /user/profile/v1?token=eyJ0eXAiOiJKV1QiLCJhbGciOiJIUzI1NiJ9.eyJ1c2VyX2lkIjoxLCJzZXNzaW9uX2lkIjoyfQ.3IlFnyZjb8U5WB33OVJzvu7OYzdYAKPqvmD_oI9z8So&u_id=1 HTTP/1.1" 200 -
127.0.0.1 - - [25/Oct/2021 14:47:27] "POST /dm/create/v1 HTTP/1.1" 200 -
127.0.0.1 - - [25/Oct/2021 14:47:27] "GET /dm/details/v1?token=eyJ0eXAiOiJKV1QiLCJhbGciOiJIUzI1NiJ9.eyJ1c2VyX2lkIjowLCJzZXNzaW9uX2lkIjoxfQ.WpX1_pFyFCRdZx5hWGJ6AbAXuQR6jvGb4DrsBLENmxo&dm_id=0 HTTP/1.1" 200 -
127.0.0.1 - - [25/Oct/2021 14:47:27] "POST /message/senddm/v1 HTTP/1.1" 200 -
127.0.0.1 - - [25/Oct/2021 14:47:27] "PUT /message/edit/v1 HTTP/1.1" 403 -
127.0.0.1 - - [25/Oct/2021 14:47:27] "DELETE /clear/v1 HTTP/1.1" 200 -
127.0.0.1 - - [25/Oct/2021 14:47:27] "POST /auth/register/v2 HTTP/1.1" 200 -
127.0.0.1 - - [25/Oct/2021 14:47:27] "GET /user/profile/v1?token=eyJ0eXAiOiJKV1QiLCJhbGciOiJIUzI1NiJ9.eyJ1c2VyX2lkIjowLCJzZXNzaW9uX2lkIjoxfQ.WpX1_pFyFCRdZx5hWGJ6AbAXuQR6jvGb4DrsBLENmxo&u_id=0 HTTP/1.1" 200 -
127.0.0.1 - - [25/Oct/2021 14:47:27] "POST /auth/register/v2 HTTP/1.1" 200 -
127.0.0.1 - - [25/Oct/2021 14:47:27] "GET /user/profile/v1?token=eyJ0eXAiOiJKV1QiLCJhbGciOiJIUzI1NiJ9.eyJ1c2VyX2lkIjoxLCJzZXNzaW9uX2lkIjoyfQ.3IlFnyZjb8U5WB33OVJzvu7OYzdYAKPqvmD_oI9z8So&u_id=1 HTTP/1.1" 200 -
127.0.0.1 - - [25/Oct/2021 14:47:27] "POST /channels/create/v2 HTTP/1.1" 200 -
127.0.0.1 - - [25/Oct/2021 14:47:27] "POST /message/send/v1 HTTP/1.1" 200 -
127.0.0.1 - - [25/Oct/2021 14:47:27] "POST /channel/join/v2 HTTP/1.1" 200 -
response 400 Bad Request: user_id does not refer to a valid user! <Response 155 bytes [400 BAD REQUEST]>
response 400 Bad Request: user_id refers to a user who is the only global owner! <Response 170 bytes [400 BAD REQUEST]>
response 403 Forbidden: Authorised user is not a global owner <Response 149 bytes [403 FORBIDDEN]>
response 403 Forbidden: Invalid token! <Response 126 bytes [403 FORBIDDEN]>
response 400 Bad Request: u_id refers to a user who is the only global owner and they are being demoted to a user <Response 203 bytes [400 BAD REQUEST]>
response 400 Bad Request: u_id refers to a user who is the only global owner and they are being demoted to a user <Response 203 bytes [400 BAD REQUEST]>
response 400 Bad Request: User_id does not refer to a valid user <Response 154 bytes [400 BAD REQUEST]>
response 400 Bad Request: Invalid Permission_ID! <Response 138 bytes [400 BAD REQUEST]>
response 403 Forbidden: Invalid token! <Response 126 bytes [403 FORBIDDEN]>
response 403 Forbidden: Invalid token! <Response 126 bytes [403 FORBIDDEN]>
response 400 Bad Request: Email not registered! <Response 137 bytes [400 BAD REQUEST]>
response 400 Bad Request: Invalid Password! <Response 133 bytes [400 BAD REQUEST]>
response 403 Forbidden: Invalid token! <Response 126 bytes [403 FORBIDDEN]>
response 400 Bad Request: This email is already registered! <Response 149 bytes [400 BAD REQUEST]>
response 400 Bad Request: This email is already registered! <Response 149 bytes [400 BAD REQUEST]>
response 400 Bad Request: This email is already registered! <Response 149 bytes [400 BAD REQUEST]>
response 400 Bad Request: Invalid password! <Response 133 bytes [400 BAD REQUEST]>
response 400 Bad Request: Invalid password! <Response 133 bytes [400 BAD REQUEST]>
response 400 Bad Request: Invalid first name! <Response 135 bytes [400 BAD REQUEST]>
response 400 Bad Request: Invalid first name! <Response 135 bytes [400 BAD REQUEST]>
response 400 Bad Request: Invalid last name! <Response 134 bytes [400 BAD REQUEST]>
response 400 Bad Request: Invalid last name! <Response 134 bytes [400 BAD REQUEST]>
response 400 Bad Request: This email is already registered! <Response 149 bytes [400 BAD REQUEST]>
response 403 Forbidden: Permission denied <Response 129 bytes [403 FORBIDDEN]>
response 400 Bad Request: User is not in channel <Response 138 bytes [400 BAD REQUEST]>
response 400 Bad Request: User is not in channel <Response 138 bytes [400 BAD REQUEST]>
response 400 Bad Request: User is not in channel <Response 138 bytes [400 BAD REQUEST]>
response 400 Bad Request: User is not in channel <Response 138 bytes [400 BAD REQUEST]>
response 403 Forbidden: Permission denied <Response 129 bytes [403 FORBIDDEN]>
response 400 Bad Request: User is an owner already <Response 140 bytes [400 BAD REQUEST]>
response 400 Bad Request: This user does not exist! <Response 141 bytes [400 BAD REQUEST]>
response 403 Forbidden: Invalid Id <Response 122 bytes [403 FORBIDDEN]>
response 400 Bad Request: User is not in channel <Response 138 bytes [400 BAD REQUEST]>
response 403 Forbidden: Permission denied! <Response 130 bytes [403 FORBIDDEN]>
response 403 Forbidden: Invalid Id <Response 122 bytes [403 FORBIDDEN]>
response 403 Forbidden: Invalid token! <Response 126 bytes [403 FORBIDDEN]>
response 400 Bad Request: User already apart of channel <Response 145 bytes [400 BAD REQUEST]>
response 403 Forbidden: Permission denied! <Response 130 bytes [403 FORBIDDEN]>
response 400 Bad Request: Channel ID does not exist <Response 141 bytes [400 BAD REQUEST]>
response 400 Bad Request: This user does not exist! <Response 141 bytes [400 BAD REQUEST]>
response 403 Forbidden: Invalid token! <Response 126 bytes [403 FORBIDDEN]>
response 403 Forbidden: User is not authorised to join channel <Response 150 bytes [403 FORBIDDEN]>
response 400 Bad Request: You are a member already! <Response 141 bytes [400 BAD REQUEST]>
response 403 Forbidden: Invalid Id <Response 122 bytes [403 FORBIDDEN]>
response 403 Forbidden: Invalid token! <Response 126 bytes [403 FORBIDDEN]>
response 403 Forbidden: Permission denied! <Response 130 bytes [403 FORBIDDEN]>
response 403 Forbidden: Invalid Id <Response 122 bytes [403 FORBIDDEN]>
response 403 Forbidden: Invalid token! <Response 126 bytes [403 FORBIDDEN]>
response 400 Bad Request: Start is greater than the total number of messages in the channel <Response 181 bytes [400 BAD REQUEST]>
response 403 Forbidden: Permission denied! <Response 130 bytes [403 FORBIDDEN]>
response 400 Bad Request: Channel ID does not exist <Response 141 bytes [400 BAD REQUEST]>
response 403 Forbidden: Invalid token! <Response 126 bytes [403 FORBIDDEN]>
response 403 Forbidden: Permission denied <Response 129 bytes [403 FORBIDDEN]>
response 403 Forbidden: Permission denied <Response 129 bytes [403 FORBIDDEN]>
response 403 Forbidden: Permission denied <Response 129 bytes [403 FORBIDDEN]>
response 403 Forbidden: Permission denied <Response 129 bytes [403 FORBIDDEN]>
response 400 Bad Request: User is last owner of this channel <Response 150 bytes [400 BAD REQUEST]>
response 403 Forbidden: Permission denied <Response 129 bytes [403 FORBIDDEN]>
response 400 Bad Request: User is not an owner <Response 136 bytes [400 BAD REQUEST]>
response 400 Bad Request: This user does not exist! <Response 141 bytes [400 BAD REQUEST]>
response 403 Forbidden: Invalid Id <Response 122 bytes [403 FORBIDDEN]>
response 403 Forbidden: Invalid token! <Response 126 bytes [403 FORBIDDEN]>
response 403 Forbidden: User is not authorised to join channel <Response 150 bytes [403 FORBIDDEN]>
response 400 Bad Request: Length of channel name must be between 1 and 20 characters! <Response 175 bytes [400 BAD REQUEST]>
response 400 Bad Request: Length of channel name must be between 1 and 20 characters! <Response 175 bytes [400 BAD REQUEST]>
response 400 Bad Request: Length of channel name must be between 1 and 20 characters! <Response 175 bytes [400 BAD REQUEST]>
response 400 Bad Request: Length of channel name must be between 1 and 20 characters! <Response 175 bytes [400 BAD REQUEST]>
response 403 Forbidden: Invalid token! <Response 126 bytes [403 FORBIDDEN]>
response 403 Forbidden: Invalid token! <Response 126 bytes [403 FORBIDDEN]>
response 403 Forbidden: Invalid token! <Response 126 bytes [403 FORBIDDEN]>
response 400 Bad Request: One or more of given users are not valid <Response 156 bytes [400 BAD REQUEST]>
response 400 Bad Request: One or more of given users are not valid <Response 156 bytes [400 BAD REQUEST]>
response 403 Forbidden: Invalid token! <Response 126 bytes [403 FORBIDDEN]>
response 403 Forbidden: Given User is not a memeber of DM <Response 145 bytes [403 FORBIDDEN]>
response 400 Bad Request: Invalid DM ID given <Response 135 bytes [400 BAD REQUEST]>
response 403 Forbidden: Invalid token! <Response 126 bytes [403 FORBIDDEN]>
response 403 Forbidden: Given User is not a memeber of DM <Response 145 bytes [403 FORBIDDEN]>
response 400 Bad Request: Invalid DM ID given <Response 135 bytes [400 BAD REQUEST]>
response 403 Forbidden: Invalid token! <Response 126 bytes [403 FORBIDDEN]>
response 403 Forbidden: Invalid token! <Response 126 bytes [403 FORBIDDEN]>
response 400 Bad Request: invalid start, fewer messages than expected. <Response 160 bytes [400 BAD REQUEST]>
response 403 Forbidden: Given User is not a memeber of DM <Response 145 bytes [403 FORBIDDEN]>
response 400 Bad Request: Invalid DM ID given <Response 135 bytes [400 BAD REQUEST]>
response 403 Forbidden: Invalid token! <Response 126 bytes [403 FORBIDDEN]>
response 403 Forbidden: Only the original DM creator can remove a DM <Response 156 bytes [403 FORBIDDEN]>
response 400 Bad Request: Invalid DM ID given <Response 135 bytes [400 BAD REQUEST]>
response 403 Forbidden: Invalid token! <Response 126 bytes [403 FORBIDDEN]>
response 403 Forbidden: User is not the sender of the message or the user is not an owner of the channel <Response 192 bytes [403 FORBIDDEN]>
response 403 Forbidden: User is not the sender of the message or the user is not an owner of the DM <Response 187 bytes [403 FORBIDDEN]>
response 403 Forbidden: User is not the sender of the message or the user is not an owner of the channel127.0.0.1 - - [25/Oct/2021 14:47:27] "PUT /message/edit/v1 HTTP/1.1" 403 -
127.0.0.1 - - [25/Oct/2021 14:47:27] "DELETE /clear/v1 HTTP/1.1" 200 -
127.0.0.1 - - [25/Oct/2021 14:47:27] "POST /auth/register/v2 HTTP/1.1" 200 -
127.0.0.1 - - [25/Oct/2021 14:47:27] "GET /user/profile/v1?token=eyJ0eXAiOiJKV1QiLCJhbGciOiJIUzI1NiJ9.eyJ1c2VyX2lkIjowLCJzZXNzaW9uX2lkIjoxfQ.WpX1_pFyFCRdZx5hWGJ6AbAXuQR6jvGb4DrsBLENmxo&u_id=0 HTTP/1.1" 200 -
127.0.0.1 - - [25/Oct/2021 14:47:27] "POST /auth/register/v2 HTTP/1.1" 200 -
127.0.0.1 - - [25/Oct/2021 14:47:27] "GET /user/profile/v1?token=eyJ0eXAiOiJKV1QiLCJhbGciOiJIUzI1NiJ9.eyJ1c2VyX2lkIjoxLCJzZXNzaW9uX2lkIjoyfQ.3IlFnyZjb8U5WB33OVJzvu7OYzdYAKPqvmD_oI9z8So&u_id=1 HTTP/1.1" 200 -
127.0.0.1 - - [25/Oct/2021 14:47:27] "POST /dm/create/v1 HTTP/1.1" 200 -
127.0.0.1 - - [25/Oct/2021 14:47:27] "GET /dm/details/v1?token=eyJ0eXAiOiJKV1QiLCJhbGciOiJIUzI1NiJ9.eyJ1c2VyX2lkIjoxLCJzZXNzaW9uX2lkIjoyfQ.3IlFnyZjb8U5WB33OVJzvu7OYzdYAKPqvmD_oI9z8So&dm_id=0 HTTP/1.1" 200 -
127.0.0.1 - - [25/Oct/2021 14:47:27] "POST /message/senddm/v1 HTTP/1.1" 200 -
127.0.0.1 - - [25/Oct/2021 14:47:27] "PUT /message/edit/v1 HTTP/1.1" 403 -
127.0.0.1 - - [25/Oct/2021 14:47:27] "DELETE /clear/v1 HTTP/1.1" 200 -
127.0.0.1 - - [25/Oct/2021 14:47:27] "POST /auth/register/v2 HTTP/1.1" 200 -
127.0.0.1 - - [25/Oct/2021 14:47:27] "GET /user/profile/v1?token=eyJ0eXAiOiJKV1QiLCJhbGciOiJIUzI1NiJ9.eyJ1c2VyX2lkIjowLCJzZXNzaW9uX2lkIjoxfQ.WpX1_pFyFCRdZx5hWGJ6AbAXuQR6jvGb4DrsBLENmxo&u_id=0 HTTP/1.1" 200 -
127.0.0.1 - - [25/Oct/2021 14:47:27] "POST /channels/create/v2 HTTP/1.1" 200 -
127.0.0.1 - - [25/Oct/2021 14:47:27] "POST /message/send/v1 HTTP/1.1" 200 -
127.0.0.1 - - [25/Oct/2021 14:47:27] "PUT /message/edit/v1 HTTP/1.1" 200 -
127.0.0.1 - - [25/Oct/2021 14:47:27] "GET /channel/messages/v2?token=eyJ0eXAiOiJKV1QiLCJhbGciOiJIUzI1NiJ9.eyJ1c2VyX2lkIjowLCJzZXNzaW9uX2lkIjoxfQ.WpX1_pFyFCRdZx5hWGJ6AbAXuQR6jvGb4DrsBLENmxo&channel_id=0&start=0 HTTP/1.1" 200 -
127.0.0.1 - - [25/Oct/2021 14:47:27] "DELETE /clear/v1 HTTP/1.1" 200 -
127.0.0.1 - - [25/Oct/2021 14:47:27] "POST /auth/register/v2 HTTP/1.1" 200 -
127.0.0.1 - - [25/Oct/2021 14:47:27] "GET /user/profile/v1?token=eyJ0eXAiOiJKV1QiLCJhbGciOiJIUzI1NiJ9.eyJ1c2VyX2lkIjowLCJzZXNzaW9uX2lkIjoxfQ.WpX1_pFyFCRdZx5hWGJ6AbAXuQR6jvGb4DrsBLENmxo&u_id=0 HTTP/1.1" 200 -
127.0.0.1 - - [25/Oct/2021 14:47:27] "POST /channels/create/v2 HTTP/1.1" 200 -
127.0.0.1 - - [25/Oct/2021 14:47:27] "POST /message/send/v1 HTTP/1.1" 200 -
127.0.0.1 - - [25/Oct/2021 14:47:27] "PUT /message/edit/v1 HTTP/1.1" 400 -
127.0.0.1 - - [25/Oct/2021 14:47:27] "DELETE /clear/v1 HTTP/1.1" 200 -
127.0.0.1 - - [25/Oct/2021 14:47:27] "POST /auth/register/v2 HTTP/1.1" 200 -
127.0.0.1 - - [25/Oct/2021 14:47:27] "GET /user/profile/v1?token=eyJ0eXAiOiJKV1QiLCJhbGciOiJIUzI1NiJ9.eyJ1c2VyX2lkIjowLCJzZXNzaW9uX2lkIjoxfQ.WpX1_pFyFCRdZx5hWGJ6AbAXuQR6jvGb4DrsBLENmxo&u_id=0 HTTP/1.1" 200 -
127.0.0.1 - - [25/Oct/2021 14:47:27] "POST /channels/create/v2 HTTP/1.1" 200 -
127.0.0.1 - - [25/Oct/2021 14:47:27] "POST /message/send/v1 HTTP/1.1" 200 -
127.0.0.1 - - [25/Oct/2021 14:47:27] "PUT /message/edit/v1 HTTP/1.1" 200 -
127.0.0.1 - - [25/Oct/2021 14:47:27] "PUT /message/edit/v1 HTTP/1.1" 400 -
127.0.0.1 - - [25/Oct/2021 14:47:27] "DELETE /clear/v1 HTTP/1.1" 200 -
127.0.0.1 - - [25/Oct/2021 14:47:27] "POST /auth/register/v2 HTTP/1.1" 200 -
127.0.0.1 - - [25/Oct/2021 14:47:27] "GET /user/profile/v1?token=eyJ0eXAiOiJKV1QiLCJhbGciOiJIUzI1NiJ9.eyJ1c2VyX2lkIjowLCJzZXNzaW9uX2lkIjoxfQ.WpX1_pFyFCRdZx5hWGJ6AbAXuQR6jvGb4DrsBLENmxo&u_id=0 HTTP/1.1" 200 -
127.0.0.1 - - [25/Oct/2021 14:47:27] "POST /channels/create/v2 HTTP/1.1" 200 -
127.0.0.1 - - [25/Oct/2021 14:47:27] "POST /auth/register/v2 HTTP/1.1" 200 -
127.0.0.1 - - [25/Oct/2021 14:47:27] "GET /user/profile/v1?token=eyJ0eXAiOiJKV1QiLCJhbGciOiJIUzI1NiJ9.eyJ1c2VyX2lkIjoxLCJzZXNzaW9uX2lkIjoyfQ.3IlFnyZjb8U5WB33OVJzvu7OYzdYAKPqvmD_oI9z8So&u_id=1 HTTP/1.1" 200 -
127.0.0.1 - - [25/Oct/2021 14:47:27] "POST /channel/join/v2 HTTP/1.1" 200 -
127.0.0.1 - - [25/Oct/2021 14:47:27] "POST /message/send/v1 HTTP/1.1" 200 -
127.0.0.1 - - [25/Oct/2021 14:47:27] "PUT /message/edit/v1 HTTP/1.1" 403 -
127.0.0.1 - - [25/Oct/2021 14:47:27] "DELETE /clear/v1 HTTP/1.1" 200 -
127.0.0.1 - - [25/Oct/2021 14:47:27] "POST /auth/register/v2 HTTP/1.1" 200 -
127.0.0.1 - - [25/Oct/2021 14:47:27] "GET /user/profile/v1?token=eyJ0eXAiOiJKV1QiLCJhbGciOiJIUzI1NiJ9.eyJ1c2VyX2lkIjowLCJzZXNzaW9uX2lkIjoxfQ.WpX1_pFyFCRdZx5hWGJ6AbAXuQR6jvGb4DrsBLENmxo&u_id=0 HTTP/1.1" 200 -
127.0.0.1 - - [25/Oct/2021 14:47:27] "POST /channels/create/v2 HTTP/1.1" 200 -
127.0.0.1 - - [25/Oct/2021 14:47:27] "POST /message/send/v1 HTTP/1.1" 200 -
127.0.0.1 - - [25/Oct/2021 14:47:27] "POST /auth/logout/v1 HTTP/1.1" 200 -
127.0.0.1 - - [25/Oct/2021 14:47:27] "PUT /message/edit/v1 HTTP/1.1" 403 -
127.0.0.1 - - [25/Oct/2021 14:47:27] "DELETE /clear/v1 HTTP/1.1" 200 -
127.0.0.1 - - [25/Oct/2021 14:47:27] "POST /auth/register/v2 HTTP/1.1" 200 -
127.0.0.1 - - [25/Oct/2021 14:47:27] "GET /user/profile/v1?token=eyJ0eXAiOiJKV1QiLCJhbGciOiJIUzI1NiJ9.eyJ1c2VyX2lkIjowLCJzZXNzaW9uX2lkIjoxfQ.WpX1_pFyFCRdZx5hWGJ6AbAXuQR6jvGb4DrsBLENmxo&u_id=0 HTTP/1.1" 200 -
127.0.0.1 - - [25/Oct/2021 14:47:27] "POST /auth/register/v2 HTTP/1.1" 200 -
127.0.0.1 - - [25/Oct/2021 14:47:27] "GET /user/profile/v1?token=eyJ0eXAiOiJKV1QiLCJhbGciOiJIUzI1NiJ9.eyJ1c2VyX2lkIjoxLCJzZXNzaW9uX2lkIjoyfQ.3IlFnyZjb8U5WB33OVJzvu7OYzdYAKPqvmD_oI9z8So&u_id=1 HTTP/1.1" 200 -
127.0.0.1 - - [25/Oct/2021 14:47:27] "POST /auth/register/v2 HTTP/1.1" 200 -
127.0.0.1 - - [25/Oct/2021 14:47:27] "GET /user/profile/v1?token=eyJ0eXAiOiJKV1QiLCJhbGciOiJIUzI1NiJ9.eyJ1c2VyX2lkIjoyLCJzZXNzaW9uX2lkIjozfQ.2mMC9Y48syJFgW_SZTS9aMPihEm3QxJA0QuKCrfCwhY&u_id=2 HTTP/1.1" 200 -
127.0.0.1 - - [25/Oct/2021 14:47:27] "POST /dm/create/v1 HTTP/1.1" 200 -
127.0.0.1 - - [25/Oct/2021 14:47:27] "GET /dm/details/v1?token=eyJ0eXAiOiJKV1QiLCJhbGciOiJIUzI1NiJ9.eyJ1c2VyX2lkIjowLCJzZXNzaW9uX2lkIjoxfQ.WpX1_pFyFCRdZx5hWGJ6AbAXuQR6jvGb4DrsBLENmxo&dm_id=0 HTTP/1.1" 200 -
127.0.0.1 - - [25/Oct/2021 14:47:27] "POST /channels/create/v2 HTTP/1.1" 200 -
127.0.0.1 - - [25/Oct/2021 14:47:27] "POST /message/send/v1 HTTP/1.1" 200 -
127.0.0.1 - - [25/Oct/2021 14:47:27] "POST /message/senddm/v1 HTTP/1.1" 200 -
127.0.0.1 - - [25/Oct/2021 14:47:29] "DELETE /clear/v1 HTTP/1.1" 200 -
127.0.0.1 - - [25/Oct/2021 14:47:29] "POST /auth/register/v2 HTTP/1.1" 200 -
127.0.0.1 - - [25/Oct/2021 14:47:29] "GET /user/profile/v1?token=eyJ0eXAiOiJKV1QiLCJhbGciOiJIUzI1NiJ9.eyJ1c2VyX2lkIjowLCJzZXNzaW9uX2lkIjoxfQ.WpX1_pFyFCRdZx5hWGJ6AbAXuQR6jvGb4DrsBLENmxo&u_id=0 HTTP/1.1" 200 -
127.0.0.1 - - [25/Oct/2021 14:47:29] "POST /channels/create/v2 HTTP/1.1" 200 -
127.0.0.1 - - [25/Oct/2021 14:47:29] "POST /message/send/v1 HTTP/1.1" 200 -
127.0.0.1 - - [25/Oct/2021 14:47:29] "DELETE /message/remove/v1 HTTP/1.1" 200 -
127.0.0.1 - - [25/Oct/2021 14:47:29] "GET /channel/messages/v2?token=eyJ0eXAiOiJKV1QiLCJhbGciOiJIUzI1NiJ9.eyJ1c2VyX2lkIjowLCJzZXNzaW9uX2lkIjoxfQ.WpX1_pFyFCRdZx5hWGJ6AbAXuQR6jvGb4DrsBLENmxo&channel_id=0&start=0 HTTP/1.1" 200 -
127.0.0.1 - - [25/Oct/2021 14:47:29] "DELETE /clear/v1 HTTP/1.1" 200 -
127.0.0.1 - - [25/Oct/2021 14:47:29] "POST /auth/register/v2 HTTP/1.1" 200 -
127.0.0.1 - - [25/Oct/2021 14:47:29] "GET /user/profile/v1?token=eyJ0eXAiOiJKV1QiLCJhbGciOiJIUzI1NiJ9.eyJ1c2VyX2lkIjowLCJzZXNzaW9uX2lkIjoxfQ.WpX1_pFyFCRdZx5hWGJ6AbAXuQR6jvGb4DrsBLENmxo&u_id=0 HTTP/1.1" 200 -
127.0.0.1 - - [25/Oct/2021 14:47:29] "POST /channels/create/v2 HTTP/1.1" 200 -
127.0.0.1 - - [25/Oct/2021 14:47:29] "POST /auth/register/v2 HTTP/1.1" 200 -
127.0.0.1 - - [25/Oct/2021 14:47:29] "GET /user/profile/v1?token=eyJ0eXAiOiJKV1QiLCJhbGciOiJIUzI1NiJ9.eyJ1c2VyX2lkIjoxLCJzZXNzaW9uX2lkIjoyfQ.3IlFnyZjb8U5WB33OVJzvu7OYzdYAKPqvmD_oI9z8So&u_id=1 HTTP/1.1" 200 -
127.0.0.1 - - [25/Oct/2021 14:47:29] "POST /channel/join/v2 HTTP/1.1" 200 -
127.0.0.1 - - [25/Oct/2021 14:47:29] "POST /message/send/v1 HTTP/1.1" 200 -
127.0.0.1 - - [25/Oct/2021 14:47:29] "DELETE /message/remove/v1 HTTP/1.1" 403 -
127.0.0.1 - - [25/Oct/2021 14:47:29] "DELETE /clear/v1 HTTP/1.1" 200 -
127.0.0.1 - - [25/Oct/2021 14:47:29] "POST /auth/register/v2 HTTP/1.1" 200 -
127.0.0.1 - - [25/Oct/2021 14:47:29] "GET /user/profile/v1?token=eyJ0eXAiOiJKV1QiLCJhbGciOiJIUzI1NiJ9.eyJ1c2VyX2lkIjowLCJzZXNzaW9uX2lkIjoxfQ.WpX1_pFyFCRdZx5hWGJ6AbAXuQR6jvGb4DrsBLENmxo&u_id=0 HTTP/1.1" 200 -
127.0.0.1 - - [25/Oct/2021 14:47:29] "POST /auth/register/v2 HTTP/1.1" 200 -
127.0.0.1 - - [25/Oct/2021 14:47:29] "GET /user/profile/v1?token=eyJ0eXAiOiJKV1QiLCJhbGciOiJIUzI1NiJ9.eyJ1c2VyX2lkIjoxLCJzZXNzaW9uX2lkIjoyfQ.3IlFnyZjb8U5WB33OVJzvu7OYzdYAKPqvmD_oI9z8So&u_id=1 HTTP/1.1" 200 -
127.0.0.1 - - [25/Oct/2021 14:47:29] "POST /channels/create/v2 HTTP/1.1" 200 -
127.0.0.1 - - [25/Oct/2021 14:47:29] "POST /message/send/v1 HTTP/1.1" 200 -
127.0.0.1 - - [25/Oct/2021 14:47:29] "POST /channel/join/v2 HTTP/1.1" 200 -
127.0.0.1 - - [25/Oct/2021 14:47:29] "DELETE /message/remove/v1 HTTP/1.1" 403 -
127.0.0.1 - - [25/Oct/2021 14:47:29] "DELETE /clear/v1 HTTP/1.1" 200 -
127.0.0.1 - - [25/Oct/2021 14:47:29] "POST /auth/register/v2 HTTP/1.1" 200 -
127.0.0.1 - - [25/Oct/2021 14:47:29] "GET /user/profile/v1?token=eyJ0eXAiOiJKV1QiLCJhbGciOiJIUzI1NiJ9.eyJ1c2VyX2lkIjowLCJzZXNzaW9uX2lkIjoxfQ.WpX1_pFyFCRdZx5hWGJ6AbAXuQR6jvGb4DrsBLENmxo&u_id=0 HTTP/1.1" 200 -
127.0.0.1 - - [25/Oct/2021 14:47:29] "POST /auth/register/v2 HTTP/1.1" 200 -
127.0.0.1 - - [25/Oct/2021 14:47:29] "GET /user/profile/v1?token=eyJ0eXAiOiJKV1QiLCJhbGciOiJIUzI1NiJ9.eyJ1c2VyX2lkIjoxLCJzZXNzaW9uX2lkIjoyfQ.3IlFnyZjb8U5WB33OVJzvu7OYzdYAKPqvmD_oI9z8So&u_id=1 HTTP/1.1" 200 -
127.0.0.1 - - [25/Oct/2021 14:47:29] "POST /dm/create/v1 HTTP/1.1" 200 -
127.0.0.1 - - [25/Oct/2021 14:47:29] "GET /dm/details/v1?token=eyJ0eXAiOiJKV1QiLCJhbGciOiJIUzI1NiJ9.eyJ1c2VyX2lkIjoxLCJzZXNzaW9uX2lkIjoyfQ.3IlFnyZjb8U5WB33OVJzvu7OYzdYAKPqvmD_oI9z8So&dm_id=0 HTTP/1.1" 200 -
127.0.0.1 - - [25/Oct/2021 14:47:29] "POST /message/senddm/v1 HTTP/1.1" 200 -
127.0.0.1 - - [25/Oct/2021 14:47:29] "DELETE /message/remove/v1 HTTP/1.1" 403 -
127.0.0.1 - - [25/Oct/2021 14:47:29] "DELETE /clear/v1 HTTP/1.1" 200 -
127.0.0.1 - - [25/Oct/2021 14:47:29] "POST /auth/register/v2 HTTP/1.1" 200 -
127.0.0.1 - - [25/Oct/2021 14:47:29] "GET /user/profile/v1?token=eyJ0eXAiOiJKV1QiLCJhbGciOiJIUzI1NiJ9.eyJ1c2VyX2lkIjowLCJzZXNzaW9uX2lkIjoxfQ.WpX1_pFyFCRdZx5hWGJ6AbAXuQR6jvGb4DrsBLENmxo&u_id=0 HTTP/1.1" 200 -
127.0.0.1 - - [25/Oct/2021 14:47:29] "POST /channels/create/v2 HTTP/1.1" 200 -
127.0.0.1 - - [25/Oct/2021 14:47:29] "POST /message/send/v1 HTTP/1.1" 200 -
127.0.0.1 - - [25/Oct/2021 14:47:29] "DELETE /message/remove/v1 HTTP/1.1" 200 -
127.0.0.1 - - [25/Oct/2021 14:47:29] "DELETE /message/remove/v1 HTTP/1.1" 400 -
127.0.0.1 - - [25/Oct/2021 14:47:29] "DELETE /clear/v1 HTTP/1.1" 200 -
127.0.0.1 - - [25/Oct/2021 14:47:29] "POST /auth/register/v2 HTTP/1.1" 200 -
127.0.0.1 - - [25/Oct/2021 14:47:29] "GET /user/profile/v1?token=eyJ0eXAiOiJKV1QiLCJhbGciOiJIUzI1NiJ9.eyJ1c2VyX2lkIjowLCJzZXNzaW9uX2lkIjoxfQ.WpX1_pFyFCRdZx5hWGJ6AbAXuQR6jvGb4DrsBLENmxo&u_id=0 HTTP/1.1" 200 -
127.0.0.1 - - [25/Oct/2021 14:47:29] "POST /channels/create/v2 HTTP/1.1" 200 -
127.0.0.1 - - [25/Oct/2021 14:47:29] "POST /auth/register/v2 HTTP/1.1" 200 -
127.0.0.1 - - [25/Oct/2021 14:47:29] "GET /user/profile/v1?token=eyJ0eXAiOiJKV1QiLCJhbGciOiJIUzI1NiJ9.eyJ1c2VyX2lkIjoxLCJzZXNzaW9uX2lkIjoyfQ.3IlFnyZjb8U5WB33OVJzvu7OYzdYAKPqvmD_oI9z8So&u_id=1 HTTP/1.1" 200 -
127.0.0.1 - - [25/Oct/2021 14:47:29] "POST /channel/join/v2 HTTP/1.1" 200 -
127.0.0.1 - - [25/Oct/2021 14:47:29] "POST /message/send/v1 HTTP/1.1" 200 -
127.0.0.1 - - [25/Oct/2021 14:47:29] "DELETE /message/remove/v1 HTTP/1.1" 403 -
127.0.0.1 - - [25/Oct/2021 14:47:29] "DELETE /clear/v1 HTTP/1.1" 200 -
127.0.0.1 - - [25/Oct/2021 14:47:29] "POST /auth/register/v2 HTTP/1.1" 200 -
127.0.0.1 - - [25/Oct/2021 14:47:29] "GET /user/profile/v1?token=eyJ0eXAiOiJKV1QiLCJhbGciOiJIUzI1NiJ9.eyJ1c2VyX2lkIjowLCJzZXNzaW9uX2lkIjoxfQ.WpX1_pFyFCRdZx5hWGJ6AbAXuQR6jvGb4DrsBLENmxo&u_id=0 HTTP/1.1" 200 -
127.0.0.1 - - [25/Oct/2021 14:47:29] "POST /channels/create/v2 HTTP/1.1" 200 -
127.0.0.1 - - [25/Oct/2021 14:47:29] "POST /message/send/v1 HTTP/1.1" 200 -
127.0.0.1 - - [25/Oct/2021 14:47:29] "POST /auth/logout/v1 HTTP/1.1" 200 -
127.0.0.1 - - [25/Oct/2021 14:47:29] "DELETE /message/remove/v1 HTTP/1.1" 403 -
127.0.0.1 - - [25/Oct/2021 14:47:29] "DELETE /clear/v1 HTTP/1.1" 200 -
127.0.0.1 - - [25/Oct/2021 14:47:29] "POST /auth/register/v2 HTTP/1.1" 200 -
127.0.0.1 - - [25/Oct/2021 14:47:29] "GET /user/profile/v1?token=eyJ0eXAiOiJKV1QiLCJhbGciOiJIUzI1NiJ9.eyJ1c2VyX2lkIjowLCJzZXNzaW9uX2lkIjoxfQ.WpX1_pFyFCRdZx5hWGJ6AbAXuQR6jvGb4DrsBLENmxo&u_id=0 HTTP/1.1" 200 -
127.0.0.1 - - [25/Oct/2021 14:47:29] "POST /channels/create/v2 HTTP/1.1" 200 -
127.0.0.1 - - [25/Oct/2021 14:47:29] "POST /message/send/v1 HTTP/1.1" 200 -
127.0.0.1 - - [25/Oct/2021 14:47:29] "GET /channel/messages/v2?token=eyJ0eXAiOiJKV1QiLCJhbGciOiJIUzI1NiJ9.eyJ1c2VyX2lkIjowLCJzZXNzaW9uX2lkIjoxfQ.WpX1_pFyFCRdZx5hWGJ6AbAXuQR6jvGb4DrsBLENmxo&channel_id=0&start=0 HTTP/1.1" 200 -
127.0.0.1 - - [25/Oct/2021 14:47:29] "DELETE /clear/v1 HTTP/1.1" 200 -
127.0.0.1 - - [25/Oct/2021 14:47:29] "POST /auth/register/v2 HTTP/1.1" 200 -
127.0.0.1 - - [25/Oct/2021 14:47:29] "GET /user/profile/v1?token=eyJ0eXAiOiJKV1QiLCJhbGciOiJIUzI1NiJ9.eyJ1c2VyX2lkIjowLCJzZXNzaW9uX2lkIjoxfQ.WpX1_pFyFCRdZx5hWGJ6AbAXuQR6jvGb4DrsBLENmxo&u_id=0 HTTP/1.1" 200 -
127.0.0.1 - - [25/Oct/2021 14:47:29] "POST /channels/create/v2 HTTP/1.1" 200 -
127.0.0.1 - - [25/Oct/2021 14:47:29] "POST /auth/register/v2 HTTP/1.1" 200 -
127.0.0.1 - - [25/Oct/2021 14:47:29] "GET /user/profile/v1?token=eyJ0eXAiOiJKV1QiLCJhbGciOiJIUzI1NiJ9.eyJ1c2VyX2lkIjoxLCJzZXNzaW9uX2lkIjoyfQ.3IlFnyZjb8U5WB33OVJzvu7OYzdYAKPqvmD_oI9z8So&u_id=1 HTTP/1.1" 200 -
127.0.0.1 - - [25/Oct/2021 14:47:29] "POST /message/send/v1 HTTP/1.1" 403 -
127.0.0.1 - - [25/Oct/2021 14:47:30] "DELETE /clear/v1 HTTP/1.1" 200 -
127.0.0.1 - - [25/Oct/2021 14:47:30] "POST /auth/register/v2 HTTP/1.1" 200 -
127.0.0.1 - - [25/Oct/2021 14:47:30] "GET /user/profile/v1?token=eyJ0eXAiOiJKV1QiLCJhbGciOiJIUzI1NiJ9.eyJ1c2VyX2lkIjowLCJzZXNzaW9uX2lkIjoxfQ.WpX1_pFyFCRdZx5hWGJ6AbAXuQR6jvGb4DrsBLENmxo&u_id=0 HTTP/1.1" 200 -
127.0.0.1 - - [25/Oct/2021 14:47:30] "POST /message/send/v1 HTTP/1.1" 400 -
127.0.0.1 - - [25/Oct/2021 14:47:30] "DELETE /clear/v1 HTTP/1.1" 200 -
127.0.0.1 - - [25/Oct/2021 14:47:30] "POST /auth/register/v2 HTTP/1.1" 200 -
127.0.0.1 - - [25/Oct/2021 14:47:30] "GET /user/profile/v1?token=eyJ0eXAiOiJKV1QiLCJhbGciOiJIUzI1NiJ9.eyJ1c2VyX2lkIjowLCJzZXNzaW9uX2lkIjoxfQ.WpX1_pFyFCRdZx5hWGJ6AbAXuQR6jvGb4DrsBLENmxo&u_id=0 HTTP/1.1" 200 -
127.0.0.1 - - [25/Oct/2021 14:47:30] "POST /channels/create/v2 HTTP/1.1" 200 -
127.0.0.1 - - [25/Oct/2021 14:47:30] "POST /message/send/v1 HTTP/1.1" 400 -
127.0.0.1 - - [25/Oct/2021 14:47:30] "DELETE /clear/v1 HTTP/1.1" 200 -
127.0.0.1 - - [25/Oct/2021 14:47:30] "POST /auth/register/v2 HTTP/1.1" 200 -
127.0.0.1 - - [25/Oct/2021 14:47:30] "GET /user/profile/v1?token=eyJ0eXAiOiJKV1QiLCJhbGciOiJIUzI1NiJ9.eyJ1c2VyX2lkIjowLCJzZXNzaW9uX2lkIjoxfQ.WpX1_pFyFCRdZx5hWGJ6AbAXuQR6jvGb4DrsBLENmxo&u_id=0 HTTP/1.1" 200 -
127.0.0.1 - - [25/Oct/2021 14:47:30] "POST /channels/create/v2 HTTP/1.1" 200 -
127.0.0.1 - - [25/Oct/2021 14:47:30] "POST /message/send/v1 HTTP/1.1" 400 -
127.0.0.1 - - [25/Oct/2021 14:47:30] "DELETE /clear/v1 HTTP/1.1" 200 -
127.0.0.1 - - [25/Oct/2021 14:47:30] "POST /auth/register/v2 HTTP/1.1" 200 -
127.0.0.1 - - [25/Oct/2021 14:47:30] "GET /user/profile/v1?token=eyJ0eXAiOiJKV1QiLCJhbGciOiJIUzI1NiJ9.eyJ1c2VyX2lkIjowLCJzZXNzaW9uX2lkIjoxfQ.WpX1_pFyFCRdZx5hWGJ6AbAXuQR6jvGb4DrsBLENmxo&u_id=0 HTTP/1.1" 200 -
127.0.0.1 - - [25/Oct/2021 14:47:30] "POST /channels/create/v2 HTTP/1.1" 200 -
127.0.0.1 - - [25/Oct/2021 14:47:30] "POST /auth/logout/v1 HTTP/1.1" 200 -
127.0.0.1 - - [25/Oct/2021 14:47:30] "POST /message/send/v1 HTTP/1.1" 403 -
127.0.0.1 - - [25/Oct/2021 14:47:30] "DELETE /clear/v1 HTTP/1.1" 200 -
127.0.0.1 - - [25/Oct/2021 14:47:30] "POST /auth/register/v2 HTTP/1.1" 200 -
127.0.0.1 - - [25/Oct/2021 14:47:30] "GET /user/profile/v1?token=eyJ0eXAiOiJKV1QiLCJhbGciOiJIUzI1NiJ9.eyJ1c2VyX2lkIjowLCJzZXNzaW9uX2lkIjoxfQ.WpX1_pFyFCRdZx5hWGJ6AbAXuQR6jvGb4DrsBLENmxo&u_id=0 HTTP/1.1" 200 -
127.0.0.1 - - [25/Oct/2021 14:47:30] "POST /auth/register/v2 HTTP/1.1" 200 -
127.0.0.1 - - [25/Oct/2021 14:47:30] "GET /user/profile/v1?token=eyJ0eXAiOiJKV1QiLCJhbGciOiJIUzI1NiJ9.eyJ1c2VyX2lkIjoxLCJzZXNzaW9uX2lkIjoyfQ.3IlFnyZjb8U5WB33OVJzvu7OYzdYAKPqvmD_oI9z8So&u_id=1 HTTP/1.1" 200 -
127.0.0.1 - - [25/Oct/2021 14:47:30] "POST /dm/create/v1 HTTP/1.1" 200 -
127.0.0.1 - - [25/Oct/2021 14:47:30] "GET /dm/details/v1?token=eyJ0eXAiOiJKV1QiLCJhbGciOiJIUzI1NiJ9.eyJ1c2VyX2lkIjowLCJzZXNzaW9uX2lkIjoxfQ.WpX1_pFyFCRdZx5hWGJ6AbAXuQR6jvGb4DrsBLENmxo&dm_id=0 HTTP/1.1" 200 -
127.0.0.1 - - [25/Oct/2021 14:47:30] "POST /message/senddm/v1 HTTP/1.1" 200 -
127.0.0.1 - - [25/Oct/2021 14:47:30] "GET /dm/messages/v1?token=eyJ0eXAiOiJKV1QiLCJhbGciOiJIUzI1NiJ9.eyJ1c2VyX2lkIjowLCJzZXNzaW9uX2lkIjoxfQ.WpX1_pFyFCRdZx5hWGJ6AbAXuQR6jvGb4DrsBLENmxo&dm_id=0&start=0 HTTP/1.1" 200 -
127.0.0.1 - - [25/Oct/2021 14:47:30] "DELETE /clear/v1 HTTP/1.1" 200 -
127.0.0.1 - - [25/Oct/2021 14:47:30] "POST /auth/register/v2 HTTP/1.1" 200 -
127.0.0.1 - - [25/Oct/2021 14:47:30] "GET /user/profile/v1?token=eyJ0eXAiOiJKV1QiLCJhbGciOiJIUzI1NiJ9.eyJ1c2VyX2lkIjowLCJzZXNzaW9uX2lkIjoxfQ.WpX1_pFyFCRdZx5hWGJ6AbAXuQR6jvGb4DrsBLENmxo&u_id=0 HTTP/1.1" 200 -
127.0.0.1 - - [25/Oct/2021 14:47:30] "POST /auth/register/v2 HTTP/1.1" 200 -
127.0.0.1 - - [25/Oct/2021 14:47:30] "GET /user/profile/v1?token=eyJ0eXAiOiJKV1QiLCJhbGciOiJIUzI1NiJ9.eyJ1c2VyX2lkIjoxLCJzZXNzaW9uX2lkIjoyfQ.3IlFnyZjb8U5WB33OVJzvu7OYzdYAKPqvmD_oI9z8So&u_id=1 HTTP/1.1" 200 -
127.0.0.1 - - [25/Oct/2021 14:47:30] "POST /auth/register/v2 HTTP/1.1" 200 -
127.0.0.1 - - [25/Oct/2021 14:47:30] "GET /user/profile/v1?token=eyJ0eXAiOiJKV1QiLCJhbGciOiJIUzI1NiJ9.eyJ1c2VyX2lkIjoyLCJzZXNzaW9uX2lkIjozfQ.2mMC9Y48syJFgW_SZTS9aMPihEm3QxJA0QuKCrfCwhY&u_id=2 HTTP/1.1" 200 -
127.0.0.1 - - [25/Oct/2021 14:47:30] "POST /dm/create/v1 HTTP/1.1" 200 -
127.0.0.1 - - [25/Oct/2021 14:47:30] "GET /dm/details/v1?token=eyJ0eXAiOiJKV1QiLCJhbGciOiJIUzI1NiJ9.eyJ1c2VyX2lkIjoxLCJzZXNzaW9uX2lkIjoyfQ.3IlFnyZjb8U5WB33OVJzvu7OYzdYAKPqvmD_oI9z8So&dm_id=0 HTTP/1.1" 200 -
127.0.0.1 - - [25/Oct/2021 14:47:30] "POST /message/senddm/v1 HTTP/1.1" 403 -
127.0.0.1 - - [25/Oct/2021 14:47:30] "DELETE /clear/v1 HTTP/1.1" 200 -
127.0.0.1 - - [25/Oct/2021 14:47:30] "POST /auth/register/v2 HTTP/1.1" 200 -
127.0.0.1 - - [25/Oct/2021 14:47:30] "GET /user/profile/v1?token=eyJ0eXAiOiJKV1QiLCJhbGciOiJIUzI1NiJ9.eyJ1c2VyX2lkIjowLCJzZXNzaW9uX2lkIjoxfQ.WpX1_pFyFCRdZx5hWGJ6AbAXuQR6jvGb4DrsBLENmxo&u_id=0 HTTP/1.1" 200 -
127.0.0.1 - - [25/Oct/2021 14:47:30] "POST /message/senddm/v1 HTTP/1.1" 400 -
127.0.0.1 - - [25/Oct/2021 14:47:30] "DELETE /clear/v1 HTTP/1.1" 200 -
127.0.0.1 - - [25/Oct/2021 14:47:30] "POST /auth/register/v2 HTTP/1.1" 200 -
127.0.0.1 - - [25/Oct/2021 14:47:30] "GET /user/profile/v1?token=eyJ0eXAiOiJKV1QiLCJhbGciOiJIUzI1NiJ9.eyJ1c2VyX2lkIjowLCJzZXNzaW9uX2lkIjoxfQ.WpX1_pFyFCRdZx5hWGJ6AbAXuQR6jvGb4DrsBLENmxo&u_id=0 HTTP/1.1" 200 -
127.0.0.1 - - [25/Oct/2021 14:47:30] "POST /auth/register/v2 HTTP/1.1" 200 -
127.0.0.1 - - [25/Oct/2021 14:47:30] "GET /user/profile/v1?token=eyJ0eXAiOiJKV1QiLCJhbGciOiJIUzI1NiJ9.eyJ1c2VyX2lkIjoxLCJzZXNzaW9uX2lkIjoyfQ.3IlFnyZjb8U5WB33OVJzvu7OYzdYAKPqvmD_oI9z8So&u_id=1 HTTP/1.1" 200 -
127.0.0.1 - - [25/Oct/2021 14:47:30] "POST /dm/create/v1 HTTP/1.1" 200 -
127.0.0.1 - - [25/Oct/2021 14:47:30] "GET /dm/details/v1?token=eyJ0eXAiOiJKV1QiLCJhbGciOiJIUzI1NiJ9.eyJ1c2VyX2lkIjowLCJzZXNzaW9uX2lkIjoxfQ.WpX1_pFyFCRdZx5hWGJ6AbAXuQR6jvGb4DrsBLENmxo&dm_id=0 HTTP/1.1" 200 -
127.0.0.1 - - [25/Oct/2021 14:47:30] "POST /message/senddm/v1 HTTP/1.1" 400 -
127.0.0.1 - - [25/Oct/2021 14:47:30] "DELETE /clear/v1 HTTP/1.1" 200 -
127.0.0.1 - - [25/Oct/2021 14:47:30] "POST /auth/register/v2 HTTP/1.1" 200 -
127.0.0.1 - - [25/Oct/2021 14:47:30] "GET /user/profile/v1?token=eyJ0eXAiOiJKV1QiLCJhbGciOiJIUzI1NiJ9.eyJ1c2VyX2lkIjowLCJzZXNzaW9uX2lkIjoxfQ.WpX1_pFyFCRdZx5hWGJ6AbAXuQR6jvGb4DrsBLENmxo&u_id=0 HTTP/1.1" 200 -
127.0.0.1 - - [25/Oct/2021 14:47:30] "POST /auth/register/v2 HTTP/1.1" 200 -
127.0.0.1 - - [25/Oct/2021 14:47:30] "GET /user/profile/v1?token=eyJ0eXAiOiJKV1QiLCJhbGciOiJIUzI1NiJ9.eyJ1c2VyX2lkIjoxLCJzZXNzaW9uX2lkIjoyfQ.3IlFnyZjb8U5WB33OVJzvu7OYzdYAKPqvmD_oI9z8So&u_id=1 HTTP/1.1" 200 -
127.0.0.1 - - [25/Oct/2021 14:47:30] "POST /dm/create/v1 HTTP/1.1" 200 -
127.0.0.1 - - [25/Oct/2021 14:47:30] "GET /dm/details/v1?token=eyJ0eXAiOiJKV1QiLCJhbGciOiJIUzI1NiJ9.eyJ1c2VyX2lkIjowLCJzZXNzaW9uX2lkIjoxfQ.WpX1_pFyFCRdZx5hWGJ6AbAXuQR6jvGb4DrsBLENmxo&dm_id=0 HTTP/1.1" 200 -
127.0.0.1 - - [25/Oct/2021 14:47:30] "POST /message/senddm/v1 HTTP/1.1" 400 -
127.0.0.1 - - [25/Oct/2021 14:47:30] "DELETE /clear/v1 HTTP/1.1" 200 -
127.0.0.1 - - [25/Oct/2021 14:47:30] "POST /auth/register/v2 HTTP/1.1" 200 -
127.0.0.1 - - [25/Oct/2021 14:47:30] "GET /user/profile/v1?token=eyJ0eXAiOiJKV1QiLCJhbGciOiJIUzI1NiJ9.eyJ1c2VyX2lkIjowLCJzZXNzaW9uX2lkIjoxfQ.WpX1_pFyFCRdZx5hWGJ6AbAXuQR6jvGb4DrsBLENmxo&u_id=0 HTTP/1.1" 200 -
127.0.0.1 - - [25/Oct/2021 14:47:30] "POST /auth/register/v2 HTTP/1.1" 200 -
127.0.0.1 - - [25/Oct/2021 14:47:30] "GET /user/profile/v1?token=eyJ0eXAiOiJKV1QiLCJhbGciOiJIUzI1NiJ9.eyJ1c2VyX2lkIjoxLCJzZXNzaW9uX2lkIjoyfQ.3IlFnyZjb8U5WB33OVJzvu7OYzdYAKPqvmD_oI9z8So&u_id=1 HTTP/1.1" 200 -
127.0.0.1 - - [25/Oct/2021 14:47:30] "POST /dm/create/v1 HTTP/1.1" 200 -
127.0.0.1 - - [25/Oct/2021 14:47:30] "GET /dm/details/v1?token=eyJ0eXAiOiJKV1QiLCJhbGciOiJIUzI1NiJ9.eyJ1c2VyX2lkIjowLCJzZXNzaW9uX2lkIjoxfQ.WpX1_pFyFCRdZx5hWGJ6AbAXuQR6jvGb4DrsBLENmxo&dm_id=0 HTTP/1.1" 200 -
127.0.0.1 - - [25/Oct/2021 14:47:30] "POST /auth/logout/v1 HTTP/1.1" 200 -
127.0.0.1 - - [25/Oct/2021 14:47:30] "POST /message/senddm/v1 HTTP/1.1" 403 -
127.0.0.1 - - [25/Oct/2021 14:47:30] "DELETE /clear/v1 HTTP/1.1" 200 -
127.0.0.1 - - [25/Oct/2021 14:47:30] "POST /auth/register/v2 HTTP/1.1" 200 -
127.0.0.1 - - [25/Oct/2021 14:47:30] "GET /user/profile/v1?token=eyJ0eXAiOiJKV1QiLCJhbGciOiJIUzI1NiJ9.eyJ1c2VyX2lkIjowLCJzZXNzaW9uX2lkIjoxfQ.WpX1_pFyFCRdZx5hWGJ6AbAXuQR6jvGb4DrsBLENmxo&u_id=0 HTTP/1.1" 200 -
127.0.0.1 - - [25/Oct/2021 14:47:30] "GET /users/all/v1?token=eyJ0eXAiOiJKV1QiLCJhbGciOiJIUzI1NiJ9.eyJ1c2VyX2lkIjowLCJzZXNzaW9uX2lkIjoxfQ.WpX1_pFyFCRdZx5hWGJ6AbAXuQR6jvGb4DrsBLENmxo HTTP/1.1" 200 -
127.0.0.1 - - [25/Oct/2021 14:47:30] "DELETE /clear/v1 HTTP/1.1" 200 -
127.0.0.1 - - [25/Oct/2021 14:47:30] "GET /users/all/v1?token=eyJ0eXAiOiJKV1QiLCJhbGciOiJIUzI1NiJ9.eyJ1c2VyX2lkIjowLCJzZXNzaW9uX2lkIjoxfQ.WpX1_pFyFCRdZx5hWGJ6AbAXuQR6jvGb4DrsBLENmxo HTTP/1.1" 403 -
127.0.0.1 - - [25/Oct/2021 14:47:30] "POST /auth/register/v2 HTTP/1.1" 200 -
127.0.0.1 - - [25/Oct/2021 14:47:30] "GET /user/profile/v1?token=eyJ0eXAiOiJKV1QiLCJhbGciOiJIUzI1NiJ9.eyJ1c2VyX2lkIjowLCJzZXNzaW9uX2lkIjoxfQ.WpX1_pFyFCRdZx5hWGJ6AbAXuQR6jvGb4DrsBLENmxo&u_id=0 HTTP/1.1" 200 -
127.0.0.1 - - [25/Oct/2021 14:47:30] "GET /user/profile/v1?token=eyJ0eXAiOiJKV1QiLCJhbGciOiJIUzI1NiJ9.eyJ1c2VyX2lkIjowLCJzZXNzaW9uX2lkIjoxfQ.WpX1_pFyFCRdZx5hWGJ6AbAXuQR6jvGb4DrsBLENmxo&u_id=0 HTTP/1.1" 200 -
127.0.0.1 - - [25/Oct/2021 14:47:30] "GET /users/all/v1?token=eyJ0eXAiOiJKV1QiLCJhbGciOiJIUzI1NiJ9.eyJ1c2VyX2lkIjowLCJzZXNzaW9uX2lkIjoxfQ.WpX1_pFyFCRdZx5hWGJ6AbAXuQR6jvGb4DrsBLENmxo HTTP/1.1" 200 -
127.0.0.1 - - [25/Oct/2021 14:47:30] "GET /channels/listall/v2?token=eyJ0eXAiOiJKV1QiLCJhbGciOiJIUzI1NiJ9.eyJ1c2VyX2lkIjowLCJzZXNzaW9uX2lkIjoxfQ.WpX1_pFyFCRdZx5hWGJ6AbAXuQR6jvGb4DrsBLENmxo HTTP/1.1" 200 -
127.0.0.1 - - [25/Oct/2021 14:47:30] "DELETE /clear/v1 HTTP/1.1" 200 -
127.0.0.1 - - [25/Oct/2021 14:47:30] "POST /auth/register/v2 HTTP/1.1" 200 -
127.0.0.1 - - [25/Oct/2021 14:47:30] "GET /user/profile/v1?token=eyJ0eXAiOiJKV1QiLCJhbGciOiJIUzI1NiJ9.eyJ1c2VyX2lkIjowLCJzZXNzaW9uX2lkIjoxfQ.WpX1_pFyFCRdZx5hWGJ6AbAXuQR6jvGb4DrsBLENmxo&u_id=0 HTTP/1.1" 200 -
127.0.0.1 - - [25/Oct/2021 14:47:30] "POST /auth/register/v2 HTTP/1.1" 200 -
127.0.0.1 - - [25/Oct/2021 14:47:30] "GET /user/profile/v1?token=eyJ0eXAiOiJKV1QiLCJhbGciOiJIUzI1NiJ9.eyJ1c2VyX2lkIjoxLCJzZXNzaW9uX2lkIjoyfQ.3IlFnyZjb8U5WB33OVJzvu7OYzdYAKPqvmD_oI9z8So&u_id=1 HTTP/1.1" 200 -
127.0.0.1 - - [25/Oct/2021 14:47:30] "GET /users/all/v1?token=eyJ0eXAiOiJKV1QiLCJhbGciOiJIUzI1NiJ9.eyJ1c2VyX2lkIjowLCJzZXNzaW9uX2lkIjoxfQ.WpX1_pFyFCRdZx5hWGJ6AbAXuQR6jvGb4DrsBLENmxo HTTP/1.1" 200 -
127.0.0.1 - - [25/Oct/2021 14:47:30] "DELETE /clear/v1 HTTP/1.1" 200 -
127.0.0.1 - - [25/Oct/2021 14:47:30] "POST /auth/register/v2 HTTP/1.1" 200 -
127.0.0.1 - - [25/Oct/2021 14:47:30] "GET /user/profile/v1?token=eyJ0eXAiOiJKV1QiLCJhbGciOiJIUzI1NiJ9.eyJ1c2VyX2lkIjowLCJzZXNzaW9uX2lkIjoxfQ.WpX1_pFyFCRdZx5hWGJ6AbAXuQR6jvGb4DrsBLENmxo&u_id=0 HTTP/1.1" 200 -
127.0.0.1 - - [25/Oct/2021 14:47:30] "POST /auth/logout/v1 HTTP/1.1" 200 -
127.0.0.1 - - [25/Oct/2021 14:47:30] "GET /users/all/v1?token=eyJ0eXAiOiJKV1QiLCJhbGciOiJIUzI1NiJ9.eyJ1c2VyX2lkIjowLCJzZXNzaW9uX2lkIjoxfQ.WpX1_pFyFCRdZx5hWGJ6AbAXuQR6jvGb4DrsBLENmxo HTTP/1.1" 403 -
127.0.0.1 - - [25/Oct/2021 14:47:30] "DELETE /clear/v1 HTTP/1.1" 200 -
127.0.0.1 - - [25/Oct/2021 14:47:30] "POST /auth/register/v2 HTTP/1.1" 200 -
127.0.0.1 - - [25/Oct/2021 14:47:30] "GET /user/profile/v1?token=eyJ0eXAiOiJKV1QiLCJhbGciOiJIUzI1NiJ9.eyJ1c2VyX2lkIjowLCJzZXNzaW9uX2lkIjoxfQ.WpX1_pFyFCRdZx5hWGJ6AbAXuQR6jvGb4DrsBLENmxo&u_id=0 HTTP/1.1" 200 -
127.0.0.1 - - [25/Oct/2021 14:47:30] "GET /user/profile/v1?token=eyJ0eXAiOiJKV1QiLCJhbGciOiJIUzI1NiJ9.eyJ1c2VyX2lkIjowLCJzZXNzaW9uX2lkIjoxfQ.WpX1_pFyFCRdZx5hWGJ6AbAXuQR6jvGb4DrsBLENmxo&u_id=0 HTTP/1.1" 200 -
127.0.0.1 - - [25/Oct/2021 14:47:30] "DELETE /clear/v1 HTTP/1.1" 200 -
127.0.0.1 - - [25/Oct/2021 14:47:30] "POST /auth/register/v2 HTTP/1.1" 200 -
127.0.0.1 - - [25/Oct/2021 14:47:30] "GET /user/profile/v1?token=eyJ0eXAiOiJKV1QiLCJhbGciOiJIUzI1NiJ9.eyJ1c2VyX2lkIjowLCJzZXNzaW9uX2lkIjoxfQ.WpX1_pFyFCRdZx5hWGJ6AbAXuQR6jvGb4DrsBLENmxo&u_id=0 HTTP/1.1" 200 -
127.0.0.1 - - [25/Oct/2021 14:47:30] "GET /user/profile/v1?token=eyJ0eXAiOiJKV1QiLCJhbGciOiJIUzI1NiJ9.eyJ1c2VyX2lkIjowLCJzZXNzaW9uX2lkIjoxfQ.WpX1_pFyFCRdZx5hWGJ6AbAXuQR6jvGb4DrsBLENmxo&u_id=-1 HTTP/1.1" 400 -
127.0.0.1 - - [25/Oct/2021 14:47:30] "DELETE /clear/v1 HTTP/1.1" 200 -
127.0.0.1 - - [25/Oct/2021 14:47:30] "POST /auth/register/v2 HTTP/1.1" 200 -
127.0.0.1 - - [25/Oct/2021 14:47:30] "GET /user/profile/v1?token=eyJ0eXAiOiJKV1QiLCJhbGciOiJIUzI1NiJ9.eyJ1c2VyX2lkIjowLCJzZXNzaW9uX2lkIjoxfQ.WpX1_pFyFCRdZx5hWGJ6AbAXuQR6jvGb4DrsBLENmxo&u_id=0 HTTP/1.1" 200 -
127.0.0.1 - - [25/Oct/2021 14:47:30] "POST /auth/logout/v1 HTTP/1.1" 200 -
127.0.0.1 - - [25/Oct/2021 14:47:30] "GET /user/profile/v1?token=eyJ0eXAiOiJKV1QiLCJhbGciOiJIUzI1NiJ9.eyJ1c2VyX2lkIjowLCJzZXNzaW9uX2lkIjoxfQ.WpX1_pFyFCRdZx5hWGJ6AbAXuQR6jvGb4DrsBLENmxo&u_id=0 HTTP/1.1" 403 -
127.0.0.1 - - [25/Oct/2021 14:47:30] "DELETE /clear/v1 HTTP/1.1" 200 -
127.0.0.1 - - [25/Oct/2021 14:47:30] "POST /auth/register/v2 HTTP/1.1" 200 -
127.0.0.1 - - [25/Oct/2021 14:47:30] "GET /user/profile/v1?token=eyJ0eXAiOiJKV1QiLCJhbGciOiJIUzI1NiJ9.eyJ1c2VyX2lkIjowLCJzZXNzaW9uX2lkIjoxfQ.WpX1_pFyFCRdZx5hWGJ6AbAXuQR6jvGb4DrsBLENmxo&u_id=0 HTTP/1.1" 200 -
[2021-10-25 14:47:30,940] ERROR in app: Exception on /user/profile/setemail/v1 [PUT]
Traceback (most recent call last):
  File "/import/kamen/3/cs1531/.local/lib/python3.7/site-packages/flask/app.py", line 1513, in full_dispatch_request
    rv = self.dispatch_request()
  File "/import/kamen/3/cs1531/.local/lib/python3.7/site-packages/flask/app.py", line 1499, in dispatch_request
    return self.ensure_sync(self.view_functions[rule.endpoint])(**req.view_args)
  File "/tmp_amd/kamen/export/kamen/3/cs1531/project-automarking/tempstore/src/server.py", line 248, in user_profile_setemail
    response = user_profile_setemail_v1(request_data['token'], request_data['emails'])
KeyError: 'emails'

During handling of the above exception, another exception occurred:

Traceback (most recent call last):
  File "/import/kamen/3/cs1531/.local/lib/python3.7/site-packages/flask/app.py", line 2070, in wsgi_app
    response = self.full_dispatch_request()
  File "/import/kamen/3/cs1531/.local/lib/python3.7/site-packages/flask/app.py", line 1515, in full_dispatch_request
    rv = self.handle_user_exception(e)
  File "/import/kamen/3/cs1531/.local/lib/python3.7/site-packages/flask_cors/extension.py", line 165, in wrapped_function
    return cors_after_request(app.make_response(f(*args, **kwargs)))
  File "/import/kamen/3/cs1531/.local/lib/python3.7/site-packages/flask/app.py", line 1390, in handle_user_exception
    return self.ensure_sync(handler)(e)
  File "/tmp_amd/kamen/export/kamen/3/cs1531/project-automarking/tempstore/src/server.py", line 40, in defaultHandler
    response = err.get_response()
AttributeError: 'KeyError' object has no attribute 'get_response'
127.0.0.1 - - [25/Oct/2021 14:47:30] "PUT /user/profile/setemail/v1 HTTP/1.1" 500 -
127.0.0.1 - - [25/Oct/2021 14:47:30] "DELETE /clear/v1 HTTP/1.1" 200 -
127.0.0.1 - - [25/Oct/2021 14:47:30] "POST /auth/register/v2 HTTP/1.1" 200 -
127.0.0.1 - - [25/Oct/2021 14:47:30] "GET /user/profile/v1?token=eyJ0eXAiOiJKV1QiLCJhbGciOiJIUzI1NiJ9.eyJ1c2VyX2lkIjowLCJzZXNzaW9uX2lkIjoxfQ.WpX1_pFyFCRdZx5hWGJ6AbAXuQR6jvGb4DrsBLENmxo&u_id=0 HTTP/1.1" 200 -
127.0.0.1 - - [25/Oct/2021 14:47:30] "POST /auth/register/v2 HTTP/1.1" 200 -
127.0.0.1 - - [25/Oct/2021 14:47:31] "GET /user/profile/v1?token=eyJ0eXAiOiJKV1QiLCJhbGciOiJIUzI1NiJ9.eyJ1c2VyX2lkIjoxLCJzZXNzaW9uX2lkIjoyfQ.3IlFnyZjb8U5WB33OVJzvu7OYzdYAKPqvmD_oI9z8So&u_id=1 HTTP/1.1" 200 -
[2021-10-25 14:47:31,031] ERROR in app: Exception on /user/profile/setemail/v1 [PUT]
Traceback (most recent call last):
  File "/import/kamen/3/cs1531/.local/lib/python3.7/site-packages/flask/app.py", line 1513, in full_dispatch_request
    rv = self.dispatch_request()
  File "/import/kamen/3/cs1531/.local/lib/python3.7/site-packages/flask/app.py", line 1499, in dispatch_request
    return self.ensure_sync(self.view_functions[rule.endpoint])(**req.view_args)
  File "/tmp_amd/kamen/export/kamen/3/cs1531/project-automarking/tempstore/src/server.py", line 248, in user_profile_setemail
    response = user_profile_setemail_v1(request_data['token'], request_data['emails'])
KeyError: 'emails'

During handling of the above exception, another exception occurred:

Traceback (most recent call last):
  File "/import/kamen/3/cs1531/.local/lib/python3.7/site-packages/flask/app.py", line 2070, in wsgi_app
    response = self.full_dispatch_request()
  File "/import/kamen/3/cs1531/.local/lib/python3.7/site-packages/flask/app.py", line 1515, in full_dispatch_request
    rv = self.handle_user_exception(e)
  File "/import/kamen/3/cs1531/.local/lib/python3.7/site-packages/flask_cors/extension.py", line 165, in wrapped_function
    return cors_after_request(app.make_response(f(*args, **kwargs)))
  File "/import/kamen/3/cs1531/.local/lib/python3.7/site-packages/flask/app.py", line 1390, in handle_user_exception
    return self.ensure_sync(handler)(e)
  File "/tmp_amd/kamen/export/kamen/3/cs1531/project-automarking/tempstore/src/server.py", line 40, in defaultHandler
    response = err.get_response()
AttributeError: 'KeyError' object has no attribute 'get_response'
127.0.0.1 - - [25/Oct/2021 14:47:31] "PUT /user/profile/setemail/v1 HTTP/1.1" 500 -
127.0.0.1 - - [25/Oct/2021 14:47:31] "DELETE /clear/v1 HTTP/1.1" 200 -
127.0.0.1 - - [25/Oct/2021 14:47:31] "POST /auth/register/v2 HTTP/1.1" 200 -
127.0.0.1 - - [25/Oct/2021 14:47:31] "GET /user/profile/v1?token=eyJ0eXAiOiJKV1QiLCJhbGciOiJIUzI1NiJ9.eyJ1c2VyX2lkIjowLCJzZXNzaW9uX2lkIjoxfQ.WpX1_pFyFCRdZx5hWGJ6AbAXuQR6jvGb4DrsBLENmxo&u_id=0 HTTP/1.1" 200 -
[2021-10-25 14:47:31,099] ERROR in app: Exception on /user/profile/setemail/v1 [PUT]
Traceback (most recent call last):
  File "/import/kamen/3/cs1531/.local/lib/python3.7/site-packages/flask/app.py", line 1513, in full_dispatch_request
    rv = self.dispatch_request()
  File "/import/kamen/3/cs1531/.local/lib/python3.7/site-packages/flask/app.py", line 1499, in dispatch_request
    return self.ensure_sync(self.view_functions[rule.endpoint])(**req.view_args)
  File "/tmp_amd/kamen/export/kamen/3/cs1531/project-automarking/tempstore/src/server.py", line 248, in user_profile_setemail
    response = user_profile_setemail_v1(request_data['token'], request_data['emails'])
KeyError: 'emails'

During handling of the above exception, another exception occurred:

Traceback (most recent call last):
  File "/import/kamen/3/cs1531/.local/lib/python3.7/site-packages/flask/app.py", line 2070, in wsgi_app
    response = self.full_dispatch_request()
  File "/import/kamen/3/cs1531/.local/lib/python3.7/site-packages/flask/app.py", line 1515, in full_dispatch_request
    rv = self.handle_user_exception(e)
  File "/import/kamen/3/cs1531/.local/lib/python3.7/site-packages/flask_cors/extension.py", line 165, in wrapped_function
    return cors_after_request(app.make_response(f(*args, **kwargs)))
  File "/import/kamen/3/cs1531/.local/lib/python3.7/site-packages/flask/app.py", line 1390, in handle_user_exception
    return self.ensure_sync(handler)(e)
  File "/tmp_amd/kamen/export/kamen/3/cs1531/project-automarking/tempstore/src/server.py", line 40, in defaultHandler
    response = err.get_response()
AttributeError: 'KeyError' object has no attribute 'get_response'
127.0.0.1 - - [25/Oct/2021 14:47:31] "PUT /user/profile/setemail/v1 HTTP/1.1" 500 -
127.0.0.1 - - [25/Oct/2021 14:47:31] "DELETE /clear/v1 HTTP/1.1" 200 -
127.0.0.1 - - [25/Oct/2021 14:47:31] "POST /auth/register/v2 HTTP/1.1" 200 -
127.0.0.1 - - [25/Oct/2021 14:47:31] "GET /user/profile/v1?token=eyJ0eXAiOiJKV1QiLCJhbGciOiJIUzI1NiJ9.eyJ1c2VyX2lkIjowLCJzZXNzaW9uX2lkIjoxfQ.WpX1_pFyFCRdZx5hWGJ6AbAXuQR6jvGb4DrsBLENmxo&u_id=0 HTTP/1.1" 200 -
[2021-10-25 14:47:31,150] ERROR in app: Exception on /user/profile/setemail/v1 [PUT]
Traceback (most recent call last):
  File "/import/kamen/3/cs1531/.local/lib/python3.7/site-packages/flask/app.py", line 1513, in full_dispatch_request
    rv = self.dispatch_request()
  File "/import/kamen/3/cs1531/.local/lib/python3.7/site-packages/flask/app.py", line 1499, in dispatch_request
    return self.ensure_sync(self.view_functions[rule.endpoint])(**req.view_args)
  File "/tmp_amd/kamen/export/kamen/3/cs1531/project-automarking/tempstore/src/server.py", line 248, in user_profile_setemail
    response = user_profile_setemail_v1(request_data['token'], request_data['emails'])
KeyError: 'emails'

During handling of the above exception, another exception occurred:

Traceback (most recent call last):
  File "/import/kamen/3/cs1531/.local/lib/python3.7/site-packages/flask/app.py", line 2070, in wsgi_app
    response = self.full_dispatch_request()
  File "/import/kamen/3/cs1531/.local/lib/python3.7/site-packages/flask/app.py", line 1515, in full_dispatch_request
    rv = self.handle_user_exception(e)
  File "/import/kamen/3/cs1531/.local/lib/python3.7/site-packages/flask_cors/extension.py", line 165, in wrapped_function
    return cors_after_request(app.make_response(f(*args, **kwargs)))
  File "/import/kamen/3/cs1531/.local/lib/python3.7/site-packages/flask/app.py", line 1390, in handle_user_exception
    return self.ensure_sync(handler)(e)
  File "/tmp_amd/kamen/export/kamen/3/cs1531/project-automarking/tempstore/src/server.py", line 40, in defaultHandler
    response = err.get_response()
AttributeError: 'KeyError' object has no attribute 'get_response'
127.0.0.1 - - [25/Oct/2021 14:47:31] "PUT /user/profile/setemail/v1 HTTP/1.1" 500 -
127.0.0.1 - - [25/Oct/2021 14:47:31] "DELETE /clear/v1 HTTP/1.1" 200 -
127.0.0.1 - - [25/Oct/2021 14:47:31] "POST /auth/register/v2 HTTP/1.1" 200 -
127.0.0.1 - - [25/Oct/2021 14:47:31] "GET /user/profile/v1?token=eyJ0eXAiOiJKV1QiLCJhbGciOiJIUzI1NiJ9.eyJ1c2VyX2lkIjowLCJzZXNzaW9uX2lkIjoxfQ.WpX1_pFyFCRdZx5hWGJ6AbAXuQR6jvGb4DrsBLENmxo&u_id=0 HTTP/1.1" 200 -
[2021-10-25 14:47:31,202] ERROR in app: Exception on /user/profile/setemail/v1 [PUT]
Traceback (most recent call last):
  File "/import/kamen/3/cs1531/.local/lib/python3.7/site-packages/flask/app.py", line 1513, in full_dispatch_request
    rv = self.dispatch_request()
  File "/import/kamen/3/cs1531/.local/lib/python3.7/site-packages/flask/app.py", line 1499, in dispatch_request
    return self.ensure_sync(self.view_functions[rule.endpoint])(**req.view_args)
  File "/tmp_amd/kamen/export/kamen/3/cs1531/project-automarking/tempstore/src/server.py", line 248, in user_profile_setemail
    response = user_profile_setemail_v1(request_data['token'], request_data['emails'])
KeyError: 'emails'

During handling of the above exception, another exception occurred:

Traceback (most recent call last):
  File "/import/kamen/3/cs1531/.local/lib/python3.7/site-packages/flask/app.py", line 2070, in wsgi_app
    response = self.full_dispatch_request()
  File "/import/kamen/3/cs1531/.local/lib/python3.7/site-packages/flask/app.py", line 1515, in full_dispatch_request
    rv = self.handle_user_exception(e)
  File "/import/kamen/3/cs1531/.local/lib/python3.7/site-packages/flask_cors/extension.py", line 165, in wrapped_function
    return cors_after_request(app.make_response(f(*args, **kwargs)))
  File "/import/kamen/3/cs1531/.local/lib/python3.7/site-packages/flask/app.py", line 1390, in handle_user_exception
    return self.ensure_sync(handler)(e)
  File "/tmp_amd/kamen/export/kamen/3/cs1531/project-automarking/tempstore/src/server.py", line 40, in defaultHandler
    response = err.get_response()
AttributeError: 'KeyError' object has no attribute 'get_response'
127.0.0.1 - - [25/Oct/2021 14:47:31] "PUT /user/profile/setemail/v1 HTTP/1.1" 500 -
127.0.0.1 - - [25/Oct/2021 14:47:31] "DELETE /clear/v1 HTTP/1.1" 200 -
127.0.0.1 - - [25/Oct/2021 14:47:31] "POST /auth/register/v2 HTTP/1.1" 200 -
127.0.0.1 - - [25/Oct/2021 14:47:31] "GET /user/profile/v1?token=eyJ0eXAiOiJKV1QiLCJhbGciOiJIUzI1NiJ9.eyJ1c2VyX2lkIjowLCJzZXNzaW9uX2lkIjoxfQ.WpX1_pFyFCRdZx5hWGJ6AbAXuQR6jvGb4DrsBLENmxo&u_id=0 HTTP/1.1" 200 -
[2021-10-25 14:47:31,242] ERROR in app: Exception on /user/profile/setemail/v1 [PUT]
Traceback (most recent call last):
  File "/import/kamen/3/cs1531/.local/lib/python3.7/site-packages/flask/app.py", line 1513, in full_dispatch_request
    rv = self.dispatch_request()
  File "/import/kamen/3/cs1531/.local/lib/python3.7/site-packages/flask/app.py", line 1499, in dispatch_request
    return self.ensure_sync(self.view_functions[rule.endpoint])(**req.view_args)
  File "/tmp_amd/kamen/export/kamen/3/cs1531/project-automarking/tempstore/src/server.py", line 248, in user_profile_setemail
    response = user_profile_setemail_v1(request_data['token'], request_data['emails'])
KeyError: 'emails'

During handling of the above exception, another exception occurred:

Traceback (most recent call last):
  File "/import/kamen/3/cs1531/.local/lib/python3.7/site-packages/flask/app.py", line 2070, in wsgi_app
    response = self.full_dispatch_request()
  File "/import/kamen/3/cs1531/.local/lib/python3.7/site-packages/flask/app.py", line 1515, in full_dispatch_request
    rv = self.handle_user_exception(e)
  File "/import/kamen/3/cs1531/.local/lib/python3.7/site-packages/flask_cors/extension.py", line 165, in wrapped_function
    return cors_after_request(app.make_response(f(*args, **kwargs)))
  File "/import/kamen/3/cs1531/.local/lib/python3.7/site-packages/flask/app.py", line 1390, in handle_user_exception
    return self.ensure_sync(handler)(e)
  File "/tmp_amd/kamen/export/kamen/3/cs1531/project-automarking/tempstore/src/server.py", line 40, in defaultHandler
    response = err.get_response()
AttributeError: 'KeyError' object has no attribute 'get_response'
127.0.0.1 - - [25/Oct/2021 14:47:31] "PUT /user/profile/setemail/v1 HTTP/1.1" 500 -
127.0.0.1 - - [25/Oct/2021 14:47:31] "DELETE /clear/v1 HTTP/1.1" 200 -
127.0.0.1 - - [25/Oct/2021 14:47:31] "POST /auth/register/v2 HTTP/1.1" 200 -
127.0.0.1 - - [25/Oct/2021 14:47:31] "GET /user/profile/v1?token=eyJ0eXAiOiJKV1QiLCJhbGciOiJIUzI1NiJ9.eyJ1c2VyX2lkIjowLCJzZXNzaW9uX2lkIjoxfQ.WpX1_pFyFCRdZx5hWGJ6AbAXuQR6jvGb4DrsBLENmxo&u_id=0 HTTP/1.1" 200 -
[2021-10-25 14:47:31,278] ERROR in app: Exception on /user/profile/setemail/v1 [PUT]
Traceback (most recent call last):
  File "/import/kamen/3/cs1531/.local/lib/python3.7/site-packages/flask/app.py", line 1513, in full_dispatch_request
    rv = self.dispatch_request()
  File "/import/kamen/3/cs1531/.local/lib/python3.7/site-packages/flask/app.py", line 1499, in dispatch_request
    return self.ensure_sync(self.view_functions[rule.endpoint])(**req.view_args)
  File "/tmp_amd/kamen/export/kamen/3/cs1531/project-automarking/tempstore/src/server.py", line 248, in user_profile_setemail
    response = user_profile_setemail_v1(request_data['token'], request_data['emails'])
KeyError: 'emails'

During handling of the above exception, another exception occurred:

Traceback (most recent call last):
  File "/import/kamen/3/cs1531/.local/lib/python3.7/site-packages/flask/app.py", line 2070, in wsgi_app
    response = self.full_dispatch_request()
  File "/import/kamen/3/cs1531/.local/lib/python3.7/site-packages/flask/app.py", line 1515, in full_dispatch_request
    rv = self.handle_user_exception(e)
  File "/import/kamen/3/cs1531/.local/lib/python3.7/site-packages/flask_cors/extension.py", line 165, in wrapped_function
    return cors_after_request(app.make_response(f(*args, **kwargs)))
  File "/import/kamen/3/cs1531/.local/lib/python3.7/site-packages/flask/app.py", line 1390, in handle_user_exception
    return self.ensure_sync(handler)(e)
  File "/tmp_amd/kamen/export/kamen/3/cs1531/project-automarking/tempstore/src/server.py", line 40, in defaultHandler
    response = err.get_response()
AttributeError: 'KeyError' object has no attribute 'get_response'
127.0.0.1 - - [25/Oct/2021 14:47:31] "PUT /user/profile/setemail/v1 HTTP/1.1" 500 -
127.0.0.1 - - [25/Oct/2021 14:47:31] "DELETE /clear/v1 HTTP/1.1" 200 -
127.0.0.1 - - [25/Oct/2021 14:47:31] "POST /auth/register/v2 HTTP/1.1" 200 -
127.0.0.1 - - [25/Oct/2021 14:47:31] "GET /user/profile/v1?token=eyJ0eXAiOiJKV1QiLCJhbGciOiJIUzI1NiJ9.eyJ1c2VyX2lkIjowLCJzZXNzaW9uX2lkIjoxfQ.WpX1_pFyFCRdZx5hWGJ6AbAXuQR6jvGb4DrsBLENmxo&u_id=0 HTTP/1.1" 200 -
127.0.0.1 - - [25/Oct/2021 14:47:31] "POST /auth/logout/v1 HTTP/1.1" 200 -
[2021-10-25 14:47:31,332] ERROR in app: Exception on /user/profile/setemail/v1 [PUT]
Traceback (most recent call last):
  File "/import/kamen/3/cs1531/.local/lib/python3.7/site-packages/flask/app.py", line 1513, in full_dispatch_request
    rv = self.dispatch_request()
  File "/import/kamen/3/cs1531/.local/lib/python3.7/site-packages/flask/app.py", line 1499, in dispatch_request
    return self.ensure_sync(self.view_functions[rule.endpoint])(**req.view_args)
  File "/tmp_amd/kamen/export/kamen/3/cs1531/project-automarking/tempstore/src/server.py", line 248, in user_profile_setemail
    response = user_profile_setemail_v1(request_data['token'], request_data['emails'])
KeyError: 'emails'

During handling of the above exception, another exception occurred:

Traceback (most recent call last):
  File "/import/kamen/3/cs1531/.local/lib/python3.7/site-packages/flask/app.py", line 2070, in wsgi_app
    response = self.full_dispatch_request()
  File "/import/kamen/3/cs1531/.local/lib/python3.7/site-packages/flask/app.py", line 1515, in full_dispatch_request
    rv = self.handle_user_exception(e)
  File "/import/kamen/3/cs1531/.local/lib/python3.7/site-packages/flask_cors/extension.py", line 165, in wrapped_function
    return cors_after_request(app.make_response(f(*args, **kwargs)))
  File "/import/kamen/3/cs1531/.local/lib/python3.7/site-packages/flask/app.py", line 1390, in handle_user_exception
    return self.ensure_sync(handler)(e)
  File "/tmp_amd/kamen/export/kamen/3/cs1531/project-automarking/tempstore/src/server.py", line 40, in defaultHandler
    response = err.get_response()
AttributeError: 'KeyError' object has no attribute 'get_response'
127.0.0.1 - - [25/Oct/2021 14:47:31] "PUT /user/profile/setemail/v1 HTTP/1.1" 500 -
127.0.0.1 - - [25/Oct/2021 14:47:31] "DELETE /clear/v1 HTTP/1.1" 200 -
127.0.0.1 - - [25/Oct/2021 14:47:31] "POST /auth/register/v2 HTTP/1.1" 200 -
127.0.0.1 - - [25/Oct/2021 14:47:31] "GET /user/profile/v1?token=eyJ0eXAiOiJKV1QiLCJhbGciOiJIUzI1NiJ9.eyJ1c2VyX2lkIjowLCJzZXNzaW9uX2lkIjoxfQ.WpX1_pFyFCRdZx5hWGJ6AbAXuQR6jvGb4DrsBLENmxo&u_id=0 HTTP/1.1" 200 -
127.0.0.1 - - [25/Oct/2021 14:47:31] "PUT /user/profile/sethandle/v1 HTTP/1.1" 200 -
127.0.0.1 - - [25/Oct/2021 14:47:31] "GET /user/profile/v1?token=eyJ0eXAiOiJKV1QiLCJhbGciOiJIUzI1NiJ9.eyJ1c2VyX2lkIjowLCJzZXNzaW9uX2lkIjoxfQ.WpX1_pFyFCRdZx5hWGJ6AbAXuQR6jvGb4DrsBLENmxo&u_id=0 HTTP/1.1" 200 -
127.0.0.1 - - [25/Oct/2021 14:47:31] "DELETE /clear/v1 HTTP/1.1" 200 -
127.0.0.1 - - [25/Oct/2021 14:47:31] "POST /auth/register/v2 HTTP/1.1" 200 -
127.0.0.1 - - [25/Oct/2021 14:47:31] "GET /user/profile/v1?token=eyJ0eXAiOiJKV1QiLCJhbGciOiJIUzI1NiJ9.eyJ1c2VyX2lkIjowLCJzZXNzaW9uX2lkIjoxfQ.WpX1_pFyFCRdZx5hWGJ6AbAXuQR6jvGb4DrsBLENmxo&u_id=0 HTTP/1.1" 200 -
127.0.0.1 - - [25/Oct/2021 14:47:31] "POST /auth/register/v2 HTTP/1.1" 200 -
127.0.0.1 - - [25/Oct/2021 14:47:31] "GET /user/profile/v1?token=eyJ0eXAiOiJKV1QiLCJhbGciOiJIUzI1NiJ9.eyJ1c2VyX2lkIjoxLCJzZXNzaW9uX2lkIjoyfQ.3IlFnyZjb8U5WB33OVJzvu7OYzdYAKPqvmD_oI9z8So&u_id=1 HTTP/1.1" 200 -
127.0.0.1 - - [25/Oct/2021 14:47:31] "PUT /user/profile/sethandle/v1 HTTP/1.1" 400 -
127.0.0.1 - - [25/Oct/2021 14:47:31] "DELETE /clear/v1 HTTP/1.1" 200 -
127.0.0.1 - - [25/Oct/2021 14:47:31] "POST /auth/register/v2 HTTP/1.1" 200 -
127.0.0.1 - - [25/Oct/2021 14:47:31] "GET /user/profile/v1?token=eyJ0eXAiOiJKV1QiLCJhbGciOiJIUzI1NiJ9.eyJ1c2VyX2lkIjowLCJzZXNzaW9uX2lkIjoxfQ.WpX1_pFyFCRdZx5hWGJ6AbAXuQR6jvGb4DrsBLENmxo&u_id=0 HTTP/1.1" 200 -
127.0.0.1 - - [25/Oct/2021 14:47:31] "PUT /user/profile/sethandle/v1 HTTP/1.1" 400 -
127.0.0.1 - - [25/Oct/2021 14:47:31] "DELETE /clear/v1 HTTP/1.1" 200 -
127.0.0.1 - - [25/Oct/2021 14:47:31] "POST /auth/register/v2 HTTP/1.1" 200 -
127.0.0.1 - - [25/Oct/2021 14:47:31] "GET /user/profile/v1?token=eyJ0eXAiOiJKV1QiLCJhbGciOiJIUzI1NiJ9.eyJ1c2VyX2lkIjowLCJzZXNzaW9uX2lkIjoxfQ.WpX1_pFyFCRdZx5hWGJ6AbAXuQR6jvGb4DrsBLENmxo&u_id=0 HTTP/1.1" 200 -
127.0.0.1 - - [25/Oct/2021 14:47:31] "PUT /user/profile/sethandle/v1 HTTP/1.1" 400 -
127.0.0.1 - - [25/Oct/2021 14:47:31] "DELETE /clear/v1 HTTP/1.1" 200 -
127.0.0.1 - - [25/Oct/2021 14:47:31] "POST /auth/register/v2 HTTP/1.1" 200 -
127.0.0.1 - - [25/Oct/2021 14:47:31] "GET /user/profile/v1?token=eyJ0eXAiOiJKV1QiLCJhbGciOiJIUzI1NiJ9.eyJ1c2VyX2lkIjowLCJzZXNzaW9uX2lkIjoxfQ.WpX1_pFyFCRdZx5hWGJ6AbAXuQR6jvGb4DrsBLENmxo&u_id=0 HTTP/1.1" 200 -
127.0.0.1 - - [25/Oct/2021 14:47:31] "PUT /user/profile/sethandle/v1 HTTP/1.1" 400 -
127.0.0.1 - - [25/Oct/2021 14:47:31] "DELETE /clear/v1 HTTP/1.1" 200 -
127.0.0.1 - - [25/Oct/2021 14:47:31] "POST /auth/register/v2 HTTP/1.1" 200 -
127.0.0.1 - - [25/Oct/2021 14:47:31] "GET /user/profile/v1?token=eyJ0eXAiOiJKV1QiLCJhbGciOiJIUzI1NiJ9.eyJ1c2VyX2lkIjowLCJzZXNzaW9uX2lkIjoxfQ.WpX1_pFyFCRdZx5hWGJ6AbAXuQR6jvGb4DrsBLENmxo&u_id=0 HTTP/1.1" 200 -
127.0.0.1 - - [25/Oct/2021 14:47:31] "PUT /user/profile/sethandle/v1 HTTP/1.1" 400 -
127.0.0.1 - - [25/Oct/2021 14:47:31] "DELETE /clear/v1 HTTP/1.1" 200 -
127.0.0.1 - - [25/Oct/2021 14:47:31] "POST /auth/register/v2 HTTP/1.1" 200 -
127.0.0.1 - - [25/Oct/2021 14:47:31] "GET /user/profile/v1?token=eyJ0eXAiOiJKV1QiLCJhbGciOiJIUzI1NiJ9.eyJ1c2VyX2lkIjowLCJzZXNzaW9uX2lkIjoxfQ.WpX1_pFyFCRdZx5hWGJ6AbAXuQR6jvGb4DrsBLENmxo&u_id=0 HTTP/1.1" 200 -
127.0.0.1 - - [25/Oct/2021 14:47:31] "PUT /user/profile/sethandle/v1 HTTP/1.1" 400 -
127.0.0.1 - - [25/Oct/2021 14:47:31] "DELETE /clear/v1 HTTP/1.1" 200 -
127.0.0.1 - - [25/Oct/2021 14:47:31] "POST /auth/register/v2 HTTP/1.1" 200 -
127.0.0.1 - - [25/Oct/2021 14:47:31] "GET /user/profile/v1?token=eyJ0eXAiOiJKV1QiLCJhbGciOiJIUzI1NiJ9.eyJ1c2VyX2lkIjowLCJzZXNzaW9uX2lkIjoxfQ.WpX1_pFyFCRdZx5hWGJ6AbAXuQR6jvGb4DrsBLENmxo&u_id=0 HTTP/1.1" 200 -
127.0.0.1 - - [25/Oct/2021 14:47:31] "PUT /user/profile/sethandle/v1 HTTP/1.1" 400 -
127.0.0.1 - - [25/Oct/2021 14:47:31] "DELETE /clear/v1 HTTP/1.1" 200 -
127.0.0.1 - - [25/Oct/2021 14:47:31] "POST /auth/register/v2 HTTP/1.1" 200 -
127.0.0.1 - - [25/Oct/2021 14:47:31] "GET /user/profile/v1?token=eyJ0eXAiOiJKV1QiLCJhbGciOiJIUzI1NiJ9.eyJ1c2VyX2lkIjowLCJzZXNzaW9uX2lkIjoxfQ.WpX1_pFyFCRdZx5hWGJ6AbAXuQR6jvGb4DrsBLENmxo&u_id=0 HTTP/1.1" 200 -
127.0.0.1 - - [25/Oct/2021 14:47:31] "POST /auth/logout/v1 HTTP/1.1" 200 -
127.0.0.1 - - [25/Oct/2021 14:47:31] "PUT /user/profile/sethandle/v1 HTTP/1.1" 403 -
127.0.0.1 - - [25/Oct/2021 14:47:31] "DELETE /clear/v1 HTTP/1.1" 200 -
127.0.0.1 - - [25/Oct/2021 14:47:31] "POST /auth/register/v2 HTTP/1.1" 200 -
127.0.0.1 - - [25/Oct/2021 14:47:31] "GET /user/profile/v1?token=eyJ0eXAiOiJKV1QiLCJhbGciOiJIUzI1NiJ9.eyJ1c2VyX2lkIjowLCJzZXNzaW9uX2lkIjoxfQ.WpX1_pFyFCRdZx5hWGJ6AbAXuQR6jvGb4DrsBLENmxo&u_id=0 HTTP/1.1" 200 -
[2021-10-25 14:47:31,654] ERROR in app: Exception on /user/profile/setname/v1 [PUT]
Traceback (most recent call last):
  File "/import/kamen/3/cs1531/.local/lib/python3.7/site-packages/flask/app.py", line 1513, in full_dispatch_request
    rv = self.dispatch_request()
  File "/import/kamen/3/cs1531/.local/lib/python3.7/site-packages/flask/app.py", line 1499, in dispatch_request
    return self.ensure_sync(self.view_functions[rule.endpoint])(**req.view_args)
  File "/tmp_amd/kamen/export/kamen/3/cs1531/project-automarking/tempstore/src/server.py", line 239, in user_profile_setname
    response = user_profile_setname_v1(request_data['token'], request_data['first_names'], request_data['last_names'])
KeyError: 'first_names'

During handling of the above exception, another exception occurred:

Traceback (most recent call last):
  File "/import/kamen/3/cs1531/.local/lib/python3.7/site-packages/flask/app.py", line 2070, in wsgi_app
    response = self.full_dispatch_request()
  File "/import/kamen/3/cs1531/.local/lib/python3.7/site-packages/flask/app.py", line 1515, in full_dispatch_request
    rv = self.handle_user_exception(e)
  File "/import/kamen/3/cs1531/.local/lib/python3.7/site-packages/flask_cors/extension.py", line 165, in wrapped_function
    return cors_after_request(app.make_response(f(*args, **kwargs)))
  File "/import/kamen/3/cs1531/.local/lib/python3.7/site-packages/flask/app.py", line 1390, in handle_user_exception
    return self.ensure_sync(handler)(e)
  File "/tmp_amd/kamen/export/kamen/3/cs1531/project-automarking/tempstore/src/server.py", line 40, in defaultHandler
    response = err.get_response()
AttributeError: 'KeyError' object has no attribute 'get_response'
127.0.0.1 - - [25/Oct/2021 14:47:31] "PUT /user/profile/setname/v1 HTTP/1.1" 500 -
127.0.0.1 - - [25/Oct/2021 14:47:31] "DELETE /clear/v1 HTTP/1.1" 200 -
127.0.0.1 - - [25/Oct/2021 14:47:31] "POST /auth/register/v2 HTTP/1.1" 200 -
127.0.0.1 - - [25/Oct/2021 14:47:31] "GET /user/profile/v1?token=eyJ0eXAiOiJKV1QiLCJhbGciOiJIUzI1NiJ9.eyJ1c2VyX2lkIjowLCJzZXNzaW9uX2lkIjoxfQ.WpX1_pFyFCRdZx5hWGJ6AbAXuQR6jvGb4DrsBLENmxo&u_id=0 HTTP/1.1" 200 -
[2021-10-25 14:47:31,706] ERROR in app: Exception on /user/profile/setname/v1 [PUT]
Traceback (most recent call last):
  File "/import/kamen/3/cs1531/.local/lib/python3.7/site-packages/flask/app.py", line 1513, in full_dispatch_request
    rv = self.dispatch_request()
  File "/import/kamen/3/cs1531/.local/lib/python3.7/site-packages/flask/app.py", line 1499, in dispatch_request
    return self.ensure_sync(self.view_functions[rule.endpoint])(**req.view_args)
  File "/tmp_amd/kamen/export/kamen/3/cs1531/project-automarking/tempstore/src/server.py", line 239, in user_profile_setname
    response = user_profile_setname_v1(request_data['token'], request_data['first_names'], request_data['last_names'])
KeyError: 'first_names'

During handling of the above exception, another exception occurred:

Traceback (most recent call last):
  File "/import/kamen/3/cs1531/.local/lib/python3.7/site-packages/flask/app.py", line 2070, in wsgi_app
    response = self.full_dispatch_request()
  File "/import/kamen/3/cs1531/.local/lib/python3.7/site-packages/flask/app.py", line 1515, in full_dispatch_request
    rv = self.handle_user_exception(e)
  File "/import/kamen/3/cs1531/.local/lib/python3.7/site-packages/flask_cors/extension.py", line 165, in wrapped_function
    return cors_after_request(app.make_response(f(*args, **kwargs)))
  File "/import/kamen/3/cs1531/.local/lib/python3.7/site-packages/flask/app.py", line 1390, in handle_user_exception
    return self.ensure_sync(handler)(e)
  File "/tmp_amd/kamen/export/kamen/3/cs1531/project-automarking/tempstore/src/server.py", line 40, in defaultHandler
    response = err.get_response()
AttributeError: 'KeyError' object has no attribute 'get_response'
127.0.0.1 - - [25/Oct/2021 14:47:31] "PUT /user/profile/setname/v1 HTTP/1.1" 500 -
127.0.0.1 - - [25/Oct/2021 14:47:31] "DELETE /clear/v1 HTTP/1.1" 200 -
127.0.0.1 - - [25/Oct/2021 14:47:31] "POST /auth/register/v2 HTTP/1.1" 200 -
127.0.0.1 - - [25/Oct/2021 14:47:31] "GET /user/profile/v1?token=eyJ0eXAiOiJKV1QiLCJhbGciOiJIUzI1NiJ9.eyJ1c2VyX2lkIjowLCJzZXNzaW9uX2lkIjoxfQ.WpX1_pFyFCRdZx5hWGJ6AbAXuQR6jvGb4DrsBLENmxo&u_id=0 HTTP/1.1" 200 -
[2021-10-25 14:47:31,752] ERROR in app: Exception on /user/profile/setname/v1 [PUT]
Traceback (most recent call last):
  File "/import/kamen/3/cs1531/.local/lib/python3.7/site-packages/flask/app.py", line 1513, in full_dispatch_request
    rv = self.dispatch_request()
  File "/import/kamen/3/cs1531/.local/lib/python3.7/site-packages/flask/app.py", line 1499, in dispatch_request
    return self.ensure_sync(self.view_functions[rule.endpoint])(**req.view_args)
  File "/tmp_amd/kamen/export/kamen/3/cs1531/project-automarking/tempstore/src/server.py", line 239, in user_profile_setname
    response = user_profile_setname_v1(request_data['token'], request_data['first_names'], request_data['last_names'])
KeyError: 'first_names'

During handling of the above exception, another exception occurred:

Traceback (most recent call last):
  File "/import/kamen/3/cs1531/.local/lib/python3.7/site-packages/flask/app.py", line 2070, in wsgi_app
    response = self.full_dispatch_request()
  File "/import/kamen/3/cs1531/.local/lib/python3.7/site-packages/flask/app.py", line 1515, in full_dispatch_request
    rv = self.handle_user_exception(e)
  File "/import/kamen/3/cs1531/.local/lib/python3.7/site-packages/flask_cors/extension.py", line 165, in wrapped_function
    return cors_after_request(app.make_response(f(*args, **kwargs)))
  File "/import/kamen/3/cs1531/.local/lib/python3.7/site-packages/flask/app.py", line 1390, in handle_user_exception
    return self.ensure_sync(handler)(e)
  File "/tmp_amd/kamen/export/kamen/3/cs1531/project-automarking/tempstore/src/server.py", line 40, in defaultHandler
    response = err.get_response()
AttributeError: 'KeyError' object has no attribute 'get_response'
127.0.0.1 - - [25/Oct/2021 14:47:31] "PUT /user/profile/setname/v1 HTTP/1.1" 500 -
127.0.0.1 - - [25/Oct/2021 14:47:31] "DELETE /clear/v1 HTTP/1.1" 200 -
127.0.0.1 - - [25/Oct/2021 14:47:31] "POST /auth/register/v2 HTTP/1.1" 200 -
127.0.0.1 - - [25/Oct/2021 14:47:31] "GET /user/profile/v1?token=eyJ0eXAiOiJKV1QiLCJhbGciOiJIUzI1NiJ9.eyJ1c2VyX2lkIjowLCJzZXNzaW9uX2lkIjoxfQ.WpX1_pFyFCRdZx5hWGJ6AbAXuQR6jvGb4DrsBLENmxo&u_id=0 HTTP/1.1" 200 -
[2021-10-25 14:47:31,821] ERROR in app: Exception on /user/profile/setname/v1 [PUT]
Traceback (most recent call last):
  File "/import/kamen/3/cs1531/.local/lib/python3.7/site-packages/flask/app.py", line 1513, in full_dispatch_request
    rv = self.dispatch_request()
  File "/import/kamen/3/cs1531/.local/lib/python3.7/site-packages/flask/app.py", line 1499, in dispatch_request
    return self.ensure_sync(self.view_functions[rule.endpoint])(**req.view_args)
  File "/tmp_amd/kamen/export/kamen/3/cs1531/project-automarking/tempstore/src/server.py", line 239, in user_profile_setname
    response = user_profile_setname_v1(request_data['token'], request_data['first_names'], request_data['last_names'])
KeyError: 'first_names'

During handling of the above exception, another exception occurred:

Traceback (most recent call last):
  File "/import/kamen/3/cs1531/.local/lib/python3.7/site-packages/flask/app.py", line 2070, in wsgi_app
    response = self.full_dispatch_request()
  File "/import/kamen/3/cs1531/.local/lib/python3.7/site-packages/flask/app.py", line 1515, in full_dispatch_request
    rv = self.handle_user_exception(e)
  File "/import/kamen/3/cs1531/.local/lib/python3.7/site-packages/flask_cors/extension.py", line 165, in wrapped_function
    return cors_after_request(app.make_response(f(*args, **kwargs)))
  File "/import/kamen/3/cs1531/.local/lib/python3.7/site-packages/flask/app.py", line 1390, in handle_user_exception
    return self.ensure_sync(handler)(e)
  File "/tmp_amd/kamen/export/kamen/3/cs1531/project-automarking/tempstore/src/server.py", line 40, in defaultHandler
    response = err.get_response()
AttributeError: 'KeyError' object has no attribute 'get_response'
127.0.0.1 - - [25/Oct/2021 14:47:31] "PUT /user/profile/setname/v1 HTTP/1.1" 500 -
127.0.0.1 - - [25/Oct/2021 14:47:31] "DELETE /clear/v1 HTTP/1.1" 200 -
127.0.0.1 - - [25/Oct/2021 14:47:31] "POST /auth/register/v2 HTTP/1.1" 200 -
127.0.0.1 - - [25/Oct/2021 14:47:31] "GET /user/profile/v1?token=eyJ0eXAiOiJKV1QiLCJhbGciOiJIUzI1NiJ9.eyJ1c2VyX2lkIjowLCJzZXNzaW9uX2lkIjoxfQ.WpX1_pFyFCRdZx5hWGJ6AbAXuQR6jvGb4DrsBLENmxo&u_id=0 HTTP/1.1" 200 -
[2021-10-25 14:47:31,859] ERROR in app: Exception on /user/profile/setname/v1 [PUT]
Traceback (most recent call last):
  File "/import/kamen/3/cs1531/.local/lib/python3.7/site-packages/flask/app.py", line 1513, in full_dispatch_request
    rv = self.dispatch_request()
  File "/import/kamen/3/cs1531/.local/lib/python3.7/site-packages/flask/app.py", line 1499, in dispatch_request
    return self.ensure_sync(self.view_functions[rule.endpoint])(**req.view_args)
  File "/tmp_amd/kamen/export/kamen/3/cs1531/project-automarking/tempstore/src/server.py", line 239, in user_profile_setname
    response = user_profile_setname_v1(request_data['token'], request_data['first_names'], request_data['last_names'])
KeyError: 'first_names'

During handling of the above exception, another exception occurred:

Traceback (most recent call last):
  File "/import/kamen/3/cs1531/.local/lib/python3.7/site-packages/flask/app.py", line 2070, in wsgi_app
    response = self.full_dispatch_request()
  File "/import/kamen/3/cs1531/.local/lib/python3.7/site-packages/flask/app.py", line 1515, in full_dispatch_request
    rv = self.handle_user_exception(e)
  File "/import/kamen/3/cs1531/.local/lib/python3.7/site-packages/flask_cors/extension.py", line 165, in wrapped_function
    return cors_after_request(app.make_response(f(*args, **kwargs)))
  File "/import/kamen/3/cs1531/.local/lib/python3.7/site-packages/flask/app.py", line 1390, in handle_user_exception
    return self.ensure_sync(handler)(e)
  File "/tmp_amd/kamen/export/kamen/3/cs1531/project-automarking/tempstore/src/server.py", line 40, in defaultHandler
    response = err.get_response()
AttributeError: 'KeyError' object has no attribute 'get_response'
127.0.0.1 - - [25/Oct/2021 14:47:31] "PUT /user/profile/setname/v1 HTTP/1.1" 500 -
127.0.0.1 - - [25/Oct/2021 14:47:31] "DELETE /clear/v1 HTTP/1.1" 200 -
127.0.0.1 - - [25/Oct/2021 14:47:31] "POST /auth/register/v2 HTTP/1.1" 200 -
127.0.0.1 - - [25/Oct/2021 14:47:31] "GET /user/profile/v1?token=eyJ0eXAiOiJKV1QiLCJhbGciOiJIUzI1NiJ9.eyJ1c2VyX2lkIjowLCJzZXNzaW9uX2lkIjoxfQ.WpX1_pFyFCRdZx5hWGJ6AbAXuQR6jvGb4DrsBLENmxo&u_id=0 HTTP/1.1" 200 -
127.0.0.1 - - [25/Oct/2021 14:47:31] "POST /auth/logout/v1 HTTP/1.1" 200 -
[2021-10-25 14:47:31,909] ERROR in app: Exception on /user/profile/setname/v1 [PUT]
Traceback (most recent call last):
  File "/import/kamen/3/cs1531/.local/lib/python3.7/site-packages/flask/app.py", line 1513, in full_dispatch_request
    rv = self.dispatch_request()
  File "/import/kamen/3/cs1531/.local/lib/python3.7/site-packages/flask/app.py", line 1499, in dispatch_request
    return self.ensure_sync(self.view_functions[rule.endpoint])(**req.view_args)
  File "/tmp_amd/kamen/export/kamen/3/cs1531/project-automarking/tempstore/src/server.py", line 239, in user_profile_setname
    response = user_profile_setname_v1(request_data['token'], request_data['first_names'], request_data['last_names'])
KeyError: 'first_names'

During handling of the above exception, another exception occurred:

Traceback (most recent call last):
  File "/import/kamen/3/cs1531/.local/lib/python3.7/site-packages/flask/app.py", line 2070, in wsgi_app
    response = self.full_dispatch_request()
  File "/import/kamen/3/cs1531/.local/lib/python3.7/site-packages/flask/app.py", line 1515, in full_dispatch_request
    rv = self.handle_user_exception(e)
  File "/import/kamen/3/cs1531/.local/lib/python3.7/site-packages/flask_cors/extension.py", line 165, in wrapped_function
    return cors_after_request(app.make_response(f(*args, **kwargs)))
  File "/import/kamen/3/cs1531/.local/lib/python3.7/site-packages/flask/app.py", line 1390, in handle_user_exception
    return self.ensure_sync(handler)(e)
  File "/tmp_amd/kamen/export/kamen/3/cs1531/project-automarking/tempstore/src/server.py", line 40, in defaultHandler
    response = err.get_response()
AttributeError: 'KeyError' object has no attribute 'get_response'
127.0.0.1 - - [25/Oct/2021 14:47:31] "PUT /user/profile/setname/v1 HTTP/1.1" 500 -
